// Initial random seed:
1829528375682

// RunInitializeCallbacks():
initializeMutationRate(4.6e-08);
initializeMutationType(1, 0.5, "f", 0);
initializeMutationType(2, 0.5, "f", 0);
initializeGenomicElementType(1, m1, 1);
initializeGenomicElement(g1, 0, 9999999);
initializeRecombinationRate(c(1e-06, 0.5, 1e-06), c(4999999, 5000000, 9999999));

// Starting run at generation <start>:
1 

Burnin: Generation   1
Burnin: Generation   2
Burnin: Generation   3
Burnin: Generation   4
Burnin: Generation   5
Burnin: Generation   6
Burnin: Generation   7
Burnin: Generation   8
Burnin: Generation   9
Burnin: Generation  10
Burnin: Generation  11
Burnin: Generation  12
Burnin: Generation  13
Burnin: Generation  14
Burnin: Generation  15
Burnin: Generation  16
Burnin: Generation  17
Burnin: Generation  18
Burnin: Generation  19
Burnin: Generation  20
Burnin: Generation  21
Burnin: Generation  22
Burnin: Generation  23
Burnin: Generation  24
Burnin: Generation  25
Burnin: Generation  26
Burnin: Generation  27
Burnin: Generation  28
Burnin: Generation  29
Burnin: Generation  30
Burnin: Generation  31
Burnin: Generation  32
Burnin: Generation  33
Burnin: Generation  34
Burnin: Generation  35
Burnin: Generation  36
Burnin: Generation  37
Burnin: Generation  38
Burnin: Generation  39
Burnin: Generation  40
Burnin: Generation  41
Burnin: Generation  42
Burnin: Generation  43
Burnin: Generation  44
Burnin: Generation  45
Burnin: Generation  46
Burnin: Generation  47
Burnin: Generation  48
Burnin: Generation  49
Burnin: Generation  50
Generation  50: 999 --    0 I-    1 II 
Generation 100:  31 --  275 I-  694 II 
Generation 150:  43 --  339 I-  618 II 
Generation 200:  36 --  323 I-  641 II 
Generation 250:  30 --  329 I-  641 II 
Generation 300:  48 --  332 I-  620 II 
Generation 350:  24 --  308 I-  668 II 
Generation 400:  43 --  297 I-  660 II 
Generation 450:  24 --  295 I-  681 II 
Generation 500:  51 --  347 I-  602 II 
Generation 550:  21 --  249 I-  730 II 
Generation 600:  30 --  299 I-  671 II 
Generation 650:  25 --  291 I-  684 II 
Generation 700:   8 --  209 I-  783 II 
Generation 750:  15 --  231 I-  754 II 
Generation 800:  38 --  285 I-  677 II 
Generation 850:  57 --  342 I-  601 II 
Generation 900:  33 --  327 I-  640 II 
Generation 950:  34 --  295 I-  671 II 
Generation1000:  34 --  316 I-  650 II 
Generation1050:  33 --  315 I-  652 II 
