// Initial random seed:
1825008334940

// RunInitializeCallbacks():
initializeMutationRate(4.6e-08);
initializeMutationType(1, 0.5, "f", 0);
initializeMutationType(2, 0.5, "f", 0);
initializeGenomicElementType(1, m1, 1);
initializeGenomicElement(g1, 0, 9999999);
initializeRecombinationRate(c(1e-06, 0.5, 1e-06), c(4999999, 5000000, 9999999));

// Starting run at generation <start>:
1 

Burnin: Generation   1
Burnin: Generation   2
Burnin: Generation   3
Burnin: Generation   4
Burnin: Generation   5
Burnin: Generation   6
Burnin: Generation   7
Burnin: Generation   8
Burnin: Generation   9
Burnin: Generation  10
Burnin: Generation  11
Burnin: Generation  12
Burnin: Generation  13
Burnin: Generation  14
Burnin: Generation  15
Burnin: Generation  16
Burnin: Generation  17
Burnin: Generation  18
Burnin: Generation  19
Burnin: Generation  20
Burnin: Generation  21
Burnin: Generation  22
Burnin: Generation  23
Burnin: Generation  24
Burnin: Generation  25
Burnin: Generation  26
Burnin: Generation  27
Burnin: Generation  28
Burnin: Generation  29
Burnin: Generation  30
Burnin: Generation  31
Burnin: Generation  32
Burnin: Generation  33
Burnin: Generation  34
Burnin: Generation  35
Burnin: Generation  36
Burnin: Generation  37
Burnin: Generation  38
Burnin: Generation  39
Burnin: Generation  40
Burnin: Generation  41
Burnin: Generation  42
Burnin: Generation  43
Burnin: Generation  44
Burnin: Generation  45
Burnin: Generation  46
Burnin: Generation  47
Burnin: Generation  48
Burnin: Generation  49
Burnin: Generation  50
Generation  50: 999 --    0 I-    1 II 
Generation 100: 661 --  309 I-   30 II 
Generation 150: 669 --  289 I-   42 II 
Generation 200: 634 --  329 I-   37 II 
Generation 250: 634 --  330 I-   36 II 
Generation 300: 634 --  324 I-   42 II 
Generation 350: 643 --  309 I-   48 II 
Generation 400: 626 --  341 I-   33 II 
Generation 450: 647 --  313 I-   40 II 
Generation 500: 629 --  328 I-   43 II 
Generation 550: 613 --  345 I-   42 II 
Generation 600: 639 --  332 I-   29 II 
Generation 650: 654 --  307 I-   39 II 
Generation 700: 655 --  310 I-   35 II 
Generation 750: 688 --  272 I-   40 II 
Generation 800: 675 --  288 I-   37 II 
Generation 850: 643 --  320 I-   37 II 
Generation 900: 615 --  346 I-   39 II 
Generation 950: 670 --  296 I-   34 II 
Generation1000: 640 --  329 I-   31 II 
Generation1050: 655 --  311 I-   34 II 
