// Initial random seed:
1825728362280

// RunInitializeCallbacks():
initializeMutationRate(4.6e-08);
initializeMutationType(1, 0.5, "f", 0);
initializeMutationType(2, 0.5, "f", 0);
initializeGenomicElementType(1, m1, 1);
initializeGenomicElement(g1, 0, 9999999);
initializeRecombinationRate(c(1e-06, 0.5, 1e-06), c(4999999, 5000000, 9999999));

// Starting run at generation <start>:
1 

Burnin: Generation   1
Burnin: Generation   2
Burnin: Generation   3
Burnin: Generation   4
Burnin: Generation   5
Burnin: Generation   6
Burnin: Generation   7
Burnin: Generation   8
Burnin: Generation   9
Burnin: Generation  10
Burnin: Generation  11
Burnin: Generation  12
Burnin: Generation  13
Burnin: Generation  14
Burnin: Generation  15
Burnin: Generation  16
Burnin: Generation  17
Burnin: Generation  18
Burnin: Generation  19
Burnin: Generation  20
Burnin: Generation  21
Burnin: Generation  22
Burnin: Generation  23
Burnin: Generation  24
Burnin: Generation  25
Burnin: Generation  26
Burnin: Generation  27
Burnin: Generation  28
Burnin: Generation  29
Burnin: Generation  30
Burnin: Generation  31
Burnin: Generation  32
Burnin: Generation  33
Burnin: Generation  34
Burnin: Generation  35
Burnin: Generation  36
Burnin: Generation  37
Burnin: Generation  38
Burnin: Generation  39
Burnin: Generation  40
Burnin: Generation  41
Burnin: Generation  42
Burnin: Generation  43
Burnin: Generation  44
Burnin: Generation  45
Burnin: Generation  46
Burnin: Generation  47
Burnin: Generation  48
Burnin: Generation  49
Burnin: Generation  50
Generation  50: 999 --    0 I-    1 II 
Generation 100:  39 --  332 I-  629 II 
Generation 150:  30 --  259 I-  711 II 
Generation 200:  41 --  357 I-  602 II 
Generation 250:  31 --  291 I-  678 II 
Generation 300:  43 --  263 I-  694 II 
Generation 350:  37 --  297 I-  666 II 
Generation 400:  31 --  303 I-  666 II 
Generation 450:  26 --  314 I-  660 II 
Generation 500:  57 --  339 I-  604 II 
Generation 550:  31 --  258 I-  711 II 
Generation 600:  30 --  292 I-  678 II 
Generation 650:  29 --  327 I-  644 II 
Generation 700:  55 --  349 I-  596 II 
Generation 750:  22 --  247 I-  731 II 
Generation 800:  26 --  245 I-  729 II 
Generation 850:  17 --  249 I-  734 II 
Generation 900:  38 --  327 I-  635 II 
Generation 950:  30 --  271 I-  699 II 
Generation1000:  26 --  314 I-  660 II 
Generation1050:  41 --  265 I-  694 II 
