// Initial random seed:
1796632002932

// RunInitializeCallbacks():
initializeMutationRate(1e-07);
initializeMutationType(0, 0.5, "f", 0);
initializeMutationType(1, 0.5, "f", -0.02);
initializeMutationType(2, -0.5, "f", -0.05);
initializeGenomicElementType(1, c(m0, m1), c(0, 1));
initializeGenomicElement(g1, 0, 499999);
initializeRecombinationRate(1e-06, 499999);

// Starting run at generation <start>:
1 

generation NN NI II
4000 999 0 1
4001 998 2 0
4002 997 3 0
4003 995 5 0
4004 996 4 0
4005 996 4 0
4006 997 3 0
4007 996 4 0
4008 994 6 0
4009 994 6 0
4010 994 6 0
4011 992 8 0
4012 994 6 0
4013 990 10 0
4014 987 12 1
4015 994 6 0
4016 994 6 0
4017 995 5 0
4018 995 5 0
4019 997 3 0
4020 995 5 0
4021 992 8 0
4022 990 10 0
4023 988 12 0
4024 990 10 0
4025 995 5 0
4026 995 5 0
4027 993 7 0
4028 994 6 0
4029 995 5 0
4030 996 4 0
4031 995 5 0
4032 994 6 0
4033 996 4 0
4034 998 2 0
4035 997 3 0
4036 999 1 0
4037 1000 0 0
