// Initial random seed:
1699735806928

// RunInitializeCallbacks():
initializeMutationRate(1e-07);
initializeMutationType(0, 0.5, "f", 0);
initializeMutationType(1, 0.5, "f", -0.02);
initializeMutationType(2, 0.5, "f", 0);
initializeGenomicElementType(1, c(m0, m1), c(0, 1));
initializeGenomicElement(g1, 0, 499999);
initializeRecombinationRate(1e-06, 499999);

// Starting run at generation <start>:
1 

generation NN NI II
4000 999 0 1
4001 996 4 0
4002 996 4 0
4003 996 4 0
4004 996 4 0
4005 999 1 0
4006 999 1 0
4007 999 1 0
4008 999 1 0
4009 1000 0 0
