// Initial random seed:
1796611994568

// RunInitializeCallbacks():
initializeMutationRate(1e-07);
initializeMutationType(0, 0.5, "f", 0);
initializeMutationType(1, 0.5, "f", -0.02);
initializeMutationType(2, 0.5, "f", 0);
initializeGenomicElementType(1, c(m0, m1), c(0, 1));
initializeGenomicElement(g1, 0, 499999);
initializeRecombinationRate(1e-06, 499999);

// Starting run at generation <start>:
1 

generation NN NI II
4000 999 0 1
4001 998 2 0
4002 996 4 0
4003 997 3 0
4004 998 2 0
4005 995 5 0
4006 995 5 0
4007 997 3 0
4008 996 4 0
4009 997 3 0
4010 995 5 0
4011 994 6 0
4012 997 3 0
4013 997 3 0
4014 994 6 0
4015 997 3 0
4016 998 2 0
4017 1000 0 0
