// Initial random seed:
1674042143132

// RunInitializeCallbacks():
initializeMutationRate(1e-07);
initializeMutationType(0, 0.5, "f", 0);
initializeMutationType(1, 0.5, "f", -0.02);
initializeMutationType(2, -0.5, "f", -0.05);
initializeGenomicElementType(1, c(m0, m1), c(0, 1));
initializeGenomicElement(g1, 0, 499999);
initializeRecombinationRate(1e-06, 499999);

// Starting run at generation <start>:
1 

generation NN NI II
4000 999 0 1
4001 997 3 0
4002 996 4 0
4003 998 2 0
4004 998 2 0
4005 997 3 0
4006 994 6 0
4007 995 5 0
4008 997 3 0
4009 998 2 0
4010 998 2 0
4011 997 3 0
4012 995 5 0
4013 996 4 0
4014 997 3 0
4015 998 2 0
4016 1000 0 0
