// Initial random seed:
1699725800229

// RunInitializeCallbacks():
initializeMutationRate(1e-07);
initializeMutationType(0, 0.5, "f", 0);
initializeMutationType(1, 0.5, "f", -0.02);
initializeMutationType(2, 0.5, "f", 0);
initializeGenomicElementType(1, c(m0, m1), c(0, 1));
initializeGenomicElement(g1, 0, 499999);
initializeRecombinationRate(1e-06, 499999);

// Starting run at generation <start>:
1 

generation NN NI II
4000 999 0 1
4001 999 1 0
4002 998 2 0
4003 999 1 0
4004 998 2 0
4005 995 5 0
4006 994 6 0
4007 998 2 0
4008 995 5 0
4009 993 7 0
4010 996 4 0
4011 999 1 0
4012 998 2 0
4013 999 1 0
4014 999 1 0
4015 997 3 0
4016 997 3 0
4017 996 4 0
4018 997 3 0
4019 995 5 0
4020 995 5 0
4021 998 2 0
4022 998 2 0
4023 1000 0 0
