// Initial random seed:
1796662011201

// RunInitializeCallbacks():
initializeMutationRate(1e-07);
initializeMutationType(0, 0.5, "f", 0);
initializeMutationType(1, 0.5, "f", -0.02);
initializeMutationType(2, 0.5, "f", 0);
initializeGenomicElementType(1, c(m0, m1), c(0, 1));
initializeGenomicElement(g1, 0, 499999);
initializeRecombinationRate(1e-06, 499999);

// Starting run at generation <start>:
1 

generation NN NI II
4000 999 0 1
4001 996 4 0
4002 996 4 0
4003 994 6 0
4004 995 5 0
4005 994 6 0
4006 997 3 0
4007 997 3 0
4008 996 4 0
4009 996 4 0
4010 993 7 0
4011 997 3 0
4012 994 6 0
4013 993 7 0
4014 989 11 0
4015 988 12 0
4016 994 6 0
4017 997 3 0
4018 995 5 0
4019 995 5 0
4020 992 8 0
4021 992 8 0
4022 994 6 0
4023 996 4 0
4024 995 5 0
4025 994 6 0
4026 997 3 0
4027 996 4 0
4028 997 3 0
4029 997 3 0
4030 998 2 0
4031 998 2 0
4032 999 1 0
4033 998 2 0
4034 998 2 0
4035 1000 0 0
