// Initial random seed:
1822295733972

// RunInitializeCallbacks():
initializeMutationRate(1e-07);
initializeMutationType(0, 0.5, "f", 0);
initializeMutationType(1, 0.5, "f", -0.02);
initializeMutationType(2, 0.5, "f", 0);
initializeGenomicElementType(1, c(m0, m1), c(0.8, 0.2));
initializeGenomicElement(g1, 0, 499999);
initializeRecombinationRate(1e-06, 499999);

// Starting run at generation <start>:
1 

generation NN NI II
4000 999 0 1
4001 998 2 0
4002 999 1 0
4003 998 2 0
4004 999 1 0
4005 998 2 0
4006 997 3 0
4007 996 4 0
4008 999 1 0
4009 998 2 0
4010 998 2 0
4011 995 5 0
4012 996 4 0
4013 995 5 0
4014 999 1 0
4015 999 1 0
4016 999 1 0
4017 1000 0 0
