// Initial random seed:
1684245798899

// RunInitializeCallbacks():
initializeMutationRate(1e-07);
initializeMutationType(0, 0.5, "f", 0);
initializeMutationType(1, 0.5, "f", -0.02);
initializeMutationType(2, 0.5, "f", 0);
initializeGenomicElementType(1, c(m0, m1), c(0.8, 0.2));
initializeGenomicElement(g1, 0, 499999);
initializeRecombinationRate(1e-06, 499999);

// Starting run at generation <start>:
1 

generation NN NI II
4000 999 0 1
4001 996 4 0
4002 994 6 0
4003 995 5 0
4004 995 5 0
4005 994 6 0
4006 988 12 0
4007 992 8 0
4008 988 12 0
4009 984 16 0
4010 985 15 0
4011 983 17 0
4012 989 11 0
4013 987 13 0
4014 987 13 0
4015 981 19 0
4016 979 21 0
4017 987 13 0
4018 990 10 0
4019 988 12 0
4020 990 10 0
4021 993 7 0
4022 991 9 0
4023 991 9 0
4024 991 9 0
4025 993 7 0
4026 992 8 0
4027 995 5 0
4028 995 5 0
4029 997 3 0
4030 995 5 0
4031 997 3 0
4032 995 5 0
4033 998 2 0
4034 996 4 0
4035 996 4 0
4036 996 4 0
4037 998 2 0
4038 998 2 0
4039 999 1 0
4040 999 1 0
4041 999 1 0
4042 1000 0 0
