// Initial random seed:
1806945769076

// RunInitializeCallbacks():
initializeMutationRate(1e-07);
initializeMutationType(0, 0.5, "f", 0);
initializeMutationType(1, 0.5, "f", -0.02);
initializeMutationType(2, 0.5, "f", 0);
initializeGenomicElementType(1, c(m0, m1), c(0.8, 0.2));
initializeGenomicElement(g1, 0, 499999);
initializeRecombinationRate(1e-06, 499999);

// Starting run at generation <start>:
1 

generation NN NI II
4000 999 0 1
4001 998 2 0
4002 999 1 0
4003 999 1 0
4004 999 1 0
4005 997 3 0
4006 999 1 0
4007 999 1 0
4008 999 1 0
4009 998 2 0
4010 997 3 0
4011 994 6 0
4012 993 7 0
4013 998 2 0
4014 999 1 0
4015 999 1 0
4016 998 2 0
4017 998 2 0
4018 997 3 0
4019 996 4 0
4020 994 6 0
4021 993 7 0
4022 994 6 0
4023 997 3 0
4024 995 5 0
4025 996 4 0
4026 992 8 0
4027 988 12 0
4028 986 14 0
4029 991 9 0
4030 994 6 0
4031 993 7 0
4032 990 10 0
4033 995 5 0
4034 996 4 0
4035 997 3 0
4036 997 3 0
4037 998 2 0
4038 999 1 0
4039 999 1 0
4040 999 1 0
4041 999 1 0
4042 1000 0 0
