// Initial random seed:
1673461981387

// RunInitializeCallbacks():
initializeMutationRate(1e-07);
initializeMutationType(0, 0.5, "f", 0);
initializeMutationType(1, 0.5, "f", -0.02);
initializeMutationType(2, 0.5, "f", 0);
initializeGenomicElementType(1, c(m0, m1), c(0.8, 0.2));
initializeGenomicElement(g1, 0, 499999);
initializeRecombinationRate(1e-06, 499999);

// Starting run at generation <start>:
1 

generation NN NI II
4000 999 0 1
4001 998 2 0
4002 997 3 0
4003 994 6 0
4004 993 7 0
4005 997 3 0
4006 994 6 0
4007 997 3 0
4008 999 1 0
4009 999 1 0
4010 999 1 0
4011 998 2 0
4012 995 5 0
4013 994 6 0
4014 995 5 0
4015 997 3 0
4016 997 3 0
4017 998 2 0
4018 999 1 0
4019 1000 0 0
