// Initial random seed:
1822975837011

// RunInitializeCallbacks():
initializeMutationRate(1e-07);
initializeMutationType(0, 0.5, "f", 0);
initializeMutationType(1, 0.5, "f", -0.02);
initializeMutationType(2, 0.5, "f", 0);
initializeGenomicElementType(1, c(m0, m1), c(0.8, 0.2));
initializeGenomicElement(g1, 0, 499999);
initializeRecombinationRate(1e-06, 499999);

// Starting run at generation <start>:
1 

generation NN NI II
4000 999 0 1
4001 995 5 0
4002 993 7 0
4003 992 8 0
4004 992 8 0
4005 992 8 0
4006 993 7 0
4007 991 9 0
4008 995 5 0
4009 993 7 0
4010 994 6 0
4011 993 7 0
4012 989 11 0
4013 989 11 0
4014 987 13 0
4015 983 17 0
4016 983 17 0
4017 981 19 0
4018 981 19 0
4019 981 18 1
4020 978 22 0
4021 975 25 0
4022 979 21 0
4023 979 21 0
4024 985 15 0
4025 989 11 0
4026 991 9 0
4027 994 6 0
4028 991 9 0
4029 990 10 0
4030 991 8 1
4031 989 11 0
4032 990 10 0
4033 989 11 0
4034 994 6 0
4035 996 4 0
4036 996 4 0
4037 997 3 0
4038 999 1 0
4039 999 1 0
4040 999 1 0
4041 1000 0 0
