// Initial random seed:
1822285733972

// RunInitializeCallbacks():
initializeMutationRate(1e-07);
initializeMutationType(0, 0.5, "f", 0);
initializeMutationType(1, 0.5, "f", -0.02);
initializeMutationType(2, 0.5, "f", 0);
initializeGenomicElementType(1, c(m0, m1), c(0.8, 0.2));
initializeGenomicElement(g1, 0, 499999);
initializeRecombinationRate(1e-06, 499999);

// Starting run at generation <start>:
1 

generation NN NI II
4000 999 0 1
4001 997 3 0
4002 997 3 0
4003 992 8 0
4004 995 5 0
4005 992 8 0
4006 993 7 0
4007 994 6 0
4008 991 9 0
4009 995 5 0
4010 997 3 0
4011 998 2 0
4012 999 1 0
4013 999 1 0
4014 999 1 0
4015 998 2 0
4016 999 1 0
4017 999 1 0
4018 999 1 0
4019 999 1 0
4020 1000 0 0
