// Initial random seed:
1806765729269

// RunInitializeCallbacks():
initializeMutationRate(1e-07);
initializeMutationType(0, 0.5, "f", 0);
initializeMutationType(1, 0.5, "f", -0.02);
initializeMutationType(2, 0.5, "f", 0);
initializeGenomicElementType(1, c(m0, m1), c(1, 0));
initializeGenomicElement(g1, 0, 499999);
initializeRecombinationRate(1e-06, 499999);

// Starting run at generation <start>:
1 

generation NN NI II
4000 999 0 1
4001 995 5 0
4002 996 4 0
4003 993 7 0
4004 995 5 0
4005 996 4 0
4006 996 4 0
4007 989 11 0
4008 988 12 0
4009 990 10 0
4010 994 6 0
4011 995 5 0
4012 997 3 0
4013 998 2 0
4014 998 2 0
4015 1000 0 0
