// Initial random seed:
1699355702440

// RunInitializeCallbacks():
initializeMutationRate(1e-07);
initializeMutationType(0, 0.5, "f", 0);
initializeMutationType(1, 0.5, "f", -0.02);
initializeMutationType(2, 0.5, "f", 0);
initializeGenomicElementType(1, c(m0, m1), c(1, 0));
initializeGenomicElement(g1, 0, 499999);
initializeRecombinationRate(1e-06, 499999);

// Starting run at generation <start>:
1 

generation NN NI II
4000 999 0 1
4001 997 3 0
4002 993 7 0
4003 996 4 0
4004 996 4 0
4005 997 3 0
4006 994 6 0
4007 994 6 0
4008 995 5 0
4009 992 8 0
4010 995 5 0
4011 991 9 0
4012 993 7 0
4013 991 9 0
4014 996 4 0
4015 997 3 0
4016 992 8 0
4017 993 7 0
4018 994 6 0
4019 988 12 0
4020 993 7 0
4021 991 9 0
4022 994 6 0
4023 995 5 0
4024 996 4 0
4025 996 4 0
4026 999 1 0
4027 1000 0 0
