// Initial random seed:
1683965715577

// RunInitializeCallbacks():
initializeMutationRate(1e-07);
initializeMutationType(0, 0.5, "f", 0);
initializeMutationType(1, 0.5, "f", -0.02);
initializeMutationType(2, -0.5, "f", -0.05);
initializeGenomicElementType(1, c(m0, m1), c(1, 0));
initializeGenomicElement(g1, 0, 499999);
initializeRecombinationRate(1e-06, 499999);

// Starting run at generation <start>:
1 

generation NN NI II
4000 999 0 1
4001 997 3 0
4002 997 3 0
4003 996 4 0
4004 992 8 0
4005 990 10 0
4006 984 16 0
4007 982 17 1
4008 981 19 0
4009 983 17 0
4010 982 18 0
4011 981 19 0
4012 978 22 0
4013 979 20 1
4014 970 30 0
4015 970 30 0
4016 968 32 0
4017 966 34 0
4018 968 32 0
4019 971 29 0
4020 970 30 0
4021 971 29 0
4022 978 22 0
4023 971 29 0
4024 972 28 0
4025 964 36 0
4026 957 42 1
4027 942 58 0
4028 930 70 0
4029 924 73 3
4030 924 73 3
4031 911 87 2
4032 916 81 3
4033 922 76 2
4034 919 79 2
4035 907 89 4
4036 907 91 2
4037 897 101 2
4038 885 112 3
4039 878 120 2
4040 880 117 3
4041 880 116 4
4042 852 141 7
4043 863 135 2
4044 876 118 6
4045 868 128 4
4046 878 117 5
4047 892 103 5
4048 888 107 5
4049 909 87 4
4050 902 95 3
4051 900 96 4
4052 903 96 1
4053 901 96 3
4054 912 85 3
4055 912 86 2
4056 892 105 3
4057 881 119 0
4058 883 114 3
4059 885 111 4
4060 878 118 4
4061 869 124 7
4062 869 122 9
4063 843 149 8
4064 841 155 4
4065 857 136 7
4066 858 140 2
4067 870 127 3
4068 879 119 2
4069 877 121 2
4070 876 122 2
4071 878 118 4
4072 866 129 5
4073 878 119 3
4074 874 121 5
4075 860 134 6
4076 868 123 9
4077 872 125 3
4078 868 124 8
4079 871 126 3
4080 863 135 2
4081 873 124 3
4082 868 127 5
4083 888 107 5
4084 883 113 4
4085 884 113 3
4086 886 110 4
4087 894 102 4
4088 910 89 1
4089 911 88 1
4090 909 90 1
4091 904 94 2
4092 911 86 3
4093 909 90 1
4094 918 79 3
4095 926 72 2
4096 915 81 4
4097 908 88 4
4098 907 92 1
4099 895 99 6
4100 897 100 3
4101 908 91 1
4102 894 104 2
4103 894 104 2
4104 891 104 5
4105 892 105 3
4106 885 112 3
4107 876 120 4
4108 879 118 3
4109 881 112 7
4110 879 117 4
4111 879 117 4
4112 877 120 3
4113 874 121 5
4114 864 129 7
4115 857 140 3
4116 848 146 6
4117 852 142 6
4118 836 158 6
4119 843 151 6
4120 850 147 3
4121 855 141 4
4122 861 132 7
4123 858 139 3
4124 849 142 9
4125 855 143 2
4126 869 127 4
4127 854 141 5
4128 843 149 8
4129 840 148 12
4130 834 156 10
4131 814 177 9
4132 818 172 10
4133 807 182 11
4134 813 177 10
4135 798 192 10
4136 797 188 15
4137 798 190 12
4138 777 215 8
4139 794 197 9
4140 806 185 9
4141 790 198 12
4142 815 175 10
4143 795 201 4
4144 791 198 11
4145 784 202 14
4146 800 191 9
4147 793 195 12
4148 800 183 17
4149 793 196 11
4150 785 205 10
4151 767 220 13
4152 787 201 12
4153 808 182 10
4154 796 194 10
4155 792 192 16
4156 770 219 11
4157 767 222 11
4158 761 219 20
4159 760 221 19
4160 756 230 14
4161 763 223 14
4162 751 229 20
4163 738 245 17
4164 748 229 23
4165 727 252 21
4166 730 254 16
4167 739 238 23
4168 723 256 21
4169 739 232 29
4170 699 287 14
4171 707 267 26
4172 709 264 27
4173 704 274 22
4174 699 276 25
4175 701 269 30
4176 685 276 39
4177 669 302 29
4178 676 298 26
4179 692 278 30
4180 695 281 24
4181 674 298 28
4182 676 291 33
4183 693 280 27
4184 676 297 27
4185 698 273 29
4186 697 271 32
4187 673 305 22
4188 679 287 34
4189 686 287 27
4190 698 277 25
4191 706 267 27
4192 725 249 26
4193 747 226 27
4194 727 258 15
4195 726 255 19
4196 701 271 28
4197 710 265 25
4198 695 289 16
4199 680 290 30
4200 688 284 28
4201 676 293 31
4202 676 295 29
4203 685 280 35
4204 693 281 26
4205 694 284 22
4206 693 281 26
4207 700 262 38
4208 665 295 40
4209 645 322 33
4210 630 335 35
4211 642 321 37
4212 634 332 34
4213 661 303 36
4214 666 286 48
4215 659 299 42
4216 649 309 42
4217 660 298 42
4218 654 305 41
4219 643 320 37
4220 661 304 35
4221 672 302 26
4222 677 289 34
4223 679 286 35
4224 695 276 29
4225 692 279 29
4226 691 276 33
4227 690 287 23
4228 703 272 25
4229 708 259 33
4230 709 268 23
4231 709 263 28
4232 709 257 34
4233 697 274 29
4234 680 304 16
4235 691 286 23
4236 689 281 30
4237 666 304 30
4238 679 284 37
4239 667 289 44
4240 658 303 39
4241 652 315 33
4242 632 325 43
4243 663 299 38
4244 664 294 42
4245 652 319 29
4246 669 301 30
4247 652 326 22
4248 670 299 31
4249 671 304 25
4250 670 293 37
4251 684 283 33
4252 691 272 37
4253 679 293 28
4254 673 289 38
4255 655 321 24
4256 663 292 45
4257 657 307 36
4258 639 323 38
4259 616 329 55
4260 599 352 49
4261 610 345 45
4262 613 341 46
4263 616 328 56
4264 631 323 46
4265 605 342 53
4266 578 362 60
4267 602 343 55
4268 615 328 57
4269 618 335 47
4270 638 316 46
4271 623 338 39
4272 622 324 54
4273 642 314 44
4274 626 330 44
4275 610 329 61
4276 606 343 51
4277 636 303 61
4278 618 345 37
4279 614 346 40
4280 625 333 42
4281 624 318 58
4282 631 329 40
4283 649 313 38
4284 636 323 41
4285 628 329 43
4286 626 328 46
4287 610 339 51
4288 597 340 63
4289 610 353 37
4290 634 319 47
4291 608 347 45
4292 627 318 55
4293 586 364 50
4294 570 376 54
4295 576 369 55
4296 602 346 52
4297 590 351 59
4298 590 349 61
4299 562 378 60
4300 547 399 54
4301 559 366 75
4302 549 370 81
4303 535 394 71
4304 546 381 73
4305 547 387 66
4306 552 385 63
4307 543 397 60
4308 516 413 71
4309 524 402 74
4310 524 400 76
4311 498 435 67
4312 516 383 101
4313 489 411 100
4314 482 430 88
4315 480 441 79
4316 487 413 100
4317 465 443 92
4318 481 422 97
4319 473 423 104
4320 493 424 83
4321 524 398 78
4322 503 416 81
4323 497 409 94
4324 497 395 108
4325 478 438 84
4326 475 436 89
4327 478 414 108
4328 477 446 77
4329 512 411 77
4330 493 419 88
4331 495 415 90
4332 515 405 80
4333 521 393 86
4334 524 413 63
4335 558 387 55
4336 535 391 74
4337 544 374 82
4338 524 408 68
4339 530 387 83
4340 534 385 81
4341 522 415 63
4342 548 371 81
4343 534 407 59
4344 546 390 64
4345 554 374 72
4346 542 390 68
4347 550 395 55
4348 581 359 60
4349 586 348 66
4350 550 401 49
4351 516 414 70
4352 520 407 73
4353 518 408 74
4354 512 411 77
4355 486 412 102
4356 473 433 94
4357 494 423 83
4358 469 444 87
4359 483 425 92
4360 497 414 89
4361 504 405 91
4362 508 417 75
4363 514 403 83
4364 499 405 96
4365 495 400 105
4366 501 414 85
4367 516 403 81
4368 521 389 90
4369 500 419 81
4370 540 385 75
4371 519 391 90
4372 510 410 80
4373 515 406 79
4374 552 387 61
4375 555 378 67
4376 570 354 76
4377 584 364 52
4378 590 358 52
4379 562 387 51
4380 577 363 60
4381 587 363 50
4382 583 371 46
4383 591 370 39
4384 581 372 47
4385 597 356 47
4386 609 347 44
4387 621 321 58
4388 611 343 46
4389 600 338 62
4390 570 372 58
4391 586 353 61
4392 593 354 53
4393 601 352 47
4394 622 336 42
4395 655 305 40
4396 669 304 27
4397 677 292 31
4398 687 276 37
4399 679 292 29
4400 665 311 24
4401 675 299 26
4402 693 280 27
4403 701 272 27
4404 696 282 22
4405 685 289 26
4406 697 276 27
4407 711 264 25
4408 712 265 23
4409 704 276 20
4410 707 266 27
4411 711 261 28
4412 730 249 21
4413 730 256 14
4414 732 250 18
4415 736 240 24
4416 718 265 17
4417 723 249 28
4418 722 260 18
4419 736 246 18
4420 752 226 22
4421 721 251 28
4422 719 251 30
4423 706 274 20
4424 746 229 25
4425 745 233 22
4426 737 241 22
4427 708 270 22
4428 688 285 27
4429 685 285 30
4430 683 288 29
4431 686 283 31
4432 695 281 24
4433 688 283 29
4434 702 269 29
4435 705 264 31
4436 700 267 33
4437 713 263 24
4438 726 249 25
4439 725 251 24
4440 705 263 32
4441 716 261 23
4442 704 279 17
4443 706 264 30
4444 688 279 33
4445 699 271 30
4446 710 263 27
4447 731 242 27
4448 735 243 22
4449 750 233 17
4450 735 245 20
4451 723 260 17
4452 726 245 29
4453 715 262 23
4454 701 269 30
4455 701 277 22
4456 697 285 18
4457 743 239 18
4458 728 247 25
4459 729 252 19
4460 741 242 17
4461 722 260 18
4462 732 245 23
4463 732 246 22
4464 730 246 24
4465 723 259 18
4466 733 248 19
4467 740 239 21
4468 716 264 20
4469 732 238 30
4470 711 261 28
4471 704 265 31
4472 723 254 23
4473 712 273 15
4474 739 238 23
4475 744 232 24
4476 733 244 23
4477 727 256 17
4478 713 262 25
4479 724 258 18
4480 703 270 27
4481 706 270 24
4482 700 268 32
4483 704 270 26
4484 707 276 17
4485 698 273 29
4486 683 291 26
4487 691 277 32
4488 677 295 28
4489 659 307 34
4490 649 317 34
4491 651 304 45
4492 639 325 36
4493 640 330 30
4494 700 262 38
4495 680 293 27
4496 690 273 37
4497 668 295 37
4498 679 286 35
4499 680 288 32
4500 686 281 33
4501 673 300 27
4502 676 285 39
4503 690 270 40
4504 682 276 42
4505 707 269 24
4506 714 264 22
4507 696 279 25
4508 694 280 26
4509 686 284 30
4510 682 290 28
4511 678 292 30
4512 658 312 30
4513 677 287 36
4514 672 298 30
4515 652 313 35
4516 660 312 28
4517 672 291 37
4518 680 295 25
4519 667 295 38
4520 665 308 27
4521 668 306 26
4522 684 290 26
4523 675 295 30
4524 700 278 22
4525 690 281 29
4526 708 265 27
4527 714 255 31
4528 720 253 27
4529 724 253 23
4530 703 277 20
4531 691 280 29
4532 680 296 24
4533 681 299 20
4534 656 306 38
4535 655 323 22
4536 690 272 38
4537 671 303 26
4538 703 272 25
4539 673 301 26
4540 684 282 34
4541 693 278 29
4542 689 278 33
4543 685 287 28
4544 676 299 25
4545 668 304 28
4546 672 298 30
4547 669 300 31
4548 683 291 26
4549 661 310 29
4550 670 295 35
4551 682 289 29
4552 711 251 38
4553 691 286 23
4554 674 299 27
4555 647 318 35
4556 628 333 39
4557 604 352 44
4558 621 333 46
4559 612 342 46
4560 598 351 51
4561 566 360 74
4562 530 409 61
4563 532 401 67
4564 548 373 79
4565 544 389 67
4566 531 390 79
4567 544 371 85
4568 539 392 69
4569 536 389 75
4570 543 397 60
4571 567 360 73
4572 560 371 69
4573 571 366 63
4574 547 383 70
4575 522 398 80
4576 520 395 85
4577 528 389 83
4578 527 401 72
4579 540 399 61
4580 545 384 71
4581 548 377 75
4582 530 392 78
4583 492 443 65
4584 525 393 82
4585 519 413 68
4586 519 393 88
4587 508 406 86
4588 514 412 74
4589 513 402 85
4590 514 401 85
4591 514 396 90
4592 519 392 89
4593 512 410 78
4594 526 391 83
4595 530 388 82
4596 541 360 99
4597 505 422 73
4598 495 435 70
4599 506 423 71
4600 533 377 90
4601 542 385 73
4602 546 375 79
4603 550 378 72
4604 532 402 66
4605 554 380 66
4606 537 394 69
4607 554 368 78
4608 554 369 77
4609 552 384 64
4610 568 362 70
4611 555 379 66
4612 578 350 72
4613 563 373 64
4614 556 376 68
4615 537 396 67
4616 562 383 55
4617 574 358 68
4618 547 387 66
4619 532 392 76
4620 544 383 73
4621 545 389 66
4622 555 380 65
4623 551 391 58
4624 552 379 69
4625 525 413 62
4626 540 391 69
4627 539 405 56
4628 557 375 68
4629 563 353 84
4630 530 392 78
4631 512 424 64
4632 527 387 86
4633 535 385 80
4634 536 388 76
4635 522 404 74
4636 525 408 67
4637 556 370 74
4638 548 388 64
4639 551 377 72
4640 579 370 51
4641 570 350 80
4642 574 367 59
4643 595 345 60
4644 582 364 54
4645 585 372 43
4646 578 362 60
4647 581 368 51
4648 569 356 75
4649 587 354 59
4650 593 351 56
4651 591 366 43
4652 592 360 48
4653 632 330 38
4654 650 305 45
4655 645 320 35
4656 644 323 33
4657 643 320 37
4658 650 311 39
4659 641 318 41
4660 642 323 35
4661 674 285 41
4662 683 282 35
4663 682 282 36
4664 673 298 29
4665 657 291 52
4666 654 306 40
4667 638 320 42
4668 636 320 44
4669 617 343 40
4670 606 347 47
4671 604 345 51
4672 580 368 52
4673 566 372 62
4674 555 387 58
4675 532 401 67
4676 538 386 76
4677 535 386 79
4678 542 386 72
4679 528 405 67
4680 543 393 64
4681 524 399 77
4682 532 392 76
4683 539 387 74
4684 534 405 61
4685 541 392 67
4686 539 390 71
4687 545 381 74
4688 541 379 80
4689 527 392 81
4690 508 407 85
4691 514 391 95
4692 532 381 87
4693 533 392 75
4694 518 403 79
4695 524 401 75
4696 535 397 68
4697 540 386 74
4698 560 376 64
4699 558 387 55
4700 559 384 57
4701 567 357 76
4702 540 395 65
4703 528 405 67
4704 511 412 77
4705 529 393 78
4706 526 397 77
4707 522 405 73
4708 525 402 73
4709 533 401 66
4710 558 363 79
4711 552 378 70
4712 524 422 54
4713 503 429 68
4714 505 405 90
4715 512 414 74
4716 525 396 79
4717 511 394 95
4718 519 405 76
4719 520 410 70
4720 515 412 73
4721 505 426 69
4722 530 400 70
4723 482 433 85
4724 489 429 82
4725 520 400 80
4726 507 405 88
4727 456 463 81
4728 452 435 113
4729 451 440 109
4730 463 434 103
4731 466 445 89
4732 459 450 91
4733 489 404 107
4734 498 404 98
4735 452 445 103
4736 457 430 113
4737 459 444 97
4738 493 405 102
4739 463 442 95
4740 477 417 106
4741 490 415 95
4742 508 406 86
4743 538 394 68
4744 529 404 67
4745 536 395 69
4746 557 389 54
4747 542 391 67
4748 531 400 69
4749 537 378 85
4750 539 389 72
4751 535 393 72
4752 539 389 72
4753 540 387 73
4754 543 381 76
4755 520 405 75
4756 494 425 81
4757 513 414 73
4758 511 407 82
4759 509 411 80
4760 502 416 82
4761 513 415 72
4762 477 434 89
4763 483 427 90
4764 492 423 85
4765 503 416 81
4766 506 396 98
4767 486 426 88
4768 497 419 84
4769 512 414 74
4770 507 408 85
4771 489 418 93
4772 481 416 103
4773 501 408 91
4774 508 419 73
4775 521 398 81
4776 525 394 81
4777 552 364 84
4778 514 418 68
4779 521 403 76
4780 524 402 74
4781 541 404 55
4782 555 379 66
4783 532 397 71
4784 541 361 98
4785 528 405 67
4786 522 407 71
4787 546 386 68
4788 563 381 56
4789 541 384 75
4790 523 397 80
4791 538 376 86
4792 530 409 61
4793 544 382 74
4794 549 381 70
4795 544 386 70
4796 558 377 65
4797 562 363 75
4798 547 383 70
4799 565 379 56
4800 558 378 64
4801 559 369 72
4802 559 377 64
4803 554 363 83
4804 527 395 78
4805 546 372 82
4806 540 390 70
4807 516 405 79
4808 517 396 87
4809 527 388 85
4810 498 430 72
4811 472 431 97
4812 441 447 112
4813 454 437 109
4814 447 435 118
4815 432 457 111
4816 408 461 131
4817 392 479 129
4818 426 468 106
4819 430 469 101
4820 459 448 93
4821 453 458 89
4822 455 444 101
4823 461 439 100
4824 463 447 90
4825 470 444 86
4826 469 432 99
4827 473 413 114
4828 431 464 105
4829 443 447 110
4830 461 443 96
4831 448 440 112
4832 440 462 98
4833 439 473 88
4834 444 465 91
4835 467 421 112
4836 476 410 114
4837 467 451 82
4838 479 425 96
4839 477 415 108
4840 487 417 96
4841 487 411 102
4842 464 437 99
4843 484 426 90
4844 488 416 96
4845 483 430 87
4846 501 404 95
4847 519 384 97
4848 523 407 70
4849 522 399 79
4850 531 392 77
4851 547 378 75
4852 525 403 72
4853 528 409 63
4854 522 403 75
4855 526 396 78
4856 543 382 75
4857 540 380 80
4858 513 424 63
4859 550 361 89
4860 543 388 69
4861 577 356 67
4862 549 382 69
4863 552 379 69
4864 596 340 64
4865 602 336 62
4866 597 354 49
4867 602 348 50
4868 616 342 42
4869 618 334 48
4870 629 333 38
4871 621 340 39
4872 628 328 44
4873 629 330 41
4874 638 329 33
4875 650 305 45
4876 633 324 43
4877 624 338 38
4878 618 333 49
4879 629 330 41
4880 635 324 41
4881 620 338 42
4882 637 324 39
4883 670 293 37
4884 651 317 32
4885 659 300 41
4886 643 322 35
4887 657 309 34
4888 648 309 43
4889 655 305 40
4890 651 308 41
4891 642 311 47
4892 626 326 48
4893 623 338 39
4894 641 325 34
4895 647 310 43
4896 618 342 40
4897 626 340 34
4898 669 284 47
4899 660 301 39
4900 640 337 23
4901 655 304 41
4902 655 299 46
4903 647 314 39
4904 633 329 38
4905 625 331 44
4906 636 328 36
4907 645 312 43
4908 623 337 40
4909 625 327 48
4910 618 344 38
4911 641 316 43
4912 618 331 51
4913 614 344 42
4914 610 355 35
4915 618 334 48
4916 611 335 54
4917 613 347 40
4918 612 337 51
4919 619 340 41
4920 634 332 34
4921 633 334 33
4922 650 314 36
4923 653 310 37
4924 636 332 32
4925 652 315 33
4926 664 307 29
4927 661 305 34
4928 646 317 37
4929 653 317 30
4930 646 318 36
4931 657 307 36
4932 657 304 39
4933 649 308 43
4934 663 303 34
4935 639 327 34
4936 643 322 35
4937 670 300 30
4938 659 297 44
4939 666 298 36
4940 702 271 27
4941 718 253 29
4942 712 259 29
4943 702 274 24
4944 703 275 22
4945 710 264 26
4946 707 275 18
4947 712 263 25
4948 718 258 24
4949 695 283 22
4950 701 272 27
4951 707 270 23
4952 693 286 21
4953 689 286 25
4954 682 286 32
4955 663 298 39
4956 668 300 32
4957 700 274 26
4958 695 280 25
4959 690 289 21
4960 688 281 31
4961 719 257 24
4962 747 228 25
4963 732 241 27
4964 721 245 34
4965 682 296 22
4966 698 269 33
4967 699 267 34
4968 690 277 33
4969 685 291 24
4970 697 276 27
4971 700 277 23
4972 684 286 30
4973 681 287 32
4974 660 306 34
4975 642 313 45
4976 633 326 41
4977 621 338 41
4978 624 333 43
4979 614 339 47
4980 621 333 46
4981 633 317 50
4982 633 323 44
4983 630 327 43
4984 631 326 43
4985 649 314 37
4986 655 309 36
4987 674 282 44
4988 675 286 39
4989 648 315 37
4990 672 302 26
4991 693 271 36
4992 664 304 32
4993 679 288 33
4994 677 297 26
4995 685 280 35
4996 684 279 37
4997 688 272 40
4998 676 290 34
4999 667 308 25
5000 703 269 28
5001 696 275 29
5002 686 284 30
5003 696 283 21
5004 678 287 35
5005 655 306 39
5006 629 336 35
5007 653 301 46
5008 633 323 44
5009 610 352 38
5010 605 337 58
5011 600 356 44
5012 584 374 42
5013 607 336 57
5014 585 361 54
5015 595 347 58
5016 617 337 46
5017 626 325 49
5018 619 338 43
5019 606 334 60
5020 582 364 54
5021 578 360 62
5022 584 369 47
5023 596 358 46
5024 619 332 49
5025 603 352 45
5026 579 372 49
5027 583 377 40
5028 621 329 50
5029 608 337 55
5030 605 334 61
5031 627 323 50
5032 603 350 47
5033 587 356 57
5034 567 376 57
5035 567 372 61
5036 556 377 67
5037 573 368 59
5038 550 397 53
5039 547 393 60
5040 525 404 71
5041 530 409 61
5042 540 380 80
5043 543 372 85
5044 559 374 67
5045 544 382 74
5046 564 375 61
5047 571 374 55
5048 569 368 63
5049 588 340 72
5050 577 372 51
5051 559 375 66
5052 558 376 66
5053 542 379 79
5054 528 406 66
5055 521 402 77
5056 518 404 78
5057 511 405 84
5058 497 412 91
5059 488 415 97
5060 482 417 101
5061 484 436 80
5062 522 402 76
5063 547 367 86
5064 540 396 64
5065 549 388 63
5066 562 376 62
5067 567 372 61
5068 559 390 51
5069 569 382 49
5070 581 373 46
5071 586 365 49
5072 593 351 56
5073 593 355 52
5074 586 347 67
5075 596 339 65
5076 590 355 55
5077 598 352 50
5078 623 324 53
5079 615 338 47
5080 597 361 42
5081 585 362 53
5082 615 341 44
5083 625 346 29
5084 644 313 43
5085 612 340 48
5086 601 337 62
5087 608 338 54
5088 602 361 37
5089 618 333 49
5090 629 334 37
5091 620 335 45
5092 611 345 44
5093 598 353 49
5094 586 370 44
5095 587 365 48
5096 589 363 48
5097 571 379 50
5098 604 348 48
5099 610 351 39
5100 610 345 45
5101 622 345 33
5102 618 341 41
5103 621 337 42
5104 617 343 40
5105 638 318 44
5106 646 312 42
5107 665 307 28
5108 659 300 41
5109 624 345 31
5110 650 315 35
5111 645 317 38
5112 642 326 32
5113 655 310 35
5114 638 324 38
5115 634 329 37
5116 653 315 32
5117 643 330 27
5118 627 344 29
5119 616 344 40
5120 654 311 35
5121 661 301 38
5122 655 314 31
5123 642 326 32
5124 684 284 32
5125 687 279 34
5126 675 290 35
5127 670 289 41
5128 649 322 29
5129 654 303 43
5130 666 301 33
5131 676 289 35
5132 646 314 40
5133 644 316 40
5134 636 329 35
5135 642 320 38
5136 640 322 38
5137 624 331 45
5138 600 351 49
5139 592 358 50
5140 581 362 57
5141 573 373 54
5142 587 351 62
5143 558 377 65
5144 540 389 71
5145 547 384 69
5146 543 389 68
5147 533 387 80
5148 526 390 84
5149 527 388 85
5150 514 409 77
5151 504 420 76
5152 499 428 73
5153 502 416 82
5154 507 423 70
5155 521 410 69
5156 530 396 74
5157 535 394 71
5158 544 375 81
5159 555 369 76
5160 570 366 64
5161 532 407 61
5162 523 393 84
5163 526 398 76
5164 538 407 55
5165 543 392 65
5166 549 381 70
5167 547 376 77
5168 539 393 68
5169 529 394 77
5170 534 399 67
5171 529 397 74
5172 520 411 69
5173 530 402 68
5174 555 364 81
5175 564 374 62
5176 555 388 57
5177 545 396 59
5178 561 381 58
5179 560 365 75
5180 562 386 52
5181 587 351 62
5182 588 356 56
5183 574 376 50
5184 616 335 49
5185 597 341 62
5186 599 360 41
5187 596 357 47
5188 614 337 49
5189 613 345 42
5190 615 335 50
5191 613 341 46
5192 627 335 38
5193 641 319 40
5194 662 309 29
5195 665 289 46
5196 653 306 41
5197 610 345 45
5198 612 350 38
5199 624 330 46
5200 623 339 38
5201 635 322 43
5202 645 311 44
5203 649 311 40
5204 656 300 44
5205 652 301 47
5206 649 306 45
5207 654 306 40
5208 659 314 27
5209 664 302 34
5210 638 321 41
5211 643 327 30
5212 650 317 33
5213 676 284 40
5214 671 299 30
5215 671 287 42
5216 665 303 32
5217 654 311 35
5218 650 302 48
5219 622 332 46
5220 597 355 48
5221 580 351 69
5222 584 369 47
5223 563 377 60
5224 565 366 69
5225 542 405 53
5226 561 371 68
5227 564 375 61
5228 552 395 53
5229 552 399 49
5230 548 379 73
5231 548 384 68
5232 586 356 58
5233 587 354 59
5234 586 357 57
5235 561 383 56
5236 561 377 62
5237 544 392 64
5238 551 386 63
5239 562 379 59
5240 582 361 57
5241 541 399 60
5242 542 393 65
5243 539 391 70
5244 547 380 73
5245 554 375 71
5246 553 374 73
5247 550 384 66
5248 553 388 59
5249 550 403 47
5250 583 361 56
5251 606 337 57
5252 629 321 50
5253 632 322 46
5254 628 324 48
5255 635 319 46
5256 630 338 32
5257 628 319 53
5258 633 323 44
5259 615 341 44
5260 622 342 36
5261 605 351 44
5262 584 362 54
5263 576 364 60
5264 579 358 63
5265 598 358 44
5266 592 349 59
5267 602 336 62
5268 577 362 61
5269 582 345 73
5270 578 365 57
5271 571 369 60
5272 579 365 56
5273 554 395 51
5274 558 366 76
5275 558 377 65
5276 559 376 65
5277 538 395 67
5278 535 395 70
5279 551 376 73
5280 522 404 74
5281 548 366 86
5282 532 401 67
5283 567 361 72
5284 580 362 58
5285 568 368 64
5286 563 374 63
5287 571 355 74
5288 566 376 58
5289 555 384 61
5290 531 403 66
5291 510 421 69
5292 496 416 88
5293 498 413 89
5294 477 435 88
5295 490 422 88
5296 475 447 78
5297 477 439 84
5298 516 409 75
5299 492 412 96
5300 505 414 81
5301 514 404 82
5302 531 405 64
5303 554 379 67
5304 548 406 46
5305 577 363 60
5306 581 368 51
5307 601 344 55
5308 613 336 51
5309 590 358 52
5310 604 351 45
5311 596 360 44
5312 606 340 54
5313 639 322 39
5314 646 316 38
5315 655 302 43
5316 663 298 39
5317 652 293 55
5318 610 343 47
5319 634 327 39
5320 628 326 46
5321 634 324 42
5322 636 322 42
5323 631 324 45
5324 616 329 55
5325 588 363 49
5326 570 374 56
5327 587 350 63
5328 579 364 57
5329 568 372 60
5330 552 381 67
5331 552 389 59
5332 576 361 63
5333 550 385 65
5334 577 359 64
5335 560 379 61
5336 580 370 50
5337 596 344 60
5338 583 361 56
5339 591 352 57
5340 624 318 58
5341 619 338 43
5342 613 329 58
5343 620 328 52
5344 605 345 50
5345 614 345 41
5346 612 342 46
5347 613 350 37
5348 603 340 57
5349 596 361 43
5350 606 340 54
5351 588 354 58
5352 575 353 72
5353 586 343 71
5354 571 370 59
5355 560 381 59
5356 543 386 71
5357 540 386 74
5358 546 386 68
5359 539 392 69
5360 537 393 70
5361 537 387 76
5362 538 394 68
5363 554 383 63
5364 547 388 65
5365 562 374 64
5366 568 380 52
5367 538 392 70
5368 554 376 70
5369 536 397 67
5370 544 399 57
5371 533 393 74
5372 553 374 73
5373 555 374 71
5374 559 366 75
5375 546 383 71
5376 521 392 87
5377 496 419 85
5378 481 420 99
5379 443 463 94
5380 425 450 125
5381 398 472 130
5382 410 450 140
5383 383 482 135
5384 385 487 128
5385 371 492 137
5386 421 446 133
5387 400 477 123
5388 400 466 134
5389 419 465 116
5390 430 451 119
5391 418 463 119
5392 392 483 125
5393 414 466 120
5394 431 451 118
5395 446 444 110
5396 451 432 117
5397 474 427 99
5398 463 452 85
5399 446 453 101
5400 449 448 103
5401 433 456 111
5402 430 470 100
5403 434 462 104
5404 452 440 108
5405 456 443 101
5406 485 421 94
5407 484 438 78
5408 455 465 80
5409 469 419 112
5410 462 424 114
5411 467 443 90
5412 463 442 95
5413 469 434 97
5414 477 418 105
5415 484 418 98
5416 490 430 80
5417 492 422 86
5418 481 430 89
5419 479 432 89
5420 484 415 101
5421 492 400 108
5422 477 432 91
5423 459 439 102
5424 463 422 115
5425 471 428 101
5426 456 432 112
5427 437 455 108
5428 427 463 110
5429 404 477 119
5430 432 446 122
5431 430 467 103
5432 408 478 114
5433 428 449 123
5434 407 469 124
5435 435 460 105
5436 477 418 105
5437 473 431 96
5438 489 425 86
5439 499 420 81
5440 494 421 85
5441 460 435 105
5442 484 420 96
5443 461 455 84
5444 486 409 105
5445 456 447 97
5446 454 439 107
5447 460 451 89
5448 449 447 104
5449 493 414 93
5450 490 417 93
5451 480 420 100
5452 498 396 106
5453 492 411 97
5454 480 443 77
5455 518 402 80
5456 487 434 79
5457 493 418 89
5458 477 431 92
5459 452 443 105
5460 463 429 108
5461 449 453 98
5462 462 442 96
5463 495 433 72
5464 530 387 83
5465 541 396 63
5466 561 369 70
5467 569 366 65
5468 577 358 65
5469 577 363 60
5470 580 367 53
5471 570 376 54
5472 567 366 67
5473 556 390 54
5474 569 372 59
5475 540 392 68
5476 566 374 60
5477 586 347 67
5478 602 352 46
5479 622 322 56
5480 618 350 32
5481 625 332 43
5482 639 318 43
5483 617 335 48
5484 602 339 59
5485 585 360 55
5486 576 370 54
5487 590 341 69
5488 580 371 49
5489 583 360 57
5490 577 379 44
5491 595 350 55
5492 612 333 55
5493 599 356 45
5494 600 362 38
5495 611 342 47
5496 627 335 38
5497 644 317 39
5498 663 296 41
5499 669 300 31
5500 656 317 27
5501 661 292 47
5502 645 316 39
5503 655 302 43
5504 645 320 35
5505 664 298 38
5506 667 298 35
5507 663 309 28
5508 658 313 29
5509 681 292 27
5510 689 274 37
5511 686 278 36
5512 698 276 26
5513 727 252 21
5514 725 255 20
5515 718 248 34
5516 744 232 24
5517 744 236 20
5518 748 244 8
5519 739 247 14
5520 724 254 22
5521 715 260 25
5522 689 284 27
5523 717 252 31
5524 732 245 23
5525 726 257 17
5526 727 257 16
5527 732 253 15
5528 745 235 20
5529 744 237 19
5530 761 227 12
5531 767 224 9
5532 806 183 11
5533 818 170 12
5534 811 178 11
5535 824 169 7
5536 834 158 8
5537 826 167 7
5538 828 160 12
5539 827 158 15
5540 802 194 4
5541 809 179 12
5542 793 189 18
5543 798 194 8
5544 777 206 17
5545 775 216 9
5546 777 212 11
5547 792 199 9
5548 781 207 12
5549 759 228 13
5550 779 209 12
5551 754 233 13
5552 759 227 14
5553 759 223 18
5554 760 222 18
5555 764 219 17
5556 758 224 18
5557 761 230 9
5558 757 221 22
5559 752 225 23
5560 739 247 14
5561 748 228 24
5562 748 232 20
5563 730 250 20
5564 726 252 22
5565 706 264 30
5566 702 274 24
5567 693 282 25
5568 659 310 31
5569 669 295 36
5570 652 307 41
5571 660 299 41
5572 663 300 37
5573 631 321 48
5574 625 324 51
5575 624 327 49
5576 601 347 52
5577 630 321 49
5578 610 344 46
5579 610 333 57
5580 607 340 53
5581 592 366 42
5582 607 342 51
5583 584 356 60
5584 585 362 53
5585 578 369 53
5586 583 366 51
5587 577 373 50
5588 580 361 59
5589 599 339 62
5590 641 317 42
5591 632 325 43
5592 623 336 41
5593 644 313 43
5594 629 340 31
5595 625 331 44
5596 641 317 42
5597 664 295 41
5598 658 307 35
5599 639 326 35
5600 659 319 22
5601 673 298 29
5602 667 301 32
5603 657 313 30
5604 654 312 34
5605 659 305 36
5606 650 312 38
5607 630 318 52
5608 628 318 54
5609 625 334 41
5610 611 353 36
5611 624 325 51
5612 621 349 30
5613 658 302 40
5614 631 332 37
5615 645 319 36
5616 644 314 42
5617 652 302 46
5618 618 337 45
5619 618 333 49
5620 592 348 60
5621 578 364 58
5622 580 366 54
5623 600 355 45
5624 594 356 50
5625 593 363 44
5626 606 333 61
5627 609 343 48
5628 591 360 49
5629 608 343 49
5630 613 346 41
5631 606 336 58
5632 601 339 60
5633 586 359 55
5634 593 347 60
5635 581 368 51
5636 597 329 74
5637 595 354 51
5638 579 366 55
5639 583 361 56
5640 590 361 49
5641 561 384 55
5642 568 380 52
5643 574 364 62
5644 568 379 53
5645 568 380 52
5646 565 376 59
5647 562 380 58
5648 585 362 53
5649 603 330 67
5650 605 346 49
5651 606 348 46
5652 626 326 48
5653 601 354 45
5654 588 354 58
5655 625 328 47
5656 602 363 35
5657 630 322 48
5658 638 319 43
5659 642 315 43
5660 641 312 47
5661 633 329 38
5662 626 331 43
5663 627 335 38
5664 619 333 48
5665 622 322 56
5666 568 372 60
5667 564 373 63
5668 543 395 62
5669 550 387 63
5670 557 377 66
5671 594 345 61
5672 571 375 54
5673 577 378 45
5674 590 360 50
5675 594 356 50
5676 619 325 56
5677 601 350 49
5678 613 334 53
5679 584 366 50
5680 583 354 63
5681 573 374 53
5682 585 343 72
5683 562 374 64
5684 553 384 63
5685 548 381 71
5686 504 413 83
5687 516 403 81
5688 526 397 77
5689 538 380 82
5690 559 370 71
5691 556 392 52
5692 575 370 55
5693 568 357 75
5694 547 385 68
5695 544 389 67
5696 551 386 63
5697 536 386 78
5698 492 432 76
5699 471 443 86
5700 506 390 104
5701 533 389 78
5702 559 370 71
5703 549 391 60
5704 556 378 66
5705 559 372 69
5706 553 386 61
5707 565 380 55
5708 568 373 59
5709 579 368 53
5710 585 360 55
5711 591 356 53
5712 589 350 61
5713 552 394 54
5714 556 382 62
5715 581 358 61
5716 574 367 59
5717 564 383 53
5718 555 395 50
5719 537 400 63
5720 513 417 70
5721 521 394 85
5722 511 417 72
5723 525 399 76
5724 505 413 82
5725 493 420 87
5726 501 408 91
5727 525 395 80
5728 541 395 64
5729 541 380 79
5730 537 388 75
5731 545 394 61
5732 550 393 57
5733 571 359 70
5734 556 372 72
5735 562 381 57
5736 584 353 63
5737 580 361 59
5738 577 370 53
5739 560 386 54
5740 565 380 55
5741 580 368 52
5742 606 346 48
5743 588 363 49
5744 602 347 51
5745 595 349 56
5746 609 332 59
5747 605 339 56
5748 582 374 44
5749 582 367 51
5750 571 379 50
5751 575 370 55
5752 559 358 83
5753 557 372 71
5754 547 380 73
5755 536 387 77
5756 515 415 70
5757 525 394 81
5758 523 411 66
5759 522 402 76
5760 529 405 66
5761 525 396 79
5762 554 377 69
5763 540 384 76
5764 515 421 64
5765 551 373 76
5766 553 374 73
5767 581 355 64
5768 583 350 67
5769 574 370 56
5770 584 358 58
5771 562 380 58
5772 587 340 73
5773 593 347 60
5774 598 352 50
5775 583 353 64
5776 536 393 71
5777 543 394 63
5778 552 374 74
5779 563 373 64
5780 568 367 65
5781 573 359 68
5782 571 368 61
5783 582 344 74
5784 563 377 60
5785 550 385 65
5786 554 391 55
5787 551 386 63
5788 558 385 57
5789 577 369 54
5790 576 366 58
5791 595 353 52
5792 603 335 62
5793 600 353 47
5794 593 359 48
5795 588 365 47
5796 610 338 52
5797 593 353 54
5798 577 377 46
5799 573 370 57
5800 566 383 51
5801 599 358 43
5802 590 363 47
5803 604 343 53
5804 593 349 58
5805 611 341 48
5806 595 353 52
5807 583 369 48
5808 572 358 70
5809 552 385 63
5810 553 374 73
5811 540 400 60
5812 550 372 78
5813 553 366 81
5814 544 386 70
5815 560 376 64
5816 541 388 71
5817 532 406 62
5818 543 397 60
5819 531 401 68
5820 539 391 70
5821 550 377 73
5822 536 403 61
5823 545 384 71
5824 551 380 69
5825 552 383 65
5826 581 369 50
5827 603 334 63
5828 564 388 48
5829 614 336 50
5830 614 330 56
5831 578 362 60
5832 576 351 73
5833 548 396 56
5834 578 371 51
5835 602 333 65
5836 589 357 54
5837 598 342 60
5838 612 343 45
5839 625 324 51
5840 623 321 56
5841 613 336 51
5842 592 353 55
5843 603 348 49
5844 593 363 44
5845 598 354 48
5846 606 342 52
5847 599 349 52
5848 611 335 54
5849 605 350 45
5850 612 330 58
5851 584 357 59
5852 561 387 52
5853 604 345 51
5854 617 328 55
5855 584 360 56
5856 583 365 52
5857 576 358 66
5858 595 357 48
5859 605 342 53
5860 605 342 53
5861 591 361 48
5862 598 345 57
5863 602 352 46
5864 653 309 38
5865 640 336 24
5866 636 326 38
5867 632 328 40
5868 629 323 48
5869 611 342 47
5870 623 330 47
5871 624 335 41
5872 629 330 41
5873 615 341 44
5874 644 316 40
5875 656 313 31
5876 631 335 34
5877 619 332 49
5878 624 329 47
5879 600 348 52
5880 576 379 45
5881 596 343 61
5882 585 355 60
5883 577 361 62
5884 591 350 59
5885 581 364 55
5886 599 352 49
5887 605 339 56
5888 586 352 62
5889 580 360 60
5890 583 356 61
5891 578 354 68
5892 572 363 65
5893 581 365 54
5894 589 355 56
5895 611 343 46
5896 613 344 43
5897 601 359 40
5898 609 343 48
5899 617 331 52
5900 612 339 49
5901 604 340 56
5902 614 331 55
5903 612 346 42
5904 622 333 45
5905 612 340 48
5906 604 346 50
5907 595 360 45
5908 609 339 52
5909 594 356 50
5910 631 321 48
5911 608 350 42
5912 623 325 52
5913 592 352 56
5914 585 365 50
5915 601 337 62
5916 552 395 53
5917 564 376 60
5918 572 364 64
5919 533 405 62
5920 535 394 71
5921 529 401 70
5922 545 382 73
5923 549 381 70
5924 511 403 86
5925 537 389 74
5926 544 387 69
5927 555 383 62
5928 560 386 54
5929 572 358 70
5930 546 386 68
5931 552 380 68
5932 555 383 62
5933 551 374 75
5934 532 401 67
5935 531 398 71
5936 555 374 71
5937 574 359 67
5938 582 363 55
5939 573 360 67
5940 545 398 57
5941 533 393 74
5942 525 407 68
5943 515 406 79
5944 516 404 80
5945 501 412 87
5946 485 418 97
5947 497 428 75
5948 510 417 73
5949 526 390 84
5950 517 399 84
5951 501 410 89
5952 512 405 83
5953 531 377 92
5954 513 403 84
5955 502 419 79
5956 509 420 71
5957 492 428 80
5958 489 421 90
5959 515 405 80
5960 519 395 86
5961 528 405 67
5962 531 395 74
5963 524 408 68
5964 511 400 89
5965 494 400 106
5966 461 459 80
5967 466 443 91
5968 501 405 94
5969 461 447 92
5970 466 423 111
5971 456 447 97
5972 479 424 97
5973 481 425 94
5974 460 460 80
5975 534 377 89
5976 533 399 68
5977 529 396 75
5978 540 403 57
5979 561 378 61
5980 553 379 68
5981 553 378 69
5982 582 363 55
5983 586 355 59
5984 571 374 55
5985 557 388 55
5986 560 383 57
5987 555 380 65
5988 550 388 62
5989 558 378 64
5990 561 370 69
5991 547 394 59
5992 546 396 58
5993 573 362 65
5994 562 371 67
5995 560 373 67
5996 542 399 59
5997 561 365 74
5998 545 387 68
5999 549 363 88
6000 545 381 74
6001 543 395 62
6002 561 380 59
6003 557 385 58
6004 526 407 67
6005 523 392 85
6006 513 415 72
6007 538 378 84
6008 520 403 77
6009 518 403 79
6010 518 412 70
6011 536 397 67
6012 557 379 64
6013 569 370 61
6014 556 380 64
6015 562 384 54
6016 542 393 65
6017 545 393 62
6018 559 386 55
6019 549 382 69
6020 564 362 74
6021 565 376 59
6022 559 380 61
6023 529 409 62
6024 552 365 83
6025 534 398 68
6026 562 372 66
6027 575 369 56
6028 573 376 51
6029 587 354 59
6030 549 397 54
6031 555 377 68
6032 542 393 65
6033 532 395 73
6034 534 382 84
6035 500 411 89
6036 490 427 83
6037 483 420 97
6038 471 453 76
6039 502 417 81
6040 507 415 78
6041 489 427 84
6042 495 403 102
6043 479 424 97
6044 492 402 106
6045 501 409 90
6046 491 429 80
6047 499 428 73
6048 478 445 77
6049 492 415 93
6050 490 423 87
6051 517 390 93
6052 519 404 77
6053 538 385 77
6054 512 399 89
6055 492 414 94
6056 494 419 87
6057 517 404 79
6058 533 392 75
6059 536 395 69
6060 549 380 71
6061 531 407 62
6062 538 383 79
6063 538 386 76
6064 548 375 77
6065 550 384 66
6066 556 374 70
6067 599 359 42
6068 603 347 50
6069 579 370 51
6070 608 334 58
6071 611 339 50
6072 643 313 44
6073 667 297 36
6074 680 295 25
6075 677 290 33
6076 668 304 28
6077 660 305 35
6078 639 321 40
6079 656 312 32
6080 640 313 47
6081 634 332 34
6082 661 305 34
6083 644 311 45
6084 624 334 42
6085 614 338 48
6086 598 356 46
6087 614 338 48
6088 608 346 46
6089 601 342 57
6090 608 336 56
6091 585 367 48
6092 589 356 55
6093 593 357 50
6094 606 334 60
6095 591 351 58
6096 574 361 65
6097 564 373 63
6098 604 336 60
6099 613 345 42
6100 609 345 46
6101 633 320 47
6102 630 325 45
6103 632 328 40
6104 616 337 47
6105 607 345 48
6106 597 348 55
6107 609 338 53
6108 599 347 54
6109 583 369 48
6110 591 347 62
6111 579 367 54
6112 606 345 49
6113 588 364 48
6114 586 367 47
6115 596 352 52
6116 599 335 66
6117 593 366 41
6118 580 369 51
6119 570 372 58
6120 522 403 75
6121 555 368 77
6122 547 378 75
6123 582 353 65
6124 563 381 56
6125 562 372 66
6126 573 363 64
6127 569 372 59
6128 562 383 55
6129 556 388 56
6130 566 370 64
6131 551 384 65
6132 564 372 64
6133 544 398 58
6134 538 384 78
6135 516 412 72
6136 527 402 71
6137 538 391 71
6138 543 387 70
6139 528 402 70
6140 540 388 72
6141 513 418 69
6142 496 421 83
6143 502 391 107
6144 497 418 85
6145 500 406 94
6146 487 422 91
6147 488 425 87
6148 476 430 94
6149 498 422 80
6150 488 430 82
6151 490 425 85
6152 476 438 86
6153 473 430 97
6154 504 396 100
6155 508 410 82
6156 521 397 82
6157 519 397 84
6158 527 381 92
6159 518 396 86
6160 525 391 84
6161 525 405 70
6162 541 371 88
6163 525 407 68
6164 542 378 80
6165 555 378 67
6166 540 398 62
6167 563 377 60
6168 561 380 59
6169 565 369 66
6170 543 395 62
6171 561 383 56
6172 558 392 50
6173 566 378 56
6174 575 367 58
6175 550 393 57
6176 562 368 70
6177 562 386 52
6178 576 370 54
6179 580 359 61
6180 570 371 59
6181 568 372 60
6182 579 365 56
6183 573 366 61
6184 575 361 64
6185 572 372 56
6186 562 381 57
6187 584 353 63
6188 575 370 55
6189 577 363 60
6190 583 365 52
6191 588 353 59
6192 575 377 48
6193 580 364 56
6194 577 363 60
6195 578 368 54
6196 578 356 66
6197 573 363 64
6198 562 365 73
6199 564 374 62
6200 559 394 47
6201 554 381 65
6202 564 372 64
6203 551 380 69
6204 553 377 70
6205 536 396 68
6206 514 411 75
6207 521 402 77
6208 522 404 74
6209 535 384 81
6210 544 381 75
6211 526 410 64
6212 527 400 73
6213 511 426 63
6214 490 445 65
6215 518 415 67
6216 518 396 86
6217 503 407 90
6218 479 428 93
6219 493 396 111
6220 490 418 92
6221 489 415 96
6222 497 420 83
6223 490 424 86
6224 504 402 94
6225 504 399 97
6226 511 393 96
6227 495 428 77
6228 516 396 88
6229 509 403 88
6230 489 415 96
6231 476 429 95
6232 479 427 94
6233 479 425 96
6234 455 446 99
6235 450 441 109
6236 462 442 96
6237 433 465 102
6238 448 444 108
6239 463 424 113
6240 461 431 108
6241 456 450 94
6242 481 429 90
6243 498 399 103
6244 497 417 86
6245 490 437 73
6246 499 403 98
6247 462 435 103
6248 490 413 97
6249 542 390 68
6250 540 392 68
6251 555 370 75
6252 560 382 58
6253 553 375 72
6254 556 373 71
6255 558 387 55
6256 577 357 66
6257 595 355 50
6258 603 350 47
6259 609 351 40
6260 611 345 44
6261 586 362 52
6262 572 370 58
6263 567 371 62
6264 589 352 59
6265 621 328 51
6266 603 351 46
6267 595 357 48
6268 589 357 54
6269 559 400 41
6270 579 363 58
6271 602 337 61
6272 600 349 51
6273 593 358 49
6274 589 359 52
6275 621 331 48
6276 587 359 54
6277 587 363 50
6278 598 339 63
6279 584 374 42
6280 587 363 50
6281 560 395 45
6282 578 363 59
6283 543 401 56
6284 572 379 49
6285 555 390 55
6286 569 362 69
6287 583 353 64
6288 574 354 72
6289 578 351 71
6290 567 366 67
6291 572 372 56
6292 549 383 68
6293 532 388 80
6294 545 387 68
6295 553 380 67
6296 565 385 50
6297 564 379 57
6298 564 363 73
6299 564 369 67
6300 528 402 70
6301 552 380 68
6302 541 390 69
6303 536 383 81
6304 563 359 78
6305 549 374 77
6306 538 409 53
6307 525 407 68
6308 538 391 71
6309 545 378 77
6310 552 379 69
6311 573 363 64
6312 585 353 62
6313 584 356 60
6314 578 364 58
6315 580 374 46
6316 615 332 53
6317 600 357 43
6318 598 355 47
6319 584 376 40
6320 601 346 53
6321 617 329 54
6322 602 346 52
6323 617 337 46
6324 581 378 41
6325 608 330 62
6326 596 358 46
6327 597 349 54
6328 602 341 57
6329 605 335 60
6330 579 368 53
6331 567 369 64
6332 554 382 64
6333 563 368 69
6334 550 367 83
6335 545 380 75
6336 544 387 69
6337 535 381 84
6338 520 408 72
6339 523 408 69
6340 531 381 88
6341 521 392 87
6342 518 406 76
6343 515 409 76
6344 506 413 81
6345 509 401 90
6346 501 417 82
6347 514 391 95
6348 510 397 93
6349 482 428 90
6350 479 437 84
6351 464 437 99
6352 467 427 106
6353 459 442 99
6354 474 428 98
6355 471 429 100
6356 477 425 98
6357 459 435 106
6358 457 454 89
6359 473 428 99
6360 481 413 106
6361 516 397 87
6362 501 405 94
6363 499 398 103
6364 495 417 88
6365 492 419 89
6366 487 428 85
6367 496 417 87
6368 483 415 102
6369 459 436 105
6370 465 428 107
6371 460 432 108
6372 464 446 90
6373 481 426 93
6374 478 433 89
6375 504 410 86
6376 490 436 74
6377 515 393 92
6378 485 440 75
6379 527 384 89
6380 494 422 84
6381 510 406 84
6382 505 412 83
6383 486 428 86
6384 485 436 79
6385 491 424 85
6386 505 414 81
6387 528 396 76
6388 503 427 70
6389 521 392 87
6390 533 405 62
6391 535 386 79
6392 523 408 69
6393 515 405 80
6394 487 436 77
6395 483 427 90
6396 488 418 94
6397 486 428 86
6398 473 413 114
6399 456 447 97
6400 456 428 116
6401 457 441 102
6402 474 428 98
6403 487 423 90
6404 490 427 83
6405 499 404 97
6406 477 434 89
6407 481 431 88
6408 481 415 104
6409 481 415 104
6410 490 423 87
6411 478 441 81
6412 487 434 79
6413 502 409 89
6414 496 415 89
6415 500 406 94
6416 506 416 78
6417 509 413 78
6418 510 418 72
6419 513 410 77
6420 533 381 86
6421 554 384 62
6422 552 386 62
6423 555 388 57
6424 561 386 53
6425 565 369 66
6426 577 363 60
6427 569 369 62
6428 579 361 60
6429 552 391 57
6430 571 366 63
6431 550 371 79
6432 549 384 67
6433 529 400 71
6434 573 344 83
6435 541 392 67
6436 548 377 75
6437 515 418 67
6438 524 401 75
6439 557 370 73
6440 528 408 64
6441 534 395 71
6442 557 376 67
6443 548 382 70
6444 535 395 70
6445 517 401 82
6446 504 410 86
6447 487 420 93
6448 457 457 86
6449 491 426 83
6450 501 409 90
6451 510 403 87
6452 503 421 76
6453 535 382 83
6454 516 407 77
6455 534 389 77
6456 551 368 81
6457 530 399 71
6458 530 394 76
6459 568 368 64
6460 568 366 66
6461 560 387 53
6462 570 376 54
6463 576 364 60
6464 576 371 53
6465 595 349 56
6466 609 338 53
6467 629 324 47
6468 618 334 48
6469 597 352 51
6470 600 364 36
6471 639 312 49
6472 638 324 38
6473 644 313 43
6474 648 317 35
6475 635 334 31
6476 641 314 45
6477 611 348 41
6478 618 331 51
6479 621 334 45
6480 631 323 46
6481 654 306 40
6482 641 322 37
6483 652 307 41
6484 650 311 39
6485 641 314 45
6486 604 343 53
6487 628 335 37
6488 643 320 37
6489 630 329 41
6490 632 327 41
6491 624 335 41
6492 609 348 43
6493 596 365 39
6494 590 366 44
6495 606 348 46
6496 616 337 47
6497 629 335 36
6498 631 336 33
6499 650 311 39
6500 643 320 37
6501 624 338 38
6502 613 348 39
6503 585 361 54
6504 595 351 54
6505 595 350 55
6506 569 387 44
6507 560 382 58
6508 579 370 51
6509 583 374 43
6510 596 352 52
6511 593 347 60
6512 597 349 54
6513 599 349 52
6514 599 351 50
6515 593 345 62
6516 581 348 71
6517 589 354 57
6518 600 324 76
6519 632 328 40
6520 614 341 45
6521 624 332 44
6522 622 333 45
6523 615 335 50
6524 642 322 36
6525 632 316 52
6526 616 332 52
6527 595 352 53
6528 589 354 57
6529 549 387 64
6530 530 401 69
6531 520 403 77
6532 545 385 70
6533 542 388 70
6534 546 380 74
6535 531 405 64
6536 531 386 83
6537 516 402 82
6538 493 422 85
6539 480 441 79
6540 507 402 91
6541 510 407 83
6542 525 391 84
6543 530 399 71
6544 498 425 77
6545 516 415 69
6546 528 408 64
6547 516 410 74
6548 507 408 85
6549 484 423 93
6550 457 456 87
6551 455 439 106
6552 449 449 102
6553 461 439 100
6554 453 427 120
6555 443 461 96
6556 459 441 100
6557 474 429 97
6558 468 427 105
6559 481 428 91
6560 485 423 92
6561 492 427 81
6562 502 408 90
6563 515 402 83
6564 516 403 81
6565 515 412 73
6566 540 389 71
6567 514 419 67
6568 515 402 83
6569 495 425 80
6570 501 417 82
6571 513 400 87
6572 508 428 64
6573 528 399 73
6574 527 400 73
6575 577 358 65
6576 568 377 55
6577 571 367 62
6578 590 360 50
6579 605 346 49
6580 592 354 54
6581 593 331 76
6582 568 380 52
6583 589 353 58
6584 607 341 52
6585 598 353 49
6586 607 344 49
6587 624 336 40
6588 602 348 50
6589 612 340 48
6590 593 367 40
6591 586 351 63
6592 573 359 68
6593 592 345 63
6594 578 353 69
6595 568 376 56
6596 593 352 55
6597 605 348 47
6598 605 340 55
6599 627 328 45
6600 618 342 40
6601 620 337 43
6602 605 359 36
6603 605 346 49
6604 571 372 57
6605 590 349 61
6606 603 353 44
6607 589 368 43
6608 615 329 56
6609 610 338 52
6610 616 329 55
6611 619 335 46
6612 615 332 53
6613 620 316 64
6614 617 339 44
6615 624 331 45
6616 629 332 39
6617 645 307 48
6618 634 330 36
6619 636 329 35
6620 634 327 39
6621 640 318 42
6622 633 321 46
6623 636 328 36
6624 644 309 47
6625 625 330 45
6626 625 334 41
6627 601 363 36
6628 612 342 46
6629 626 329 45
6630 618 326 56
6631 626 329 45
6632 633 325 42
6633 604 351 45
6634 606 353 41
6635 589 361 50
6636 587 349 64
6637 611 324 65
6638 603 330 67
6639 593 351 56
6640 603 350 47
6641 630 323 47
6642 631 330 39
6643 657 307 36
6644 655 318 27
6645 678 300 22
6646 677 287 36
6647 659 302 39
6648 628 323 49
6649 624 325 51
6650 602 351 47
6651 609 352 39
6652 606 349 45
6653 622 327 51
6654 626 324 50
6655 643 324 33
6656 667 296 37
6657 669 294 37
6658 677 285 38
6659 686 282 32
6660 684 285 31
6661 658 310 32
6662 643 321 36
6663 655 304 41
6664 632 324 44
6665 622 333 45
6666 625 334 41
6667 625 335 40
6668 621 335 44
6669 596 355 49
6670 603 341 56
6671 582 365 53
6672 573 382 45
6673 582 352 66
6674 580 352 68
6675 587 354 59
6676 564 375 61
6677 571 364 65
6678 560 380 60
6679 555 390 55
6680 551 381 68
6681 548 385 67
6682 570 373 57
6683 578 354 68
6684 596 333 71
6685 597 351 52
6686 604 341 55
6687 602 344 54
6688 594 359 47
6689 589 358 53
6690 586 358 56
6691 602 356 42
6692 611 338 51
6693 611 338 51
6694 600 353 47
6695 602 341 57
6696 590 359 51
6697 590 351 59
6698 587 363 50
6699 605 343 52
6700 612 334 54
6701 597 355 48
6702 604 345 51
6703 613 345 42
6704 589 361 50
6705 596 348 56
6706 620 327 53
6707 625 334 41
6708 633 330 37
6709 634 336 30
6710 653 300 47
6711 629 337 34
6712 627 336 37
6713 618 341 41
6714 588 374 38
6715 585 358 57
6716 603 346 51
6717 603 341 56
6718 592 357 51
6719 596 357 47
6720 603 349 48
6721 606 342 52
6722 601 349 50
6723 616 329 55
6724 610 338 52
6725 607 338 55
6726 624 321 55
6727 590 357 53
6728 581 369 50
6729 565 381 54
6730 573 371 56
6731 572 379 49
6732 573 370 57
6733 552 384 64
6734 567 375 58
6735 563 382 55
6736 565 371 64
6737 599 343 58
6738 589 365 46
6739 573 382 45
6740 550 403 47
6741 555 394 51
6742 581 360 59
6743 609 341 50
6744 619 337 44
6745 603 354 43
6746 614 337 49
6747 617 332 51
6748 613 347 40
6749 629 328 43
6750 612 346 42
6751 617 327 56
6752 614 357 29
6753 602 351 47
6754 643 316 41
6755 618 336 46
6756 598 359 43
6757 593 358 49
6758 574 379 47
6759 591 354 55
6760 548 393 59
6761 530 402 68
6762 546 387 67
6763 553 365 82
6764 550 377 73
6765 534 403 63
6766 531 397 72
6767 519 401 80
6768 526 391 83
6769 535 390 75
6770 533 394 73
6771 570 363 67
6772 565 376 59
6773 538 388 74
6774 541 408 51
6775 572 361 67
6776 569 370 61
6777 532 413 55
6778 551 384 65
6779 549 371 80
6780 514 430 56
6781 544 376 80
6782 537 385 78
6783 550 383 67
6784 560 375 65
6785 587 356 57
6786 587 349 64
6787 571 368 61
6788 574 384 42
6789 593 345 62
6790 601 347 52
6791 623 324 53
6792 608 350 42
6793 638 314 48
6794 584 368 48
6795 611 333 56
6796 595 354 51
6797 578 374 48
6798 588 350 62
6799 572 372 56
6800 581 365 54
6801 597 350 53
6802 604 338 58
6803 596 341 63
6804 600 345 55
6805 612 327 61
6806 618 316 66
6807 610 340 50
6808 596 355 49
6809 599 349 52
6810 593 358 49
6811 587 362 51
6812 604 343 53
6813 633 311 56
6814 607 347 46
6815 614 327 59
6816 611 349 40
6817 615 336 49
6818 599 352 49
6819 585 366 49
6820 584 358 58
6821 593 354 53
6822 562 378 60
6823 560 380 60
6824 529 401 70
6825 521 402 77
6826 535 395 70
6827 524 403 73
6828 544 382 74
6829 538 393 69
6830 549 381 70
6831 571 370 59
6832 567 380 53
6833 529 410 61
6834 527 386 87
6835 525 394 81
6836 518 400 82
6837 498 423 79
6838 504 410 86
6839 460 442 98
6840 458 443 99
6841 447 439 114
6842 441 441 118
6843 470 419 111
6844 473 426 101
6845 478 427 95
6846 496 417 87
6847 509 395 96
6848 488 422 90
6849 474 431 95
6850 455 452 93
6851 458 436 106
6852 428 480 92
6853 429 471 100
6854 440 446 114
6855 430 457 113
6856 434 435 131
6857 432 451 117
6858 408 457 135
6859 391 489 120
6860 421 443 136
6861 420 448 132
6862 429 443 128
6863 421 454 125
6864 432 451 117
6865 441 444 115
6866 436 436 128
6867 429 448 123
6868 423 447 130
6869 404 454 142
6870 382 479 139
6871 358 474 168
6872 370 456 174
6873 371 459 170
6874 356 496 148
6875 355 492 153
6876 373 456 171
6877 401 462 137
6878 448 433 119
6879 429 456 115
6880 454 436 110
6881 461 416 123
6882 470 431 99
6883 466 449 85
6884 498 394 108
6885 479 421 100
6886 479 416 105
6887 473 428 99
6888 488 398 114
6889 449 446 105
6890 493 418 89
6891 488 428 84
6892 497 415 88
6893 495 407 98
6894 513 380 107
6895 517 408 75
6896 548 389 63
6897 531 404 65
6898 543 385 72
6899 530 375 95
6900 514 392 94
6901 462 441 97
6902 454 441 105
6903 511 413 76
6904 519 408 73
6905 530 390 80
6906 528 389 83
6907 544 365 91
6908 522 394 84
6909 505 410 85
6910 528 401 71
6911 511 413 76
6912 533 391 76
6913 547 381 72
6914 538 392 70
6915 554 369 77
6916 574 359 67
6917 551 381 68
6918 529 399 72
6919 535 379 86
6920 537 383 80
6921 554 375 71
6922 558 378 64
6923 551 393 56
6924 528 405 67
6925 514 414 72
6926 505 415 80
6927 478 432 90
6928 488 423 89
6929 514 394 92
6930 526 402 72
6931 526 399 75
6932 540 385 75
6933 515 413 72
6934 525 409 66
6935 510 412 78
6936 502 418 80
6937 515 397 88
6938 508 418 74
6939 525 405 70
6940 537 376 87
6941 527 401 72
6942 528 409 63
6943 530 389 81
6944 523 399 78
6945 527 389 84
6946 536 377 87
6947 513 425 62
6948 505 421 74
6949 530 398 72
6950 547 384 69
6951 529 392 79
6952 537 387 76
6953 532 390 78
6954 504 428 68
6955 509 407 84
6956 494 432 74
6957 507 422 71
6958 514 397 89
6959 503 404 93
6960 492 434 74
6961 493 396 111
6962 485 418 97
6963 487 422 91
6964 507 393 100
6965 499 418 83
6966 526 389 85
6967 529 394 77
6968 527 397 76
6969 523 403 74
6970 481 436 83
6971 475 419 106
6972 461 434 105
6973 482 417 101
6974 471 418 111
6975 460 444 96
6976 479 422 99
6977 510 415 75
6978 511 405 84
6979 503 416 81
6980 521 393 86
6981 512 418 70
6982 514 414 72
6983 542 378 80
6984 555 370 75
6985 560 363 77
6986 545 386 69
6987 534 391 75
6988 536 398 66
6989 522 398 80
6990 541 384 75
6991 528 399 73
6992 509 413 78
6993 513 415 72
6994 497 421 82
6995 498 416 86
6996 494 434 72
6997 504 421 75
6998 521 395 84
6999 467 448 85
7000 441 451 108
7001 454 461 85
7002 453 453 94
7003 461 434 105
7004 448 452 100
7005 453 448 99
7006 472 425 103
7007 483 419 98
7008 489 421 90
7009 511 390 99
7010 512 394 94
7011 497 429 74
7012 514 411 75
7013 530 390 80
7014 527 398 75
7015 533 386 81
7016 549 385 66
7017 569 356 75
7018 561 356 83
7019 553 381 66
7020 535 392 73
7021 528 397 75
7022 523 404 73
7023 563 367 70
7024 547 398 55
7025 538 399 63
7026 573 359 68
7027 565 386 49
7028 569 376 55
7029 589 358 53
7030 589 353 58
7031 596 359 45
7032 595 347 58
7033 601 340 59
7034 597 345 58
7035 569 369 62
7036 549 383 68
7037 543 395 62
7038 557 382 61
7039 533 401 66
7040 537 400 63
7041 505 418 77
7042 533 391 76
7043 499 414 87
7044 507 402 91
7045 517 394 89
7046 500 418 82
7047 509 410 81
7048 526 401 73
7049 543 383 74
7050 561 379 60
7051 565 381 54
7052 565 381 54
7053 567 364 69
7054 564 378 58
7055 553 381 66
7056 559 382 59
7057 567 374 59
7058 578 359 63
7059 556 396 48
7060 573 358 69
7061 560 382 58
7062 570 373 57
7063 589 349 62
7064 589 355 56
7065 579 374 47
7066 588 361 51
7067 596 357 47
7068 599 346 55
7069 622 335 43
7070 640 327 33
7071 649 315 36
7072 657 304 39
7073 631 328 41
7074 662 291 47
7075 648 315 37
7076 662 304 34
7077 645 313 42
7078 637 322 41
7079 675 278 47
7080 707 258 35
7081 688 285 27
7082 684 282 34
7083 683 289 28
7084 677 295 28
7085 681 286 33
7086 681 289 30
7087 647 322 31
7088 664 293 43
7089 659 304 37
7090 670 296 34
7091 650 318 32
7092 643 314 43
7093 623 328 49
7094 626 333 41
7095 626 326 48
7096 631 316 53
7097 603 352 45
7098 609 343 48
7099 583 355 62
7100 544 389 67
7101 518 405 77
7102 528 396 76
7103 515 414 71
7104 509 406 85
7105 488 419 93
7106 491 425 84
7107 489 420 91
7108 464 434 102
7109 459 454 87
7110 480 410 110
7111 430 464 106
7112 452 436 112
7113 471 409 120
7114 461 430 109
7115 473 424 103
7116 479 418 103
7117 455 453 92
7118 472 442 86
7119 497 411 92
7120 484 433 83
7121 471 433 96
7122 491 421 88
7123 480 422 98
7124 481 422 97
7125 487 421 92
7126 498 413 89
7127 496 415 89
7128 495 422 83
7129 500 401 99
7130 496 417 87
7131 486 413 101
7132 490 413 97
7133 474 425 101
7134 454 457 89
7135 460 431 109
7136 458 444 98
7137 490 409 101
7138 478 415 107
7139 473 421 106
7140 480 412 108
7141 468 440 92
7142 495 414 91
7143 489 431 80
7144 481 427 92
7145 485 440 75
7146 493 424 83
7147 468 446 86
7148 476 416 108
7149 457 438 105
7150 463 434 103
7151 462 450 88
7152 489 418 93
7153 497 403 100
7154 495 411 94
7155 526 375 99
7156 509 413 78
7157 528 381 91
7158 536 392 72
7159 504 415 81
7160 494 426 80
7161 491 425 84
7162 504 422 74
7163 506 418 76
7164 496 412 92
7165 490 427 83
7166 502 398 100
7167 483 431 86
7168 486 422 92
7169 481 438 81
7170 493 417 90
7171 515 398 87
7172 514 406 80
7173 543 380 77
7174 524 410 66
7175 533 396 71
7176 516 392 92
7177 529 392 79
7178 513 396 91
7179 484 430 86
7180 491 417 92
7181 514 404 82
7182 492 439 69
7183 492 428 80
7184 503 405 92
7185 503 420 77
7186 519 392 89
7187 503 426 71
7188 493 427 80
7189 523 400 77
7190 536 397 67
7191 547 369 84
7192 527 394 79
7193 520 396 84
7194 541 380 79
7195 530 397 73
7196 519 416 65
7197 535 387 78
7198 506 406 88
7199 488 416 96
7200 475 442 83
7201 469 448 83
7202 484 420 96
7203 493 411 96
7204 476 430 94
7205 457 442 101
7206 441 464 95
7207 469 429 102
7208 479 415 106
7209 472 421 107
7210 476 428 96
7211 484 429 87
7212 505 405 90
7213 503 417 80
7214 495 419 86
7215 482 437 81
7216 498 415 87
7217 487 418 95
7218 509 412 79
7219 509 413 78
7220 506 419 75
7221 512 411 77
7222 514 398 88
7223 508 407 85
7224 531 412 57
7225 550 372 78
7226 502 431 67
7227 519 405 76
7228 524 407 69
7229 525 409 66
7230 547 389 64
7231 537 400 63
7232 529 407 64
7233 551 361 88
7234 520 400 80
7235 530 390 80
7236 509 418 73
7237 492 439 69
7238 524 409 67
7239 531 399 70
7240 523 395 82
7241 508 427 65
7242 508 409 83
7243 500 412 88
7244 519 399 82
7245 493 431 76
7246 481 426 93
7247 485 419 96
7248 490 422 88
7249 464 446 90
7250 469 421 110
7251 462 443 95
7252 496 411 93
7253 488 419 93
7254 445 454 101
7255 430 449 121
7256 440 450 110
7257 445 445 110
7258 454 452 94
7259 496 406 98
7260 488 416 96
7261 479 431 90
7262 502 400 98
7263 503 405 92
7264 503 415 82
7265 507 413 80
7266 501 409 90
7267 467 446 87
7268 498 409 93
7269 509 419 72
7270 506 409 85
7271 524 399 77
7272 534 388 78
7273 531 405 64
7274 547 379 74
7275 559 377 64
7276 542 392 66
7277 543 386 71
7278 557 380 63
7279 526 402 72
7280 540 383 77
7281 522 391 87
7282 480 432 88
7283 513 391 96
7284 512 402 86
7285 527 402 71
7286 539 386 75
7287 535 396 69
7288 533 414 53
7289 558 367 75
7290 539 404 57
7291 540 394 66
7292 542 386 72
7293 534 398 68
7294 540 385 75
7295 552 385 63
7296 565 366 69
7297 545 397 58
7298 545 388 67
7299 540 394 66
7300 525 392 83
7301 543 390 67
7302 537 386 77
7303 555 384 61
7304 578 365 57
7305 588 354 58
7306 614 335 51
7307 610 342 48
7308 580 373 47
7309 622 321 57
7310 604 338 58
7311 596 357 47
7312 597 352 51
7313 601 339 60
7314 617 338 45
7315 606 347 47
7316 599 354 47
7317 600 344 56
7318 595 358 47
7319 583 364 53
7320 595 347 58
7321 617 334 49
7322 607 333 60
7323 581 368 51
7324 594 344 62
7325 586 369 45
7326 612 342 46
7327 610 351 39
7328 639 323 38
7329 643 328 29
7330 624 345 31
7331 624 328 48
7332 591 362 47
7333 612 345 43
7334 626 322 52
7335 634 322 44
7336 634 318 48
7337 630 324 46
7338 612 350 38
7339 637 318 45
7340 635 327 38
7341 655 299 46
7342 645 311 44
7343 637 325 38
7344 650 315 35
7345 652 305 43
7346 673 297 30
7347 685 280 35
7348 667 296 37
7349 680 285 35
7350 675 290 35
7351 677 296 27
7352 687 273 40
7353 696 271 33
7354 678 292 30
7355 673 299 28
7356 678 284 38
7357 667 310 23
7358 666 306 28
7359 648 316 36
7360 639 318 43
7361 632 320 48
7362 635 325 40
7363 652 313 35
7364 647 320 33
7365 625 328 47
7366 609 346 45
7367 604 350 46
7368 626 336 38
7369 629 328 43
7370 622 332 46
7371 617 346 37
7372 619 334 47
7373 652 317 31
7374 679 286 35
7375 661 303 36
7376 654 311 35
7377 652 310 38
7378 642 317 41
7379 640 325 35
7380 642 326 32
7381 648 310 42
7382 661 290 49
7383 673 292 35
7384 659 290 51
7385 655 311 34
7386 669 300 31
7387 664 305 31
7388 649 322 29
7389 681 291 28
7390 670 298 32
7391 668 305 27
7392 669 299 32
7393 652 319 29
7394 629 330 41
7395 606 352 42
7396 591 363 46
7397 600 336 64
7398 593 358 49
7399 576 371 53
7400 571 372 57
7401 562 363 75
7402 561 378 61
7403 556 379 65
7404 552 375 73
7405 552 385 63
7406 552 367 81
7407 567 354 79
7408 550 393 57
7409 579 358 63
7410 581 355 64
7411 544 395 61
7412 549 399 52
7413 554 378 68
7414 516 420 64
7415 522 395 83
7416 527 386 87
7417 489 442 69
7418 541 375 84
7419 518 400 82
7420 521 412 67
7421 544 386 70
7422 533 396 71
7423 524 414 62
7424 507 409 84
7425 508 412 80
7426 484 428 88
7427 481 431 88
7428 502 411 87
7429 504 408 88
7430 542 380 78
7431 520 411 69
7432 495 417 88
7433 488 426 86
7434 503 414 83
7435 511 396 93
7436 493 418 89
7437 509 422 69
7438 517 410 73
7439 540 380 80
7440 558 381 61
7441 547 397 56
7442 586 358 56
7443 576 371 53
7444 575 366 59
7445 604 346 50
7446 605 343 52
7447 588 355 57
7448 582 362 56
7449 594 345 61
7450 580 376 44
7451 614 323 63
7452 598 355 47
7453 597 363 40
7454 578 361 61
7455 574 373 53
7456 585 363 52
7457 575 374 51
7458 599 355 46
7459 595 342 63
7460 563 371 66
7461 534 398 68
7462 524 392 84
7463 487 434 79
7464 501 409 90
7465 500 420 80
7466 520 410 70
7467 500 432 68
7468 509 412 79
7469 500 416 84
7470 503 385 112
7471 472 428 100
7472 475 426 99
7473 496 409 95
7474 499 415 86
7475 498 410 92
7476 463 464 73
7477 482 440 78
7478 491 419 90
7479 462 445 93
7480 467 437 96
7481 469 423 108
7482 474 418 108
7483 470 451 79
7484 448 445 107
7485 457 435 108
7486 462 425 113
7487 446 452 102
7488 475 422 103
7489 443 472 85
7490 458 422 120
7491 451 448 101
7492 449 445 106
7493 469 419 112
7494 457 432 111
7495 483 409 108
7496 477 419 104
7497 484 404 112
7498 456 440 104
7499 479 414 107
7500 493 408 99
7501 489 430 81
7502 510 399 91
7503 511 404 85
7504 519 397 84
7505 518 401 81
7506 525 391 84
7507 480 441 79
7508 504 406 90
7509 517 394 89
7510 512 398 90
7511 512 408 80
7512 496 427 77
7513 516 391 93
7514 523 398 79
7515 511 419 70
7516 539 377 84
7517 518 412 70
7518 520 399 81
7519 510 392 98
7520 502 410 88
7521 513 400 87
7522 521 406 73
7523 524 395 81
7524 540 384 76
7525 520 407 73
7526 536 390 74
7527 523 409 68
7528 525 404 71
7529 533 388 79
7530 517 405 78
7531 530 381 89
7532 524 399 77
7533 511 402 87
7534 495 429 76
7535 496 406 98
7536 476 438 86
7537 508 406 86
7538 495 420 85
7539 495 436 69
7540 526 403 71
7541 581 349 70
7542 571 372 57
7543 592 350 58
7544 581 360 59
7545 597 335 68
7546 576 364 60
7547 595 343 62
7548 600 344 56
7549 588 374 38
7550 608 347 45
7551 614 342 44
7552 625 340 35
7553 659 297 44
7554 660 305 35
7555 644 310 46
7556 658 307 35
7557 683 291 26
7558 671 290 39
7559 664 307 29
7560 695 277 28
7561 677 286 37
7562 666 298 36
7563 632 337 31
7564 646 310 44
7565 629 332 39
7566 626 315 59
7567 627 330 43
7568 614 344 42
7569 633 318 49
7570 643 317 40
7571 648 316 36
7572 648 321 31
7573 665 309 26
7574 690 281 29
7575 686 285 29
7576 700 274 26
7577 717 250 33
7578 683 286 31
7579 699 275 26
7580 692 283 25
7581 674 302 24
7582 676 285 39
7583 653 319 28
7584 645 319 36
7585 650 313 37
7586 658 314 28
7587 658 297 45
7588 649 313 38
7589 685 286 29
7590 687 282 31
7591 686 280 34
7592 653 313 34
7593 626 334 40
7594 653 318 29
7595 678 277 45
7596 685 286 29
7597 688 289 23
7598 709 262 29
7599 720 251 29
7600 687 281 32
7601 679 296 25
7602 681 284 35
7603 699 278 23
7604 686 283 31
7605 684 298 18
7606 692 281 27
7607 685 290 25
7608 689 278 33
7609 707 270 23
7610 717 265 18
7611 714 262 24
7612 711 258 31
7613 681 288 31
7614 655 318 27
7615 655 310 35
7616 649 312 39
7617 671 292 37
7618 668 305 27
7619 658 302 40
7620 669 302 29
7621 662 307 31
7622 659 300 41
7623 674 289 37
7624 677 284 39
7625 684 283 33
7626 701 255 44
7627 692 289 19
7628 682 291 27
7629 691 269 40
7630 686 288 26
7631 684 287 29
7632 691 279 30
7633 654 307 39
7634 622 337 41
7635 630 328 42
7636 632 319 49
7637 603 359 38
7638 583 362 55
7639 577 376 47
7640 562 390 48
7641 586 360 54
7642 558 380 62
7643 592 345 63
7644 579 372 49
7645 599 328 73
7646 576 368 56
7647 556 380 64
7648 553 375 72
7649 549 396 55
7650 556 380 64
7651 547 381 72
7652 550 375 75
7653 564 365 71
7654 562 373 65
7655 568 361 71
7656 542 395 63
7657 526 410 64
7658 534 389 77
7659 514 423 63
7660 559 373 68
7661 557 373 70
7662 580 356 64
7663 581 367 52
7664 588 351 61
7665 586 352 62
7666 585 358 57
7667 587 378 35
7668 627 333 40
7669 608 339 53
7670 598 346 56
7671 619 332 49
7672 621 330 49
7673 628 328 44
7674 635 329 36
7675 616 341 43
7676 617 330 53
7677 595 355 50
7678 598 353 49
7679 621 338 41
7680 617 335 48
7681 604 343 53
7682 605 345 50
7683 618 335 47
7684 608 349 43
7685 603 350 47
7686 609 347 44
7687 601 351 48
7688 589 351 60
7689 576 367 57
7690 593 352 55
7691 598 346 56
7692 590 351 59
7693 587 362 51
7694 590 341 69
7695 574 359 67
7696 579 370 51
7697 576 376 48
7698 558 374 68
7699 563 382 55
7700 575 356 69
7701 588 337 75
7702 568 372 60
7703 592 359 49
7704 617 337 46
7705 595 354 51
7706 595 355 50
7707 573 364 63
7708 602 323 75
7709 600 355 45
7710 596 346 58
7711 615 339 46
7712 610 342 48
7713 615 337 48
7714 624 326 50
7715 605 343 52
7716 589 364 47
7717 566 368 66
7718 542 398 60
7719 549 385 66
7720 543 384 73
7721 583 352 65
7722 592 352 56
7723 563 382 55
7724 555 376 69
7725 538 394 68
7726 538 394 68
7727 549 367 84
7728 532 412 56
7729 553 388 59
7730 576 359 65
7731 554 371 75
7732 545 380 75
7733 553 397 50
7734 580 358 62
7735 585 358 57
7736 589 358 53
7737 527 414 59
7738 556 380 64
7739 561 363 76
7740 557 368 75
7741 570 359 71
7742 551 386 63
7743 539 403 58
7744 524 398 78
7745 514 411 75
7746 526 393 81
7747 518 407 75
7748 498 436 66
7749 531 394 75
7750 510 416 74
7751 513 409 78
7752 517 402 81
7753 544 384 72
7754 550 375 75
7755 544 399 57
7756 572 366 62
7757 579 357 64
7758 584 356 60
7759 633 323 44
7760 629 325 46
7761 609 343 48
7762 568 375 57
7763 554 387 59
7764 525 404 71
7765 532 381 87
7766 505 414 81
7767 520 410 70
7768 553 370 77
7769 552 383 65
7770 529 398 73
7771 521 415 64
7772 529 397 74
7773 515 409 76
7774 528 408 64
7775 557 367 76
7776 557 381 62
7777 539 389 72
7778 555 374 71
7779 571 376 53
7780 579 363 58
7781 559 378 63
7782 588 353 59
7783 588 355 57
7784 595 339 66
7785 590 351 59
7786 587 356 57
7787 553 392 55
7788 586 363 51
7789 605 334 61
7790 578 369 53
7791 611 331 58
7792 620 329 51
7793 595 349 56
7794 587 362 51
7795 568 386 46
7796 570 373 57
7797 553 380 67
7798 572 371 57
7799 568 386 46
7800 560 386 54
7801 576 368 56
7802 578 359 63
7803 573 359 68
7804 578 365 57
7805 573 376 51
7806 578 370 52
7807 573 365 62
7808 578 355 67
7809 560 388 52
7810 595 355 50
7811 607 330 63
7812 594 346 60
7813 586 367 47
7814 591 359 50
7815 611 339 50
7816 620 334 46
7817 609 352 39
7818 594 363 43
7819 601 349 50
7820 578 369 53
7821 587 352 61
7822 571 377 52
7823 581 366 53
7824 585 355 60
7825 624 333 43
7826 622 332 46
7827 600 347 53
7828 611 332 57
7829 601 343 56
7830 561 380 59
7831 563 373 64
7832 584 368 48
7833 576 362 62
7834 584 354 62
7835 591 341 68
7836 601 326 73
7837 583 360 57
7838 586 355 59
7839 577 381 42
7840 585 355 60
7841 577 370 53
7842 551 383 66
7843 534 407 59
7844 544 379 77
7845 553 371 76
7846 548 376 76
7847 534 395 71
7848 533 388 79
7849 517 397 86
7850 523 403 74
7851 535 389 76
7852 530 391 79
7853 522 388 90
7854 514 406 80
7855 488 408 104
7856 480 434 86
7857 501 412 87
7858 501 406 93
7859 504 410 86
7860 510 394 96
7861 493 435 72
7862 498 413 89
7863 495 408 97
7864 495 417 88
7865 447 476 77
7866 472 432 96
7867 467 426 107
7868 460 446 94
7869 442 458 100
7870 445 445 110
7871 441 451 108
7872 455 438 107
7873 445 451 104
7874 451 456 93
7875 451 445 104
7876 446 451 103
7877 441 462 97
7878 448 446 106
7879 482 439 79
7880 527 395 78
7881 543 368 89
7882 521 405 74
7883 516 411 73
7884 512 403 85
7885 518 401 81
7886 539 397 64
7887 533 390 77
7888 564 368 68
7889 565 373 62
7890 573 364 63
7891 565 361 74
7892 545 391 64
7893 540 397 63
7894 557 379 64
7895 563 374 63
7896 562 379 59
7897 593 361 46
7898 586 369 45
7899 583 347 70
7900 589 348 63
7901 577 368 55
7902 611 338 51
7903 603 347 50
7904 591 355 54
7905 592 341 67
7906 581 355 64
7907 598 348 54
7908 572 381 47
7909 579 355 66
7910 574 368 58
7911 535 405 60
7912 551 386 63
7913 575 353 72
7914 571 385 44
7915 574 370 56
7916 573 369 58
7917 594 354 52
7918 607 336 57
7919 592 358 50
7920 588 363 49
7921 607 345 48
7922 615 342 43
7923 635 321 44
7924 644 310 46
7925 619 323 58
7926 597 361 42
7927 592 364 44
7928 608 324 68
7929 587 369 44
7930 578 367 55
7931 572 373 55
7932 566 371 63
7933 594 351 55
7934 594 344 62
7935 581 367 52
7936 541 399 60
7937 540 403 57
7938 549 400 51
7939 577 367 56
7940 586 370 44
7941 588 370 42
7942 589 364 47
7943 581 361 58
7944 573 371 56
7945 579 361 60
7946 569 362 69
7947 588 348 64
7948 590 339 71
7949 543 405 52
7950 560 387 53
7951 547 394 59
7952 567 369 64
7953 575 356 69
7954 563 378 59
7955 547 385 68
7956 554 378 68
7957 565 369 66
7958 559 374 67
7959 556 382 62
7960 536 408 56
7961 569 375 56
7962 582 372 46
7963 595 345 60
7964 585 368 47
7965 591 344 65
7966 633 315 52
7967 618 341 41
7968 594 359 47
7969 576 372 52
7970 589 363 48
7971 598 337 65
7972 588 346 66
7973 581 371 48
7974 583 363 54
7975 596 345 59
7976 589 344 67
7977 581 343 76
7978 550 377 73
7979 531 397 72
7980 527 390 83
7981 530 401 69
7982 542 384 74
7983 535 394 71
7984 520 406 74
7985 510 405 85
7986 523 404 73
7987 527 413 60
7988 508 412 80
7989 512 387 101
7990 501 410 89
7991 501 413 86
7992 525 407 68
7993 527 397 76
7994 528 400 72
7995 546 372 82
7996 519 404 77
7997 532 384 84
7998 533 394 73
7999 524 397 79
8000 534 388 78
