// Initial random seed:
1792061931889

// RunInitializeCallbacks():
initializeMutationRate(1e-07);
initializeMutationType(0, 0.5, "f", 0);
initializeMutationType(1, 0.5, "f", -0.02);
initializeMutationType(2, 0.5, "f", 0);
initializeGenomicElementType(1, c(m0, m1), c(1, 0));
initializeGenomicElement(g1, 0, 499999);
initializeRecombinationRate(1e-06, 499999);

// Starting run at generation <start>:
1 

generation NN NI II
4000 999 0 1
4001 993 7 0
4002 992 8 0
4003 989 11 0
4004 992 8 0
4005 991 9 0
4006 986 14 0
4007 989 11 0
4008 988 12 0
4009 988 12 0
4010 991 9 0
4011 991 9 0
4012 991 9 0
4013 990 10 0
4014 986 14 0
4015 984 16 0
4016 982 18 0
4017 979 21 0
4018 977 23 0
4019 976 24 0
4020 975 25 0
4021 980 20 0
4022 975 25 0
4023 963 37 0
4024 969 31 0
4025 961 38 1
4026 961 38 1
4027 974 26 0
4028 968 32 0
4029 964 36 0
4030 963 36 1
4031 956 43 1
4032 937 61 2
4033 943 57 0
4034 932 67 1
4035 931 66 3
4036 920 80 0
4037 916 82 2
4038 923 77 0
4039 936 63 1
4040 935 64 1
4041 928 71 1
4042 935 62 3
4043 914 86 0
4044 916 83 1
4045 916 83 1
4046 920 77 3
4047 907 91 2
4048 908 92 0
4049 905 93 2
4050 905 91 4
4051 897 100 3
4052 891 107 2
4053 902 96 2
4054 892 106 2
4055 887 110 3
4056 885 111 4
4057 887 109 4
4058 906 92 2
4059 896 100 4
4060 884 113 3
4061 885 114 1
4062 876 121 3
4063 873 123 4
4064 862 136 2
4065 854 137 9
4066 843 152 5
4067 844 150 6
4068 842 151 7
4069 849 150 1
4070 862 129 9
4071 857 139 4
4072 861 133 6
4073 859 135 6
4074 858 135 7
4075 847 144 9
4076 868 121 11
4077 880 116 4
4078 871 124 5
4079 876 122 2
4080 858 138 4
4081 848 147 5
4082 835 156 9
4083 829 163 8
4084 830 165 5
4085 822 170 8
4086 838 157 5
4087 841 147 12
4088 855 141 4
4089 834 160 6
4090 820 177 3
4091 823 166 11
4092 813 178 9
4093 839 144 17
4094 824 168 8
4095 818 175 7
4096 801 185 14
4097 789 198 13
4098 786 203 11
4099 794 189 17
4100 786 204 10
4101 793 193 14
4102 778 211 11
4103 770 225 5
4104 766 212 22
4105 786 199 15
4106 776 208 16
4107 784 203 13
4108 803 187 10
4109 787 205 8
4110 803 187 10
4111 801 182 17
4112 788 198 14
4113 790 200 10
4114 800 192 8
4115 797 189 14
4116 780 209 11
4117 776 213 11
4118 780 207 13
4119 785 201 14
4120 790 193 17
4121 783 209 8
4122 803 183 14
4123 799 195 6
4124 812 174 14
4125 808 180 12
4126 784 203 13
4127 799 188 13
4128 790 198 12
4129 770 217 13
4130 802 185 13
4131 787 197 16
4132 797 194 9
4133 819 173 8
4134 816 174 10
4135 808 179 13
4136 804 186 10
4137 802 187 11
4138 802 191 7
4139 817 174 9
4140 814 175 11
4141 805 183 12
4142 816 178 6
4143 836 151 13
4144 821 167 12
4145 821 172 7
4146 836 156 8
4147 825 170 5
4148 817 175 8
4149 805 185 10
4150 809 181 10
4151 795 196 9
4152 788 197 15
4153 764 222 14
4154 789 192 19
4155 783 197 20
4156 792 196 12
4157 783 202 15
4158 774 210 16
4159 788 199 13
4160 785 203 12
4161 783 211 6
4162 784 201 15
4163 775 217 8
4164 779 216 5
4165 774 212 14
4166 782 203 15
4167 772 217 11
4168 767 217 16
4169 766 220 14
4170 771 215 14
4171 784 198 18
4172 773 208 19
4173 782 207 11
4174 782 206 12
4175 780 209 11
4176 784 202 14
4177 781 204 15
4178 763 219 18
4179 774 207 19
4180 760 218 22
4181 753 227 20
4182 745 236 19
4183 755 229 16
4184 761 222 17
4185 763 223 14
4186 760 225 15
4187 783 204 13
4188 787 200 13
4189 788 201 11
4190 798 187 15
4191 780 207 13
4192 777 216 7
4193 775 214 11
4194 785 200 15
4195 752 240 8
4196 765 220 15
4197 779 209 12
4198 777 209 14
4199 794 189 17
4200 794 191 15
4201 812 172 16
4202 805 185 10
4203 792 198 10
4204 796 193 11
4205 818 169 13
4206 801 194 5
4207 808 178 14
4208 775 215 10
4209 789 193 18
4210 780 211 9
4211 768 215 17
4212 774 207 19
4213 780 209 11
4214 772 216 12
4215 776 208 16
4216 787 196 17
4217 745 236 19
4218 748 237 15
4219 760 227 13
4220 768 216 16
4221 769 209 22
4222 781 207 12
4223 783 204 13
4224 782 204 14
4225 772 206 22
4226 758 228 14
4227 736 245 19
4228 747 226 27
4229 733 247 20
4230 710 263 27
4231 728 241 31
4232 688 289 23
4233 714 253 33
4234 724 259 17
4235 699 270 31
4236 700 268 32
4237 690 280 30
4238 716 260 24
4239 736 240 24
4240 742 239 19
4241 740 244 16
4242 747 241 12
4243 757 222 21
4244 747 237 16
4245 742 238 20
4246 749 236 15
4247 760 223 17
4248 774 205 21
4249 778 209 13
4250 797 192 11
4251 776 208 16
4252 779 201 20
4253 778 203 19
4254 777 206 17
4255 791 189 20
4256 788 196 16
4257 787 202 11
4258 787 204 9
4259 802 185 13
4260 801 185 14
4261 794 200 6
4262 800 186 14
4263 820 162 18
4264 802 186 12
4265 809 182 9
4266 839 157 4
4267 846 145 9
4268 859 138 3
4269 866 131 3
4270 864 130 6
4271 876 116 8
4272 882 113 5
4273 884 114 2
4274 891 107 2
4275 891 107 2
4276 885 109 6
4277 875 120 5
4278 893 103 4
4279 892 108 0
4280 890 109 1
4281 901 93 6
4282 895 101 4
4283 894 103 3
4284 912 86 2
4285 897 101 2
4286 913 83 4
4287 888 107 5
4288 883 113 4
4289 869 130 1
4290 859 135 6
4291 836 161 3
4292 845 148 7
4293 862 130 8
4294 867 128 5
4295 873 123 4
4296 870 124 6
4297 880 114 6
4298 891 105 4
4299 886 109 5
4300 873 125 2
4301 878 119 3
4302 882 114 4
4303 881 117 2
4304 883 115 2
4305 889 105 6
4306 884 114 2
4307 897 99 4
4308 883 113 4
4309 895 100 5
4310 875 123 2
4311 887 110 3
4312 880 116 4
4313 874 122 4
4314 889 110 1
4315 880 119 1
4316 889 109 2
4317 895 100 5
4318 889 106 5
4319 877 117 6
4320 857 141 2
4321 857 138 5
4322 866 131 3
4323 870 123 7
4324 862 132 6
4325 865 133 2
4326 870 124 6
4327 878 121 1
4328 885 114 1
4329 880 118 2
4330 889 109 2
4331 892 99 9
4332 872 125 3
4333 853 139 8
4334 868 131 1
4335 860 134 6
4336 840 151 9
4337 852 140 8
4338 869 127 4
4339 890 105 5
4340 892 103 5
4341 900 96 4
4342 902 96 2
4343 900 98 2
4344 897 102 1
4345 897 100 3
4346 899 99 2
4347 878 117 5
4348 876 123 1
4349 891 107 2
4350 892 103 5
4351 885 110 5
4352 872 126 2
4353 862 133 5
4354 872 123 5
4355 877 122 1
4356 882 113 5
4357 867 129 4
4358 881 116 3
4359 884 114 2
4360 887 112 1
4361 893 101 6
4362 878 121 1
4363 875 124 1
4364 889 108 3
4365 869 129 2
4366 877 120 3
4367 862 135 3
4368 857 135 8
4369 872 123 5
4370 871 127 2
4371 864 128 8
4372 868 125 7
4373 873 121 6
4374 873 127 0
4375 882 113 5
4376 881 112 7
4377 882 114 4
4378 885 113 2
4379 891 105 4
4380 881 118 1
4381 894 103 3
4382 901 96 3
4383 886 110 4
4384 872 125 3
4385 868 128 4
4386 850 143 7
4387 838 155 7
4388 841 152 7
4389 825 161 14
4390 830 161 9
4391 837 151 12
4392 845 147 8
4393 842 150 8
4394 830 167 3
4395 823 171 6
4396 825 165 10
4397 821 173 6
4398 835 154 11
4399 843 149 8
4400 828 161 11
4401 829 160 11
4402 848 146 6
4403 839 154 7
4404 855 139 6
4405 844 151 5
4406 845 148 7
4407 854 140 6
4408 851 143 6
4409 858 133 9
4410 855 138 7
4411 846 149 5
4412 847 142 11
4413 841 153 6
4414 845 144 11
4415 852 141 7
4416 857 137 6
4417 852 143 5
4418 842 152 6
4419 831 163 6
4420 844 148 8
4421 857 139 4
4422 853 141 6
4423 833 161 6
4424 818 169 13
4425 810 181 9
4426 827 165 8
4427 843 150 7
4428 830 160 10
4429 815 179 6
4430 821 175 4
4431 823 173 4
4432 817 176 7
4433 813 180 7
4434 812 181 7
4435 787 202 11
4436 775 211 14
4437 775 208 17
4438 781 206 13
4439 771 212 17
4440 746 237 17
4441 743 235 22
4442 721 259 20
4443 736 241 23
4444 733 241 26
4445 753 227 20
4446 763 218 19
4447 747 237 16
4448 739 246 15
4449 748 241 11
4450 725 261 14
4451 746 236 18
4452 754 229 17
4453 756 227 17
4454 736 250 14
4455 737 248 15
4456 737 241 22
4457 744 239 17
4458 742 229 29
4459 733 252 15
4460 744 239 17
4461 767 214 19
4462 747 239 14
4463 757 224 19
4464 764 219 17
4465 770 213 17
4466 772 208 20
4467 765 224 11
4468 770 213 17
4469 776 208 16
4470 759 221 20
4471 761 226 13
4472 774 215 11
4473 792 190 18
4474 774 214 12
4475 783 204 13
4476 775 216 9
4477 817 168 15
4478 824 165 11
4479 824 169 7
4480 810 179 11
4481 811 178 11
4482 819 172 9
4483 801 185 14
4484 785 202 13
4485 795 194 11
4486 803 187 10
4487 801 188 11
4488 808 186 6
4489 812 181 7
4490 796 188 16
4491 816 173 11
4492 831 160 9
4493 823 168 9
4494 818 172 10
4495 837 151 12
4496 853 137 10
4497 835 158 7
4498 822 170 8
4499 807 185 8
4500 822 165 13
4501 827 167 6
4502 830 159 11
4503 808 187 5
4504 831 164 5
4505 823 168 9
4506 812 176 12
4507 816 173 11
4508 808 181 11
4509 809 180 11
4510 828 161 11
4511 839 159 2
4512 842 148 10
4513 830 164 6
4514 819 170 11
4515 811 179 10
4516 829 160 11
4517 827 159 14
4518 844 147 9
4519 809 186 5
4520 821 163 16
4521 827 163 10
4522 851 142 7
4523 848 144 8
4524 839 155 6
4525 849 147 4
4526 872 120 8
4527 869 124 7
4528 858 138 4
4529 848 147 5
4530 851 141 8
4531 837 156 7
4532 860 132 8
4533 852 143 5
4534 834 160 6
4535 818 173 9
4536 846 151 3
4537 832 163 5
4538 842 153 5
4539 820 171 9
4540 826 164 10
4541 816 173 11
4542 833 156 11
4543 808 182 10
4544 810 182 8
4545 808 176 16
4546 790 200 10
4547 800 189 11
4548 795 197 8
4549 789 200 11
4550 806 180 14
4551 819 171 10
4552 810 182 8
4553 803 189 8
4554 809 182 9
4555 816 171 13
4556 843 151 6
4557 848 147 5
4558 840 155 5
4559 859 134 7
4560 866 128 6
4561 854 140 6
4562 863 132 5
4563 841 155 4
4564 850 144 6
4565 835 160 5
4566 850 148 2
4567 852 142 6
4568 836 157 7
4569 844 153 3
4570 836 159 5
4571 832 162 6
4572 827 167 6
4573 824 163 13
4574 844 147 9
4575 847 145 8
4576 845 151 4
4577 869 121 10
4578 846 149 5
4579 847 147 6
4580 864 127 9
4581 853 139 8
4582 829 162 9
4583 821 167 12
4584 783 204 13
4585 774 211 15
4586 761 225 14
4587 766 216 18
4588 764 223 13
4589 775 214 11
4590 759 228 13
4591 754 232 14
4592 761 221 18
4593 792 191 17
4594 773 216 11
4595 763 216 21
4596 762 221 17
4597 764 219 17
4598 746 239 15
4599 750 237 13
4600 751 228 21
4601 754 228 18
4602 763 226 11
4603 758 226 16
4604 759 226 15
4605 744 235 21
4606 754 227 19
4607 752 227 21
4608 768 216 16
4609 761 227 12
4610 739 245 16
4611 755 224 21
4612 737 248 15
4613 752 232 16
4614 762 221 17
4615 792 198 10
4616 780 207 13
4617 801 191 8
4618 797 190 13
4619 817 172 11
4620 827 165 8
4621 814 180 6
4622 820 173 7
4623 798 193 9
4624 799 199 2
4625 808 186 6
4626 814 172 14
4627 812 172 16
4628 780 209 11
4629 786 207 7
4630 808 182 10
4631 813 178 9
4632 804 191 5
4633 818 174 8
4634 827 163 10
4635 824 168 8
4636 829 167 4
4637 855 138 7
4638 850 146 4
4639 839 150 11
4640 834 159 7
4641 837 161 2
4642 848 146 6
4643 846 148 6
4644 846 146 8
4645 827 171 2
4646 811 179 10
4647 803 185 12
4648 794 190 16
4649 789 193 18
4650 780 203 17
4651 780 209 11
4652 779 210 11
4653 776 208 16
4654 780 205 15
4655 766 218 16
4656 785 203 12
4657 783 204 13
4658 805 185 10
4659 803 185 12
4660 789 197 14
4661 802 190 8
4662 812 180 8
4663 832 156 12
4664 839 156 5
4665 848 143 9
4666 831 161 8
4667 815 177 8
4668 831 160 9
4669 812 180 8
4670 799 192 9
4671 808 182 10
4672 809 175 16
4673 817 167 16
4674 815 173 12
4675 814 176 10
4676 801 193 6
4677 779 211 10
4678 783 209 8
4679 800 189 11
4680 806 181 13
4681 790 207 3
4682 793 194 13
4683 792 202 6
4684 803 186 11
4685 792 196 12
4686 789 204 7
4687 787 197 16
4688 781 204 15
4689 774 211 15
4690 764 222 14
4691 758 225 17
4692 753 224 23
4693 755 228 17
4694 762 219 19
4695 749 235 16
4696 759 226 15
4697 753 234 13
4698 752 238 10
4699 773 213 14
4700 759 227 14
4701 774 209 17
4702 781 209 10
4703 796 191 13
4704 798 188 14
4705 792 190 18
4706 800 187 13
4707 787 206 7
4708 787 199 14
4709 778 209 13
4710 753 233 14
4711 759 229 12
4712 767 218 15
4713 762 227 11
4714 782 205 13
4715 784 206 10
4716 788 195 17
4717 780 206 14
4718 792 190 18
4719 810 176 14
4720 812 180 8
4721 797 193 10
4722 797 195 8
4723 788 199 13
4724 799 187 14
4725 799 190 11
4726 805 181 14
4727 783 205 12
4728 775 210 15
4729 759 228 13
4730 744 244 12
4731 752 232 16
4732 759 221 20
4733 767 216 17
4734 774 215 11
4735 780 207 13
4736 772 219 9
4737 772 211 17
4738 764 220 16
4739 764 214 22
4740 760 226 14
4741 763 225 12
4742 752 235 13
4743 764 221 15
4744 770 222 8
4745 782 205 13
4746 784 205 11
4747 788 204 8
4748 815 172 13
4749 788 199 13
4750 792 199 9
4751 780 202 18
4752 770 214 16
4753 780 203 17
4754 771 218 11
4755 774 212 14
4756 776 209 15
4757 795 191 14
4758 812 179 9
4759 823 173 4
4760 832 162 6
4761 856 137 7
4762 832 167 1
4763 837 157 6
4764 855 137 8
4765 834 158 8
4766 826 170 4
4767 829 166 5
4768 825 168 7
4769 814 181 5
4770 825 166 9
4771 816 175 9
4772 815 178 7
4773 804 187 9
4774 808 182 10
4775 790 200 10
4776 808 181 11
4777 823 168 9
4778 812 175 13
4779 811 178 11
4780 797 192 11
4781 787 202 11
4782 766 217 17
4783 768 223 9
4784 763 224 13
4785 775 209 16
4786 785 200 15
4787 794 198 8
4788 812 177 11
4789 806 181 13
4790 773 219 8
4791 776 208 16
4792 793 189 18
4793 817 174 9
4794 823 170 7
4795 819 177 4
4796 809 185 6
4797 811 179 10
4798 804 187 9
4799 809 183 8
4800 798 196 6
4801 804 187 9
4802 806 177 17
4803 788 205 7
4804 777 213 10
4805 763 219 18
4806 773 211 16
4807 768 219 13
4808 772 214 14
4809 791 193 16
4810 813 179 8
4811 811 182 7
4812 819 167 14
4813 820 171 9
4814 814 178 8
4815 834 156 10
4816 852 144 4
4817 855 139 6
4818 845 149 6
4819 859 135 6
4820 869 126 5
4821 866 132 2
4822 880 117 3
4823 872 124 4
4824 877 120 3
4825 884 111 5
4826 895 100 5
4827 901 97 2
4828 901 94 5
4829 901 96 3
4830 905 92 3
4831 905 93 2
4832 914 85 1
4833 916 81 3
4834 917 83 0
4835 923 77 0
4836 925 74 1
4837 917 83 0
4838 916 84 0
4839 917 82 1
4840 931 66 3
4841 929 68 3
4842 926 73 1
4843 928 71 1
4844 929 70 1
4845 930 69 1
4846 928 68 4
4847 921 79 0
4848 926 72 2
4849 926 73 1
4850 924 76 0
4851 917 82 1
4852 917 80 3
4853 901 97 2
4854 903 95 2
4855 909 88 3
4856 905 93 2
4857 892 106 2
4858 891 103 6
4859 869 125 6
4860 866 128 6
4861 860 137 3
4862 870 123 7
4863 872 124 4
4864 868 130 2
4865 868 130 2
4866 862 138 0
4867 869 126 5
4868 857 141 2
4869 856 140 4
4870 852 146 2
4871 863 132 5
4872 857 138 5
4873 847 149 4
4874 845 149 6
4875 843 149 8
4876 844 148 8
4877 844 149 7
4878 834 157 9
4879 815 179 6
4880 812 178 10
4881 803 181 16
4882 787 204 9
4883 786 198 16
4884 793 197 10
4885 799 185 16
4886 789 195 16
4887 813 173 14
4888 791 201 8
4889 790 193 17
4890 811 176 13
4891 807 180 13
4892 813 173 14
4893 800 191 9
4894 797 188 15
4895 798 193 9
4896 788 200 12
4897 795 193 12
4898 786 191 23
4899 782 204 14
4900 751 236 13
4901 762 220 18
4902 765 222 13
4903 763 220 17
4904 772 216 12
4905 793 190 17
4906 797 192 11
4907 798 188 14
4908 807 177 16
4909 802 187 11
4910 809 180 11
4911 800 188 12
4912 788 200 12
4913 775 215 10
4914 779 209 12
4915 767 218 15
4916 781 206 13
4917 776 213 11
4918 772 211 17
4919 781 204 15
4920 764 222 14
4921 771 213 16
4922 766 217 17
4923 768 217 15
4924 776 208 16
4925 744 233 23
4926 746 234 20
4927 742 246 12
4928 738 247 15
4929 750 231 19
4930 759 226 15
4931 756 231 13
4932 732 248 20
4933 724 245 31
4934 730 247 23
4935 710 266 24
4936 714 259 27
4937 721 260 19
4938 730 250 20
4939 728 252 20
4940 737 243 20
4941 752 225 23
4942 735 249 16
4943 728 249 23
4944 743 238 19
4945 748 234 18
4946 736 244 20
4947 759 224 17
4948 750 230 20
4949 739 245 16
4950 737 236 27
4951 729 256 15
4952 733 253 14
4953 760 222 18
4954 792 187 21
4955 798 191 11
4956 794 200 6
4957 794 195 11
4958 785 209 6
4959 794 192 14
4960 798 191 11
4961 784 207 9
4962 801 185 14
4963 774 217 9
4964 796 187 17
4965 789 192 19
4966 809 182 9
4967 799 189 12
4968 808 181 11
4969 816 178 6
4970 806 183 11
4971 818 173 9
4972 820 176 4
4973 829 166 5
4974 843 151 6
4975 846 148 6
4976 836 156 8
4977 820 175 5
4978 818 173 9
4979 832 164 4
4980 828 164 8
4981 817 176 7
4982 815 173 12
4983 794 196 10
4984 794 198 8
4985 786 204 10
4986 793 190 17
4987 816 177 7
4988 812 179 9
4989 823 168 9
4990 838 153 9
4991 807 182 11
4992 804 187 9
4993 802 187 11
4994 807 180 13
4995 815 173 12
4996 805 186 9
4997 819 170 11
4998 832 159 9
4999 838 156 6
5000 842 154 4
5001 855 142 3
5002 833 156 11
5003 840 149 11
5004 820 171 9
5005 804 187 9
5006 804 186 10
5007 814 177 9
5008 820 174 6
5009 819 176 5
5010 814 178 8
5011 822 169 9
5012 836 160 4
5013 847 148 5
5014 847 150 3
5015 860 133 7
5016 862 135 3
5017 875 120 5
5018 865 133 2
5019 872 122 6
5020 877 117 6
5021 892 104 4
5022 881 118 1
5023 877 119 4
5024 863 134 3
5025 851 142 7
5026 838 156 6
5027 853 144 3
5028 861 130 9
5029 859 134 7
5030 860 133 7
5031 846 148 6
5032 847 149 4
5033 850 143 7
5034 861 135 4
5035 864 132 4
5036 859 138 3
5037 867 129 4
5038 841 157 2
5039 829 160 11
5040 822 165 13
5041 827 163 10
5042 819 174 7
5043 809 182 9
5044 815 176 9
5045 793 196 11
5046 791 196 13
5047 794 195 11
5048 763 231 6
5049 765 226 9
5050 741 242 17
5051 728 254 18
5052 713 270 17
5053 711 268 21
5054 729 248 23
5055 739 242 19
5056 739 247 14
5057 757 222 21
5058 789 194 17
5059 783 210 7
5060 797 192 11
5061 818 173 9
5062 825 168 7
5063 850 144 6
5064 852 142 6
5065 859 136 5
5066 871 125 4
5067 865 131 4
5068 858 139 3
5069 840 155 5
5070 823 173 4
5071 807 188 5
5072 800 188 12
5073 799 192 9
5074 804 184 12
5075 791 202 7
5076 809 180 11
5077 793 195 12
5078 801 185 14
5079 803 184 13
5080 792 194 14
5081 788 198 14
5082 806 187 7
5083 809 180 11
5084 819 172 9
5085 825 169 6
5086 807 186 7
5087 812 180 8
5088 810 181 9
5089 821 171 8
5090 821 166 13
5091 803 186 11
5092 805 188 7
5093 810 175 15
5094 805 184 11
5095 840 154 6
5096 839 154 7
5097 838 156 6
5098 820 170 10
5099 848 147 5
5100 841 157 2
5101 860 131 9
5102 853 144 3
5103 853 143 4
5104 845 154 1
5105 864 131 5
5106 864 128 8
5107 842 147 11
5108 830 164 6
5109 829 167 4
5110 817 174 9
5111 823 172 5
5112 820 174 6
5113 825 166 9
5114 844 148 8
5115 857 134 9
5116 833 161 6
5117 823 170 7
5118 829 166 5
5119 841 152 7
5120 842 150 8
5121 844 146 10
5122 835 160 5
5123 837 155 8
5124 839 154 7
5125 843 150 7
5126 818 175 7
5127 827 162 11
5128 820 172 8
5129 809 183 8
5130 817 170 13
5131 805 184 11
5132 795 188 17
5133 779 209 12
5134 813 176 11
5135 823 165 12
5136 819 171 10
5137 821 172 7
5138 838 153 9
5139 818 172 10
5140 812 174 14
5141 795 195 10
5142 777 208 15
5143 769 210 21
5144 778 217 5
5145 793 200 7
5146 788 194 18
5147 765 221 14
5148 780 209 11
5149 773 219 8
5150 790 200 10
5151 790 203 7
5152 792 202 6
5153 807 183 10
5154 799 189 12
5155 806 181 13
5156 815 180 5
5157 815 177 8
5158 806 191 3
5159 812 179 9
5160 828 165 7
5161 843 146 11
5162 816 177 7
5163 824 162 14
5164 825 162 13
5165 827 162 11
5166 823 165 12
5167 836 156 8
5168 842 152 6
5169 825 167 8
5170 820 170 10
5171 855 134 11
5172 849 143 8
5173 850 147 3
5174 837 159 4
5175 842 152 6
5176 861 134 5
5177 871 122 7
5178 862 133 5
5179 846 149 5
5180 853 144 3
5181 852 136 12
5182 850 141 9
5183 840 154 6
5184 835 156 9
5185 845 147 8
5186 833 161 6
5187 824 167 9
5188 837 152 11
5189 831 161 8
5190 837 153 10
5191 833 154 13
5192 838 156 6
5193 836 159 5
5194 853 142 5
5195 873 124 3
5196 864 130 6
5197 846 147 7
5198 854 136 10
5199 859 136 5
5200 844 152 4
5201 830 159 11
5202 809 184 7
5203 828 164 8
5204 801 193 6
5205 823 172 5
5206 830 162 8
5207 831 158 11
5208 811 183 6
5209 809 177 14
5210 803 190 7
5211 809 182 9
5212 797 194 9
5213 801 189 10
5214 798 196 6
5215 788 198 14
5216 796 192 12
5217 793 194 13
5218 782 209 9
5219 797 195 8
5220 805 186 9
5221 812 177 11
5222 822 169 9
5223 816 173 11
5224 827 167 6
5225 829 165 6
5226 814 174 12
5227 820 170 10
5228 823 169 8
5229 824 168 8
5230 844 146 10
5231 828 160 12
5232 836 154 10
5233 837 153 10
5234 840 151 9
5235 846 145 9
5236 859 139 2
5237 863 132 5
5238 872 120 8
5239 860 136 4
5240 877 116 7
5241 889 104 7
5242 884 111 5
5243 898 99 3
5244 903 96 1
5245 889 110 1
5246 894 103 3
5247 903 96 1
5248 900 97 3
5249 896 100 4
5250 898 96 6
5251 896 103 1
5252 900 94 6
5253 899 99 2
5254 897 100 3
5255 905 92 3
5256 900 99 1
5257 900 99 1
5258 915 84 1
5259 921 77 2
5260 918 81 1
5261 926 73 1
5262 920 79 1
5263 912 87 1
5264 901 96 3
5265 893 103 4
5266 889 108 3
5267 884 113 3
5268 872 124 4
5269 874 118 8
5270 854 139 7
5271 864 125 11
5272 848 150 2
5273 849 144 7
5274 854 142 4
5275 867 125 8
5276 851 138 11
5277 831 164 5
5278 828 164 8
5279 830 161 9
5280 818 174 8
5281 810 180 10
5282 794 199 7
5283 788 202 10
5284 787 195 18
5285 794 192 14
5286 792 195 13
5287 789 201 10
5288 797 189 14
5289 829 162 9
5290 829 163 8
5291 835 159 6
5292 836 159 5
5293 831 161 8
5294 831 158 11
5295 827 164 9
5296 830 163 7
5297 821 169 10
5298 804 186 10
5299 818 176 6
5300 829 166 5
5301 834 162 4
5302 824 167 9
5303 842 149 9
5304 834 163 3
5305 850 139 11
5306 830 159 11
5307 833 160 7
5308 850 140 10
5309 828 163 9
5310 837 157 6
5311 820 174 6
5312 842 151 7
5313 829 163 8
5314 823 167 10
5315 802 188 10
5316 821 173 6
5317 822 165 13
5318 833 162 5
5319 835 160 5
5320 842 152 6
5321 831 167 2
5322 834 156 10
5323 827 163 10
5324 820 179 1
5325 835 159 6
5326 840 155 5
5327 842 153 5
5328 842 151 7
5329 851 140 9
5330 868 124 8
5331 868 127 5
5332 855 140 5
5333 844 151 5
5334 845 148 7
5335 855 142 3
5336 836 157 7
5337 832 159 9
5338 816 173 11
5339 825 164 11
5340 813 180 7
5341 810 182 8
5342 794 196 10
5343 775 213 12
5344 793 195 12
5345 806 185 9
5346 826 166 8
5347 815 179 6
5348 799 188 13
5349 819 170 11
5350 817 173 10
5351 820 175 5
5352 843 147 10
5353 844 147 9
5354 844 151 5
5355 840 157 3
5356 835 154 11
5357 828 167 5
5358 816 176 8
5359 826 165 9
5360 820 167 13
5361 818 172 10
5362 803 187 10
5363 809 179 12
5364 791 196 13
5365 790 189 21
5366 779 209 12
5367 776 215 9
5368 789 196 15
5369 799 191 10
5370 786 198 16
5371 800 184 16
5372 787 201 12
5373 788 199 13
5374 801 193 6
5375 802 179 19
5376 809 179 12
5377 806 184 10
5378 811 181 8
5379 807 186 7
5380 801 187 12
5381 801 188 11
5382 812 175 13
5383 805 189 6
5384 810 182 8
5385 810 181 9
5386 806 182 12
5387 795 196 9
5388 808 189 3
5389 828 167 5
5390 842 148 10
5391 838 156 6
5392 839 155 6
5393 846 149 5
5394 834 159 7
5395 826 171 3
5396 826 167 7
5397 832 159 9
5398 839 153 8
5399 831 162 7
5400 836 159 5
5401 855 140 5
5402 846 146 8
5403 837 160 3
5404 812 182 6
5405 820 168 12
5406 798 194 8
5407 770 215 15
5408 764 222 14
5409 762 228 10
5410 765 223 12
5411 772 213 15
5412 781 209 10
5413 801 185 14
5414 796 193 11
5415 797 192 11
5416 772 211 17
5417 760 226 14
5418 770 220 10
5419 764 223 13
5420 787 204 9
5421 764 226 10
5422 779 205 16
5423 764 216 20
5424 779 212 9
5425 775 207 18
5426 768 219 13
5427 754 226 20
5428 779 206 15
5429 770 217 13
5430 769 211 20
5431 758 224 18
5432 755 224 21
5433 746 236 18
5434 734 240 26
5435 729 251 20
5436 724 254 22
5437 728 246 26
5438 735 251 14
5439 702 277 21
5440 710 266 24
5441 743 237 20
5442 740 245 15
5443 755 232 13
5444 770 210 20
5445 784 201 15
5446 778 206 16
5447 778 214 8
5448 805 188 7
5449 817 176 7
5450 815 172 13
5451 806 184 10
5452 804 182 14
5453 811 182 7
5454 813 185 2
5455 818 172 10
5456 818 174 8
5457 830 161 9
5458 832 160 8
5459 840 153 7
5460 831 166 3
5461 838 156 6
5462 841 152 7
5463 843 148 9
5464 845 149 6
5465 851 148 1
5466 845 149 6
5467 846 145 9
5468 836 157 7
5469 829 164 7
5470 834 164 2
5471 829 166 5
5472 851 142 7
5473 837 155 8
5474 828 170 2
5475 838 151 11
5476 819 175 6
5477 841 148 11
5478 836 158 6
5479 843 153 4
5480 845 149 6
5481 805 187 8
5482 794 194 12
5483 808 180 12
5484 819 172 9
5485 790 199 11
5486 795 191 14
5487 791 201 8
5488 803 187 10
5489 814 180 6
5490 813 177 10
5491 813 178 9
5492 801 185 14
5493 791 194 15
5494 792 198 10
5495 794 194 12
5496 791 201 8
5497 775 211 14
5498 752 228 20
5499 757 228 15
5500 765 220 15
5501 759 228 13
5502 793 189 18
5503 803 189 8
5504 806 181 13
5505 808 183 9
5506 822 168 10
5507 819 171 10
5508 819 166 15
5509 792 200 8
5510 801 190 9
5511 818 175 7
5512 828 167 5
5513 839 152 9
5514 819 172 9
5515 820 174 6
5516 830 158 12
5517 815 174 11
5518 837 156 7
5519 859 137 4
5520 853 141 6
5521 847 151 2
5522 831 159 10
5523 824 169 7
5524 825 168 7
5525 809 181 10
5526 816 178 6
5527 803 187 10
5528 818 170 12
5529 829 164 7
5530 802 179 19
5531 802 183 15
5532 808 176 16
5533 795 195 10
5534 796 198 6
5535 836 155 9
5536 846 147 7
5537 855 140 5
5538 846 147 7
5539 853 141 6
5540 848 146 6
5541 855 142 3
5542 864 130 6
5543 853 138 9
5544 825 171 4
5545 810 178 12
5546 807 181 12
5547 788 195 17
5548 784 199 17
5549 773 212 15
5550 769 213 18
5551 754 234 12
5552 767 221 12
5553 782 203 15
5554 792 192 16
5555 796 190 14
5556 787 196 17
5557 790 200 10
5558 796 193 11
5559 771 216 13
5560 776 203 21
5561 764 219 17
5562 772 216 12
5563 766 222 12
5564 778 207 15
5565 775 208 17
5566 753 231 16
5567 745 240 15
5568 766 222 12
5569 777 213 10
5570 784 201 15
5571 810 181 9
5572 826 166 8
5573 828 165 7
5574 808 185 7
5575 786 203 11
5576 800 186 14
5577 809 180 11
5578 797 191 12
5579 786 201 13
5580 784 207 9
5581 782 205 13
5582 797 187 16
5583 799 186 15
5584 803 186 11
5585 799 187 14
5586 809 181 10
5587 808 183 9
5588 812 185 3
5589 814 175 11
5590 804 186 10
5591 802 183 15
5592 789 203 8
5593 788 200 12
5594 801 183 16
5595 797 189 14
5596 774 215 11
5597 780 199 21
5598 787 201 12
5599 780 210 10
5600 784 199 17
5601 794 200 6
5602 786 204 10
5603 806 182 12
5604 784 202 14
5605 790 195 15
5606 790 194 16
5607 797 193 10
5608 787 206 7
5609 791 202 7
5610 810 179 11
5611 803 187 10
5612 798 193 9
5613 802 181 17
5614 786 205 9
5615 772 212 16
5616 778 208 14
5617 778 210 12
5618 770 210 20
5619 782 203 15
5620 807 188 5
5621 790 199 11
5622 802 186 12
5623 785 203 12
5624 804 186 10
5625 832 154 14
5626 814 173 13
5627 817 173 10
5628 817 178 5
5629 827 164 9
5630 828 161 11
5631 826 167 7
5632 826 166 8
5633 830 164 6
5634 808 181 11
5635 795 198 7
5636 790 200 10
5637 824 169 7
5638 832 162 6
5639 821 173 6
5640 826 157 17
5641 799 190 11
5642 781 206 13
5643 790 200 10
5644 807 182 11
5645 828 165 7
5646 834 161 5
5647 825 164 11
5648 824 168 8
5649 838 153 9
5650 840 153 7
5651 825 170 5
5652 832 158 10
5653 807 186 7
5654 817 166 17
5655 790 201 9
5656 785 202 13
5657 790 194 16
5658 800 187 13
5659 824 167 9
5660 835 157 8
5661 844 143 13
5662 828 163 9
5663 834 159 7
5664 819 173 8
5665 830 157 13
5666 861 128 11
5667 866 129 5
5668 865 130 5
5669 872 124 4
5670 878 116 6
5671 870 126 4
5672 882 110 8
5673 887 109 4
5674 881 112 7
5675 891 106 3
5676 876 121 3
5677 872 122 6
5678 862 128 10
5679 841 151 8
5680 853 142 5
5681 852 145 3
5682 858 132 10
5683 841 148 11
5684 833 158 9
5685 837 156 7
5686 867 127 6
5687 867 131 2
5688 865 130 5
5689 866 126 8
5690 854 141 5
5691 850 148 2
5692 838 156 6
5693 844 150 6
5694 846 149 5
5695 855 135 10
5696 851 144 5
5697 852 143 5
5698 853 140 7
5699 881 114 5
5700 874 124 2
5701 872 121 7
5702 875 119 6
5703 873 123 4
5704 869 124 7
5705 841 156 3
5706 852 143 5
5707 875 120 5
5708 870 124 6
5709 868 126 6
5710 878 115 7
5711 864 127 9
5712 859 130 11
5713 834 161 5
5714 821 168 11
5715 804 188 8
5716 786 199 15
5717 806 190 4
5718 824 170 6
5719 813 177 10
5720 800 191 9
5721 809 180 11
5722 824 163 13
5723 813 178 9
5724 799 190 11
5725 790 201 9
5726 787 200 13
5727 809 178 13
5728 809 184 7
5729 824 165 11
5730 820 170 10
5731 829 160 11
5732 820 171 9
5733 815 176 9
5734 792 191 17
5735 775 206 19
5736 780 202 18
5737 787 197 16
5738 790 193 17
5739 784 202 14
5740 791 189 20
5741 773 218 9
5742 776 208 16
5743 784 201 15
5744 802 180 18
5745 817 173 10
5746 812 186 2
5747 803 190 7
5748 797 194 9
5749 814 176 10
5750 801 188 11
5751 799 196 5
5752 792 202 6
5753 816 176 8
5754 831 163 6
5755 833 165 2
5756 835 159 6
5757 843 152 5
5758 828 168 4
5759 818 172 10
5760 809 177 14
5761 833 157 10
5762 835 153 12
5763 865 126 9
5764 873 127 0
5765 888 109 3
5766 900 99 1
5767 902 96 2
5768 895 104 1
5769 905 93 2
5770 902 96 2
5771 906 92 2
5772 909 87 4
5773 909 91 0
5774 920 80 0
5775 920 78 2
5776 903 93 4
5777 896 100 4
5778 890 108 2
5779 894 103 3
5780 864 131 5
5781 854 141 5
5782 849 145 6
5783 853 142 5
5784 868 129 3
5785 859 137 4
5786 851 145 4
5787 866 130 4
5788 849 149 2
5789 843 151 6
5790 828 164 8
5791 832 164 4
5792 827 165 8
5793 832 159 9
5794 823 166 11
5795 800 182 18
5796 800 189 11
5797 806 191 3
5798 824 167 9
5799 802 188 10
5800 816 173 11
5801 827 159 14
5802 839 153 8
5803 828 166 6
5804 836 158 6
5805 842 149 9
5806 817 170 13
5807 818 170 12
5808 828 158 14
5809 832 155 13
5810 815 175 10
5811 827 165 8
5812 801 191 8
5813 811 176 13
5814 802 185 13
5815 807 183 10
5816 808 182 10
5817 817 172 11
5818 812 178 10
5819 814 177 9
5820 827 165 8
5821 838 157 5
5822 850 143 7
5823 830 163 7
5824 817 174 9
5825 814 174 12
5826 810 182 8
5827 816 171 13
5828 817 173 10
5829 813 181 6
5830 819 176 5
5831 804 185 11
5832 794 195 11
5833 789 201 10
5834 808 185 7
5835 819 169 12
5836 814 176 10
5837 804 191 5
5838 805 181 14
5839 792 202 6
5840 804 177 19
5841 773 211 16
5842 771 218 11
5843 779 206 15
5844 785 200 15
5845 795 188 17
5846 790 204 6
5847 808 176 16
5848 807 187 6
5849 804 188 8
5850 806 180 14
5851 775 202 23
5852 752 232 16
5853 756 231 13
5854 759 225 16
5855 768 213 19
5856 782 199 19
5857 771 221 8
5858 775 210 15
5859 786 203 11
5860 815 176 9
5861 834 162 4
5862 827 162 11
5863 856 138 6
5864 859 136 5
5865 861 134 5
5866 859 141 0
5867 839 157 4
5868 864 131 5
5869 860 135 5
5870 858 139 3
5871 865 130 5
5872 850 142 8
5873 869 127 4
5874 872 123 5
5875 868 124 8
5876 870 127 3
5877 884 113 3
5878 888 111 1
5879 856 140 4
5880 845 151 4
5881 852 141 7
5882 842 149 9
5883 822 169 9
5884 824 167 9
5885 812 181 7
5886 795 200 5
5887 799 194 7
5888 806 180 14
5889 800 193 7
5890 814 173 13
5891 805 180 15
5892 801 186 13
5893 782 205 13
5894 750 237 13
5895 749 235 16
5896 746 231 23
5897 740 236 24
5898 719 260 21
5899 731 239 30
5900 713 270 17
5901 718 260 22
5902 741 241 18
5903 712 266 22
5904 706 268 26
5905 718 256 26
5906 715 258 27
5907 723 256 21
5908 723 255 22
5909 720 256 24
5910 710 265 25
5911 727 258 15
5912 739 241 20
5913 756 227 17
5914 772 213 15
5915 768 216 16
5916 778 208 14
5917 780 212 8
5918 786 204 10
5919 816 173 11
5920 828 162 10
5921 812 176 12
5922 793 193 14
5923 806 185 9
5924 817 171 12
5925 831 157 12
5926 835 156 9
5927 837 156 7
5928 839 152 9
5929 835 158 7
5930 820 165 15
5931 825 168 7
5932 817 173 10
5933 833 157 10
5934 820 177 3
5935 827 163 10
5936 825 167 8
5937 815 178 7
5938 818 169 13
5939 815 175 10
5940 809 176 15
5941 800 188 12
5942 804 186 10
5943 809 184 7
5944 810 181 9
5945 777 207 16
5946 753 233 14
5947 764 227 9
5948 788 204 8
5949 773 214 13
5950 745 244 11
5951 782 204 14
5952 778 200 22
5953 775 217 8
5954 794 192 14
5955 787 198 15
5956 791 200 9
5957 795 196 9
5958 790 196 14
5959 805 186 9
5960 791 187 22
5961 768 212 20
5962 758 222 20
5963 754 223 23
5964 791 184 25
5965 791 188 21
5966 808 179 13
5967 808 183 9
5968 832 156 12
5969 832 155 13
5970 826 163 11
5971 815 173 12
5972 809 183 8
5973 806 188 6
5974 792 191 17
5975 804 178 18
5976 786 204 10
5977 800 190 10
5978 796 193 11
5979 785 201 14
5980 804 187 9
5981 798 191 11
5982 792 198 10
5983 785 202 13
5984 770 218 12
5985 778 208 14
5986 771 217 12
5987 795 192 13
5988 798 195 7
5989 781 206 13
5990 784 203 13
5991 759 228 13
5992 759 223 18
5993 750 245 5
5994 762 219 19
5995 766 219 15
5996 776 209 15
5997 797 193 10
5998 774 213 13
5999 777 206 17
6000 765 224 11
6001 746 234 20
6002 751 232 17
6003 733 252 15
6004 736 242 22
6005 741 244 15
6006 749 234 17
6007 742 244 14
6008 739 231 30
6009 734 250 16
6010 730 250 20
6011 724 263 13
6012 709 270 21
6013 723 252 25
6014 715 265 20
6015 733 250 17
6016 740 238 22
6017 728 246 26
6018 716 261 23
6019 730 251 19
6020 734 240 26
6021 736 246 18
6022 722 259 19
6023 727 247 26
6024 744 237 19
6025 731 247 22
6026 743 239 18
6027 726 255 19
6028 731 254 15
6029 767 217 16
6030 770 216 14
6031 779 210 11
6032 769 214 17
6033 777 205 18
6034 774 210 16
6035 785 202 13
6036 798 187 15
6037 789 197 14
6038 780 205 15
6039 756 232 12
6040 753 221 26
6041 742 242 16
6042 749 229 22
6043 724 252 24
6044 732 242 26
6045 751 227 22
6046 751 227 22
6047 743 230 27
6048 752 222 26
6049 753 229 18
6050 771 214 15
6051 742 250 8
6052 730 249 21
6053 731 241 28
6054 715 257 28
6055 706 274 20
6056 736 238 26
6057 728 249 23
6058 737 250 13
6059 746 241 13
6060 760 224 16
6061 774 212 14
6062 776 212 12
6063 774 214 12
6064 771 215 14
6065 782 203 15
6066 796 184 20
6067 809 174 17
6068 797 188 15
6069 781 201 18
6070 784 197 19
6071 778 205 17
6072 774 218 8
6073 808 180 12
6074 792 197 11
6075 795 192 13
6076 798 189 13
6077 798 191 11
6078 802 185 13
6079 788 202 10
6080 763 223 14
6081 760 228 12
6082 764 223 13
6083 784 207 9
6084 778 213 9
6085 777 204 19
6086 766 225 9
6087 771 214 15
6088 769 215 16
6089 778 202 20
6090 769 221 10
6091 778 201 21
6092 781 202 17
6093 779 210 11
6094 774 213 13
6095 790 200 10
6096 794 194 12
6097 807 184 9
6098 807 182 11
6099 798 190 12
6100 795 192 13
6101 810 177 13
6102 793 198 9
6103 808 184 8
6104 835 162 3
6105 844 151 5
6106 858 133 9
6107 837 156 7
6108 847 143 10
6109 843 146 11
6110 827 161 12
6111 817 170 13
6112 829 160 11
6113 825 166 9
6114 832 159 9
6115 845 151 4
6116 835 159 6
6117 817 173 10
6118 806 184 10
6119 806 185 9
6120 804 190 6
6121 810 185 5
6122 835 153 12
6123 842 146 12
6124 853 141 6
6125 838 157 5
6126 843 156 1
6127 844 149 7
6128 869 125 6
6129 868 127 5
6130 863 131 6
6131 866 132 2
6132 878 116 6
6133 847 143 10
6134 844 148 8
6135 822 171 7
6136 818 171 11
6137 809 182 9
6138 809 181 10
6139 790 199 11
6140 803 189 8
6141 774 214 12
6142 767 220 13
6143 766 218 16
6144 768 213 19
6145 762 219 19
6146 761 229 10
6147 773 212 15
6148 794 188 18
6149 805 182 13
6150 815 174 11
6151 792 198 10
6152 815 174 11
6153 821 171 8
6154 835 159 6
6155 830 163 7
6156 838 149 13
6157 812 183 5
6158 840 157 3
6159 843 146 11
6160 814 176 10
6161 806 182 12
6162 823 176 1
6163 827 167 6
6164 838 152 10
6165 822 167 11
6166 824 166 10
6167 824 165 11
6168 819 169 12
6169 827 164 9
6170 832 158 10
6171 826 167 7
6172 829 161 10
6173 819 173 8
6174 823 168 9
6175 824 169 7
6176 833 162 5
6177 844 145 11
6178 840 152 8
6179 853 144 3
6180 845 150 5
6181 839 152 9
6182 840 150 10
6183 827 169 4
6184 826 170 4
6185 822 175 3
6186 833 155 12
6187 820 172 8
6188 812 180 8
6189 824 174 2
6190 845 149 6
6191 843 152 5
6192 841 154 5
6193 848 144 8
6194 839 156 5
6195 829 162 9
6196 823 161 16
6197 827 163 10
6198 833 158 9
6199 824 170 6
6200 835 157 8
6201 847 146 7
6202 846 148 6
6203 838 157 5
6204 839 155 6
6205 837 156 7
6206 838 151 11
6207 848 145 7
6208 856 141 3
6209 869 127 4
6210 864 128 8
6211 858 137 5
6212 868 129 3
6213 879 119 2
6214 880 117 3
6215 875 121 4
6216 887 108 5
6217 868 127 5
6218 872 124 4
6219 884 115 1
6220 888 110 2
6221 891 107 2
6222 894 102 4
6223 884 115 1
6224 865 130 5
6225 854 139 7
6226 867 127 6
6227 855 137 8
6228 849 147 4
6229 862 132 6
6230 857 136 7
6231 837 154 9
6232 819 172 9
6233 811 174 15
6234 791 196 13
6235 814 176 10
6236 813 179 8
6237 804 182 14
6238 820 168 12
6239 809 180 11
6240 805 180 15
6241 814 177 9
6242 838 158 4
6243 831 160 9
6244 811 179 10
6245 810 179 11
6246 804 189 7
6247 820 175 5
6248 847 147 6
6249 839 157 4
6250 833 162 5
6251 828 163 9
6252 807 181 12
6253 808 181 11
6254 816 172 12
6255 815 178 7
6256 806 183 11
6257 785 202 13
6258 782 206 12
6259 787 201 12
6260 797 192 11
6261 807 181 12
6262 795 200 5
6263 799 197 4
6264 801 192 7
6265 808 184 8
6266 831 161 8
6267 844 149 7
6268 821 167 12
6269 823 163 14
6270 817 174 9
6271 819 170 11
6272 830 158 12
6273 830 160 10
6274 837 147 16
6275 827 165 8
6276 840 153 7
6277 817 175 8
6278 839 154 7
6279 858 140 2
6280 859 139 2
6281 870 126 4
6282 855 137 8
6283 858 136 6
6284 863 134 3
6285 875 116 9
6286 863 131 6
6287 845 147 8
6288 836 158 6
6289 855 134 11
6290 853 141 6
6291 842 152 6
6292 834 158 8
6293 838 153 9
6294 838 152 10
6295 809 186 5
6296 844 150 6
6297 840 156 4
6298 857 140 3
6299 857 137 6
6300 844 149 7
6301 850 145 5
6302 847 149 4
6303 843 149 8
6304 841 154 5
6305 850 143 7
6306 848 150 2
6307 869 127 4
6308 881 115 4
6309 858 139 3
6310 864 132 4
6311 841 159 0
6312 852 142 6
6313 839 155 6
6314 824 162 14
6315 801 187 12
6316 807 182 11
6317 846 148 6
6318 839 150 11
6319 834 157 9
6320 846 152 2
6321 828 171 1
6322 847 141 12
6323 845 145 10
6324 838 155 7
6325 851 138 11
6326 850 145 5
6327 851 141 8
6328 853 141 6
6329 856 139 5
6330 840 152 8
6331 839 154 7
6332 833 155 12
6333 834 160 6
6334 838 159 3
6335 841 153 6
6336 829 162 9
6337 834 158 8
6338 814 179 7
6339 819 165 16
6340 802 188 10
6341 818 176 6
6342 828 166 6
6343 826 165 9
6344 818 174 8
6345 823 167 10
6346 830 161 9
6347 831 164 5
6348 843 146 11
6349 840 153 7
6350 853 142 5
6351 875 118 7
6352 865 133 2
6353 860 133 7
6354 857 137 6
6355 878 120 2
6356 887 112 1
6357 889 106 5
6358 874 125 1
6359 885 113 2
6360 900 99 1
6361 907 92 1
6362 897 101 2
6363 888 109 3
6364 880 113 7
6365 862 134 4
6366 848 149 3
6367 851 142 7
6368 828 163 9
6369 837 159 4
6370 838 157 5
6371 846 147 7
6372 855 143 2
6373 874 119 7
6374 864 132 4
6375 875 121 4
6376 882 110 8
6377 861 131 8
6378 857 140 3
6379 870 125 5
6380 850 143 7
6381 836 158 6
6382 821 171 8
6383 822 170 8
6384 825 164 11
6385 832 160 8
6386 845 145 10
6387 827 168 5
6388 795 192 13
6389 799 192 9
6390 800 185 15
6391 790 195 15
6392 757 230 13
6393 765 221 14
6394 757 221 22
6395 770 217 13
6396 773 213 14
6397 787 199 14
6398 781 213 6
6399 800 186 14
6400 780 198 22
6401 750 240 10
6402 753 229 18
6403 753 228 19
6404 741 245 14
6405 733 252 15
6406 745 245 10
6407 758 225 17
6408 744 230 26
6409 749 230 21
6410 752 234 14
6411 729 251 20
6412 734 249 17
6413 740 242 18
6414 760 225 15
6415 755 223 22
6416 776 197 27
6417 769 214 17
6418 760 223 17
6419 767 218 15
6420 764 221 15
6421 786 206 8
6422 772 211 17
6423 759 227 14
6424 793 196 11
6425 815 176 9
6426 800 185 15
6427 793 198 9
6428 803 182 15
6429 835 152 13
6430 839 153 8
6431 840 150 10
6432 837 157 6
6433 821 171 8
6434 825 168 7
6435 810 178 12
6436 811 184 5
6437 819 176 5
6438 832 164 4
6439 830 165 5
6440 812 180 8
6441 834 155 11
6442 837 156 7
6443 834 155 11
6444 836 156 8
6445 829 164 7
6446 834 159 7
6447 834 156 10
6448 813 178 9
6449 819 169 12
6450 809 180 11
6451 811 177 12
6452 818 171 11
6453 819 167 14
6454 812 174 14
6455 828 165 7
6456 810 182 8
6457 813 177 10
6458 821 172 7
6459 840 152 8
6460 820 172 8
6461 847 144 9
6462 849 147 4
6463 854 139 7
6464 851 142 7
6465 854 140 6
6466 854 138 8
6467 868 124 8
6468 836 155 9
6469 824 167 9
6470 836 154 10
6471 855 136 9
6472 853 141 6
6473 841 149 10
6474 831 161 8
6475 837 155 8
6476 849 143 8
6477 863 132 5
6478 885 113 2
6479 882 115 3
6480 874 121 5
6481 874 123 3
6482 877 119 4
6483 889 106 5
6484 888 110 2
6485 888 110 2
6486 891 106 3
6487 874 125 1
6488 880 118 2
6489 860 139 1
6490 868 128 4
6491 849 147 4
6492 870 119 11
6493 833 160 7
6494 843 145 12
6495 839 157 4
6496 841 155 4
6497 860 136 4
6498 862 134 4
6499 871 127 2
6500 854 141 5
6501 841 156 3
6502 836 162 2
6503 814 175 11
6504 796 193 11
6505 786 198 16
6506 790 194 16
6507 772 212 16
6508 759 221 20
6509 755 228 17
6510 777 208 15
6511 799 191 10
6512 802 187 11
6513 820 170 10
6514 829 157 14
6515 822 170 8
6516 790 196 14
6517 789 196 15
6518 785 200 15
6519 795 191 14
6520 818 173 9
6521 839 154 7
6522 829 162 9
6523 842 153 5
6524 846 152 2
6525 837 154 9
6526 818 171 11
6527 791 192 17
6528 803 189 8
6529 811 181 8
6530 803 186 11
6531 784 205 11
6532 790 200 10
6533 786 197 17
6534 798 186 16
6535 801 191 8
6536 812 181 7
6537 836 148 16
6538 811 181 8
6539 807 181 12
6540 805 187 8
6541 814 176 10
6542 791 197 12
6543 780 205 15
6544 783 202 15
6545 777 209 14
6546 782 203 15
6547 784 202 14
6548 755 227 18
6549 759 228 13
6550 763 220 17
6551 776 214 10
6552 770 213 17
6553 778 211 11
6554 776 211 13
6555 755 232 13
6556 749 234 17
6557 767 215 18
6558 752 231 17
6559 785 202 13
6560 803 187 10
6561 798 194 8
6562 808 182 10
6563 804 186 10
6564 806 182 12
6565 802 185 13
6566 785 203 12
6567 786 203 11
6568 792 196 12
6569 770 219 11
6570 776 215 9
6571 805 181 14
6572 813 178 9
6573 781 200 19
6574 772 219 9
6575 762 226 12
6576 780 207 13
6577 796 196 8
6578 795 195 10
6579 790 194 16
6580 813 173 14
6581 800 185 15
6582 787 199 14
6583 778 210 12
6584 759 221 20
6585 774 214 12
6586 781 207 12
6587 807 182 11
6588 790 197 13
6589 784 200 16
6590 791 195 14
6591 788 201 11
6592 793 196 11
6593 802 184 14
6594 804 184 12
6595 803 185 12
6596 822 167 11
6597 811 176 13
6598 817 177 6
6599 829 164 7
6600 819 171 10
6601 815 178 7
6602 812 182 6
6603 798 189 13
6604 804 182 14
6605 813 177 10
6606 817 172 11
6607 809 184 7
6608 817 174 9
6609 809 180 11
6610 812 178 10
6611 799 188 13
6612 799 190 11
6613 777 207 16
6614 761 219 20
6615 772 216 12
6616 768 219 13
6617 803 186 11
6618 802 195 3
6619 803 190 7
6620 781 202 17
6621 780 208 12
6622 784 204 12
6623 817 167 16
6624 817 176 7
6625 812 182 6
6626 826 169 5
6627 826 171 3
6628 804 186 10
6629 798 194 8
6630 791 198 11
6631 794 201 5
6632 820 168 12
6633 827 167 6
6634 838 158 4
6635 832 159 9
6636 836 159 5
6637 838 151 11
6638 829 167 4
6639 853 140 7
6640 844 149 7
6641 842 149 9
6642 831 161 8
6643 837 154 9
6644 827 167 6
6645 813 179 8
6646 815 178 7
6647 795 198 7
6648 806 183 11
6649 830 161 9
6650 834 157 9
6651 833 160 7
6652 843 155 2
6653 831 158 11
6654 821 171 8
6655 828 162 10
6656 836 158 6
6657 817 177 6
6658 826 162 12
6659 802 186 12
6660 779 211 10
6661 793 196 11
6662 783 205 12
6663 795 190 15
6664 788 196 16
6665 761 223 16
6666 748 241 11
6667 763 224 13
6668 769 212 19
6669 768 214 18
6670 756 230 14
6671 755 231 14
6672 757 225 18
6673 779 200 21
6674 790 198 12
6675 783 203 14
6676 781 208 11
6677 774 208 18
6678 769 208 23
6679 760 224 16
6680 775 217 8
6681 760 222 18
6682 782 202 16
6683 767 218 15
6684 771 216 13
6685 779 206 15
6686 755 234 11
6687 769 220 11
6688 772 213 15
6689 761 226 13
6690 792 197 11
6691 777 200 23
6692 766 218 16
6693 767 220 13
6694 753 228 19
6695 756 222 22
6696 762 219 19
6697 758 231 11
6698 748 237 15
6699 738 239 23
6700 750 232 18
6701 769 215 16
6702 778 207 15
6703 781 203 16
6704 788 199 13
6705 801 185 14
6706 810 180 10
6707 816 175 9
6708 805 184 11
6709 814 180 6
6710 822 173 5
6711 820 169 11
6712 813 179 8
6713 826 169 5
6714 805 189 6
6715 794 192 14
6716 796 191 13
6717 814 178 8
6718 800 196 4
6719 823 163 14
6720 814 177 9
6721 841 153 6
6722 838 152 10
6723 838 161 1
6724 858 141 1
6725 853 144 3
6726 849 144 7
6727 861 134 5
6728 868 125 7
6729 844 146 10
6730 835 156 9
6731 835 154 11
6732 843 149 8
6733 837 158 5
6734 845 145 10
6735 842 154 4
6736 842 152 6
6737 853 140 7
6738 869 125 6
6739 854 137 9
6740 858 135 7
6741 867 126 7
6742 864 129 7
6743 859 138 3
6744 861 136 3
6745 872 123 5
6746 860 138 2
6747 849 148 3
6748 848 145 7
6749 844 154 2
6750 862 130 8
6751 850 145 5
6752 847 146 7
6753 848 139 13
6754 839 154 7
6755 830 161 9
6756 859 135 6
6757 867 130 3
6758 876 115 9
6759 880 116 4
6760 878 118 4
6761 895 104 1
6762 892 105 3
6763 900 99 1
6764 899 94 7
6765 885 113 2
6766 875 121 4
6767 883 115 2
6768 891 106 3
6769 890 106 4
6770 869 130 1
6771 859 139 2
6772 864 130 6
6773 866 127 7
6774 856 139 5
6775 859 132 9
6776 841 155 4
6777 843 151 6
6778 843 151 6
6779 850 140 10
6780 846 146 8
6781 833 162 5
6782 819 175 6
6783 812 177 11
6784 808 180 12
6785 812 179 9
6786 816 174 10
6787 802 188 10
6788 824 165 11
6789 807 190 3
6790 812 176 12
6791 814 175 11
6792 809 176 15
6793 819 171 10
6794 819 172 9
6795 841 151 8
6796 835 159 6
6797 838 155 7
6798 840 153 7
6799 831 166 3
6800 834 156 10
6801 821 173 6
6802 812 178 10
6803 821 169 10
6804 799 191 10
6805 785 207 8
6806 808 187 5
6807 806 185 9
6808 801 186 13
6809 792 202 6
6810 819 171 10
6811 813 177 10
6812 804 187 9
6813 813 181 6
6814 812 178 10
6815 798 192 10
6816 788 200 12
6817 800 190 10
6818 811 182 7
6819 817 172 11
6820 820 176 4
6821 831 162 7
6822 855 135 10
6823 835 156 9
6824 830 164 6
6825 823 169 8
6826 833 157 10
6827 834 150 16
6828 829 161 10
6829 817 170 13
6830 787 198 15
6831 784 199 17
6832 782 207 11
6833 778 210 12
6834 761 229 10
6835 773 206 21
6836 806 186 8
6837 814 168 18
6838 792 199 9
6839 788 198 14
6840 777 212 11
6841 791 194 15
6842 774 208 18
6843 796 193 11
6844 808 183 9
6845 816 176 8
6846 830 164 6
6847 854 138 8
6848 842 149 9
6849 806 189 5
6850 826 165 9
6851 830 157 13
6852 805 183 12
6853 831 157 12
6854 835 154 11
6855 842 156 2
6856 848 142 10
6857 832 162 6
6858 826 169 5
6859 845 143 12
6860 831 161 8
6861 834 161 5
6862 837 159 4
6863 826 160 14
6864 814 171 15
6865 803 190 7
6866 820 172 8
6867 825 173 2
6868 823 172 5
6869 823 171 6
6870 826 166 8
6871 832 163 5
6872 840 152 8
6873 855 139 6
6874 857 133 10
6875 841 150 9
6876 838 153 9
6877 829 157 14
6878 809 180 11
6879 806 179 15
6880 796 195 9
6881 819 175 6
6882 823 170 7
6883 832 156 12
6884 815 180 5
6885 809 184 7
6886 812 179 9
6887 826 165 9
6888 832 162 6
6889 821 169 10
6890 806 180 14
6891 808 179 13
6892 795 194 11
6893 806 188 6
6894 799 193 8
6895 796 195 9
6896 812 173 15
6897 809 180 11
6898 800 186 14
6899 811 179 10
6900 775 213 12
6901 759 226 15
6902 762 220 18
6903 778 207 15
6904 762 224 14
6905 774 207 19
6906 773 217 10
6907 791 198 11
6908 785 205 10
6909 792 202 6
6910 810 181 9
6911 803 185 12
6912 824 166 10
6913 823 167 10
6914 824 168 8
6915 821 169 10
6916 848 145 7
6917 842 155 3
6918 863 132 5
6919 854 141 5
6920 851 144 5
6921 855 139 6
6922 848 148 4
6923 842 154 4
6924 849 148 3
6925 853 143 4
6926 836 158 6
6927 845 146 9
6928 842 144 14
6929 821 164 15
6930 819 171 10
6931 823 168 9
6932 818 173 9
6933 820 170 10
6934 844 145 11
6935 845 150 5
6936 834 162 4
6937 829 161 10
6938 812 178 10
6939 814 169 17
6940 818 170 12
6941 798 194 8
6942 788 197 15
6943 789 195 16
6944 790 204 6
6945 762 223 15
6946 760 222 18
6947 758 229 13
6948 756 225 19
6949 775 214 11
6950 790 198 12
6951 792 197 11
6952 783 204 13
6953 827 166 7
6954 826 163 11
6955 837 155 8
6956 820 171 9
6957 815 178 7
6958 791 202 7
6959 788 203 9
6960 782 199 19
6961 786 203 11
6962 786 201 13
6963 793 194 13
6964 797 185 18
6965 795 191 14
6966 791 197 12
6967 804 188 8
6968 809 178 13
6969 797 187 16
6970 802 189 9
6971 793 195 12
6972 785 204 11
6973 797 189 14
6974 788 202 10
6975 793 191 16
6976 786 205 9
6977 803 186 11
6978 826 160 14
6979 850 142 8
6980 826 167 7
6981 821 169 10
6982 839 159 2
6983 853 139 8
6984 860 136 4
6985 853 141 6
6986 868 127 5
6987 868 130 2
6988 858 136 6
6989 847 152 1
6990 857 138 5
6991 833 163 4
6992 828 165 7
6993 833 160 7
6994 825 162 13
6995 836 150 14
6996 829 162 9
6997 840 146 14
6998 821 167 12
6999 819 174 7
7000 838 153 9
7001 804 188 8
7002 799 196 5
7003 792 198 10
7004 798 191 11
7005 787 195 18
7006 780 206 14
7007 778 208 14
7008 762 226 12
7009 776 207 17
7010 794 195 11
7011 803 183 14
7012 805 182 13
7013 814 171 15
7014 807 178 15
7015 810 180 10
7016 809 186 5
7017 826 160 14
7018 825 162 13
7019 813 179 8
7020 816 176 8
7021 816 178 6
7022 815 181 4
7023 813 181 6
7024 817 170 13
7025 818 169 13
7026 797 194 9
7027 801 190 9
7028 777 212 11
7029 782 206 12
7030 797 190 13
7031 799 189 12
7032 814 181 5
7033 793 196 11
7034 783 208 9
7035 788 197 15
7036 799 191 10
7037 786 199 15
7038 783 208 9
7039 781 212 7
7040 797 187 16
7041 808 177 15
7042 809 180 11
7043 832 160 8
7044 817 174 9
7045 800 191 9
7046 782 202 16
7047 773 218 9
7048 793 196 11
7049 807 183 10
7050 774 214 12
7051 770 220 10
7052 784 200 16
7053 781 206 13
7054 801 178 21
7055 808 184 8
7056 793 194 13
7057 813 177 10
7058 796 194 10
7059 794 195 11
7060 780 209 11
7061 775 213 12
7062 774 212 14
7063 782 205 13
7064 782 206 12
7065 787 209 4
7066 804 183 13
7067 797 193 10
7068 786 205 9
7069 793 195 12
7070 784 200 16
7071 772 222 6
7072 787 203 10
7073 792 195 13
7074 786 204 10
7075 797 186 17
7076 791 197 12
7077 809 177 14
7078 822 167 11
7079 820 168 12
7080 828 162 10
7081 835 157 8
7082 827 166 7
7083 814 176 10
7084 839 154 7
7085 824 166 10
7086 843 146 11
7087 839 154 7
7088 844 149 7
7089 841 149 10
7090 832 161 7
7091 824 169 7
7092 859 137 4
7093 869 128 3
7094 867 127 6
7095 885 113 2
7096 865 132 3
7097 877 117 6
7098 876 122 2
7099 870 125 5
7100 876 119 5
7101 883 113 4
7102 881 116 3
7103 868 125 7
7104 885 112 3
7105 874 121 5
7106 850 144 6
7107 862 135 3
7108 850 144 6
7109 810 181 9
7110 801 190 9
7111 810 180 10
7112 804 183 13
7113 817 173 10
7114 831 164 5
7115 827 163 10
7116 832 158 10
7117 822 171 7
7118 843 149 8
7119 847 149 4
7120 869 125 6
7121 872 123 5
7122 883 108 9
7123 870 125 5
7124 889 109 2
7125 889 109 2
7126 883 114 3
7127 882 112 6
7128 870 128 2
7129 845 150 5
7130 855 138 7
7131 864 128 8
7132 855 142 3
7133 860 134 6
7134 860 138 2
7135 854 144 2
7136 873 122 5
7137 872 123 5
7138 882 112 6
7139 866 128 6
7140 866 128 6
7141 847 151 2
7142 847 149 4
7143 851 140 9
7144 852 143 5
7145 843 153 4
7146 845 146 9
7147 842 153 5
7148 844 151 5
7149 859 133 8
7150 846 150 4
7151 856 140 4
7152 858 139 3
7153 873 118 9
7154 868 127 5
7155 884 111 5
7156 882 116 2
7157 891 108 1
7158 904 93 3
7159 904 94 2
7160 890 106 4
7161 876 123 1
7162 885 112 3
7163 889 109 2
7164 877 121 2
7165 873 122 5
7166 855 141 4
7167 833 163 4
7168 843 150 7
7169 825 160 15
7170 832 156 12
7171 847 148 5
7172 834 158 8
7173 824 169 7
7174 816 180 4
7175 840 146 14
7176 811 183 6
7177 802 186 12
7178 789 201 10
7179 781 204 15
7180 779 207 14
7181 777 208 15
7182 787 206 7
7183 798 190 12
7184 788 196 16
7185 791 196 13
7186 820 173 7
7187 838 153 9
7188 835 155 10
7189 819 171 10
7190 839 155 6
7191 825 166 9
7192 836 157 7
7193 846 146 8
7194 845 150 5
7195 850 145 5
7196 846 147 7
7197 864 130 6
7198 850 146 4
7199 840 150 10
7200 857 141 2
7201 864 133 3
7202 863 130 7
7203 856 141 3
7204 849 143 8
7205 864 130 6
7206 864 135 1
7207 868 128 4
7208 868 127 5
7209 860 135 5
7210 856 138 6
7211 852 144 4
7212 874 113 13
7213 865 129 6
7214 865 131 4
7215 859 138 3
7216 838 155 7
7217 844 148 8
7218 842 150 8
7219 853 141 6
7220 842 151 7
7221 831 162 7
7222 833 160 7
7223 796 198 6
7224 793 192 15
7225 783 201 16
7226 798 185 17
7227 799 182 19
7228 792 192 16
7229 814 180 6
7230 832 157 11
7231 830 158 12
7232 833 158 9
7233 840 155 5
7234 822 168 10
7235 815 179 6
7236 822 167 11
7237 820 170 10
7238 809 182 9
7239 798 192 10
7240 801 189 10
7241 778 207 15
7242 796 186 18
7243 807 180 13
7244 797 193 10
7245 794 197 9
7246 797 190 13
7247 780 213 7
7248 794 192 14
7249 802 186 12
7250 786 198 16
7251 796 191 13
7252 781 209 10
7253 781 208 11
7254 788 197 15
7255 754 236 10
7256 784 199 17
7257 767 217 16
7258 767 216 17
7259 768 222 10
7260 785 205 10
7261 789 201 10
7262 786 199 15
7263 784 203 13
7264 798 189 13
7265 799 193 8
7266 814 179 7
7267 807 182 11
7268 806 187 7
7269 811 177 12
7270 810 176 14
7271 799 185 16
7272 779 212 9
7273 791 191 18
7274 788 200 12
7275 791 194 15
7276 792 196 12
7277 783 200 17
7278 782 201 17
7279 758 227 15
7280 757 228 15
7281 749 232 19
7282 770 210 20
7283 755 222 23
7284 730 245 25
7285 738 245 17
7286 778 207 15
7287 777 217 6
7288 802 183 15
7289 807 185 8
7290 803 188 9
7291 796 190 14
7292 767 221 12
7293 752 228 20
7294 737 245 18
7295 746 239 15
7296 741 241 18
7297 733 246 21
7298 760 226 14
7299 772 206 22
7300 759 225 16
7301 761 229 10
7302 796 193 11
7303 801 189 10
7304 774 214 12
7305 792 194 14
7306 787 205 8
7307 777 201 22
7308 772 214 14
7309 773 217 10
7310 779 201 20
7311 783 204 13
7312 797 183 20
7313 762 226 12
7314 785 203 12
7315 785 198 17
7316 774 205 21
7317 757 228 15
7318 774 209 17
7319 762 220 18
7320 752 234 14
7321 761 221 18
7322 767 219 14
7323 778 209 13
7324 798 183 19
7325 784 205 11
7326 776 215 9
7327 793 189 18
7328 789 199 12
7329 799 187 14
7330 761 229 10
7331 767 219 14
7332 759 230 11
7333 757 226 17
7334 741 238 21
7335 755 222 23
7336 756 220 24
7337 762 223 15
7338 767 217 16
7339 749 234 17
7340 748 232 20
7341 770 209 21
7342 747 234 19
7343 756 226 18
7344 763 219 18
7345 771 208 21
7346 746 239 15
7347 767 207 26
7348 771 210 19
7349 765 224 11
7350 779 202 19
7351 779 206 15
7352 776 214 10
7353 765 223 12
7354 791 198 11
7355 787 198 15
7356 775 214 11
7357 795 196 9
7358 803 185 12
7359 780 207 13
7360 784 200 16
7361 805 177 18
7362 808 184 8
7363 782 204 14
7364 775 207 18
7365 757 232 11
7366 764 217 19
7367 749 238 13
7368 768 211 21
7369 756 230 14
7370 774 216 10
7371 803 185 12
7372 821 166 13
7373 802 190 8
7374 815 170 15
7375 799 193 8
7376 810 184 6
7377 827 158 15
7378 823 165 12
7379 826 168 6
7380 818 172 10
7381 811 174 15
7382 814 178 8
7383 824 169 7
7384 810 180 10
7385 818 168 14
7386 804 189 7
7387 814 177 9
7388 800 196 4
7389 792 198 10
7390 804 178 18
7391 813 172 15
7392 818 175 7
7393 807 179 14
7394 796 199 5
7395 781 208 11
7396 791 201 8
7397 786 198 16
7398 802 184 14
7399 793 183 24
7400 793 192 15
7401 793 200 7
7402 778 211 11
7403 783 206 11
7404 791 198 11
7405 791 196 13
7406 795 196 9
7407 802 187 11
7408 801 190 9
7409 796 200 4
7410 797 191 12
7411 809 176 15
7412 807 184 9
7413 813 180 7
7414 825 163 12
7415 839 151 10
7416 849 144 7
7417 844 144 12
7418 829 162 9
7419 858 136 6
7420 870 126 4
7421 876 121 3
7422 857 139 4
7423 858 140 2
7424 861 136 3
7425 868 130 2
7426 847 149 4
7427 845 149 6
7428 862 134 4
7429 859 137 4
7430 859 138 3
7431 864 134 2
7432 859 141 0
7433 851 141 8
7434 846 150 4
7435 852 146 2
7436 845 150 5
7437 840 157 3
7438 848 142 10
7439 840 153 7
7440 842 153 5
7441 855 139 6
7442 856 139 5
7443 842 148 10
7444 823 170 7
7445 817 180 3
7446 829 162 9
7447 820 171 9
7448 852 141 7
7449 848 146 6
7450 844 148 8
7451 866 130 4
7452 874 123 3
7453 861 133 6
7454 850 145 5
7455 838 154 8
7456 845 149 6
7457 831 162 7
7458 840 149 11
7459 820 174 6
7460 845 143 12
7461 819 175 6
7462 824 163 13
7463 805 185 10
7464 804 182 14
7465 817 173 10
7466 824 168 8
7467 819 171 10
7468 816 170 14
7469 790 195 15
7470 787 198 15
7471 797 193 10
7472 799 188 13
7473 786 207 7
7474 802 183 15
7475 775 212 13
7476 757 223 20
7477 768 225 7
7478 777 211 12
7479 782 200 18
7480 756 222 22
7481 754 233 13
7482 752 234 14
7483 767 216 17
7484 742 235 23
7485 755 222 23
7486 773 213 14
7487 778 209 13
7488 769 220 11
7489 795 195 10
7490 807 181 12
7491 799 187 14
7492 781 206 13
7493 800 188 12
7494 815 176 9
7495 813 169 18
7496 817 175 8
7497 816 178 6
7498 797 188 15
7499 787 202 11
7500 792 195 13
7501 792 196 12
7502 788 202 10
7503 796 193 11
7504 804 180 16
7505 812 176 12
7506 803 186 11
7507 783 210 7
7508 795 193 12
7509 785 201 14
7510 794 197 9
7511 811 183 6
7512 817 173 10
7513 811 180 9
7514 829 163 8
7515 849 140 11
7516 830 164 6
7517 823 170 7
7518 819 170 11
7519 797 192 11
7520 786 198 16
7521 805 183 12
7522 833 159 8
7523 860 138 2
7524 848 145 7
7525 849 148 3
7526 859 132 9
7527 833 161 6
7528 829 159 12
7529 827 159 14
7530 803 189 8
7531 821 162 17
7532 795 195 10
7533 799 191 10
7534 803 188 9
7535 806 182 12
7536 803 191 6
7537 779 208 13
7538 774 211 15
7539 790 198 12
7540 795 194 11
7541 804 188 8
7542 778 209 13
7543 793 194 13
7544 801 191 8
7545 807 183 10
7546 809 182 9
7547 797 188 15
7548 789 201 10
7549 781 207 12
7550 773 214 13
7551 787 200 13
7552 792 198 10
7553 792 192 16
7554 793 198 9
7555 799 192 9
7556 812 180 8
7557 813 183 4
7558 807 183 10
7559 799 191 10
7560 796 193 11
7561 785 202 13
7562 803 187 10
7563 819 171 10
7564 803 194 3
7565 831 160 9
7566 828 167 5
7567 830 164 6
7568 830 160 10
7569 819 171 10
7570 828 165 7
7571 828 159 13
7572 837 150 13
7573 825 167 8
7574 805 191 4
7575 809 175 16
7576 807 177 16
7577 825 164 11
7578 823 166 11
7579 821 175 4
7580 820 175 5
7581 854 139 7
7582 869 125 6
7583 860 135 5
7584 859 133 8
7585 861 134 5
7586 849 142 9
7587 840 153 7
7588 851 144 5
7589 843 150 7
7590 840 157 3
7591 841 150 9
7592 824 175 1
7593 824 169 7
7594 837 160 3
7595 846 151 3
7596 859 134 7
7597 846 148 6
7598 862 128 10
7599 871 124 5
7600 878 118 4
7601 866 132 2
7602 858 137 5
7603 869 126 5
7604 856 138 6
7605 865 128 7
7606 871 126 3
7607 861 133 6
7608 846 147 7
7609 840 153 7
7610 830 164 6
7611 830 160 10
7612 849 142 9
7613 841 149 10
7614 853 135 12
7615 854 139 7
7616 844 145 11
7617 832 156 12
7618 835 155 10
7619 836 158 6
7620 832 165 3
7621 847 147 6
7622 860 133 7
7623 856 139 5
7624 863 132 5
7625 851 143 6
7626 846 148 6
7627 855 140 5
7628 858 136 6
7629 871 125 4
7630 870 123 7
7631 864 135 1
7632 883 112 5
7633 869 127 4
7634 864 131 5
7635 877 120 3
7636 877 118 5
7637 880 117 3
7638 881 118 1
7639 873 124 3
7640 882 111 7
7641 867 126 7
7642 858 135 7
7643 857 137 6
7644 840 155 5
7645 835 156 9
7646 823 167 10
7647 810 179 11
7648 791 192 17
7649 769 211 20
7650 749 233 18
7651 774 212 14
7652 772 218 10
7653 766 217 17
7654 766 218 16
7655 771 216 13
7656 788 199 13
7657 803 181 16
7658 831 161 8
7659 824 166 10
7660 825 170 5
7661 833 157 10
7662 822 171 7
7663 817 174 9
7664 814 177 9
7665 819 171 10
7666 824 169 7
7667 824 167 9
7668 804 183 13
7669 805 183 12
7670 821 170 9
7671 820 174 6
7672 811 178 11
7673 784 208 8
7674 782 206 12
7675 793 196 11
7676 787 201 12
7677 799 195 6
7678 808 178 14
7679 797 193 10
7680 775 212 13
7681 776 213 11
7682 783 199 18
7683 772 210 18
7684 784 202 14
7685 796 192 12
7686 792 196 12
7687 787 204 9
7688 800 188 12
7689 811 178 11
7690 815 173 12
7691 814 175 11
7692 795 197 8
7693 808 180 12
7694 806 185 9
7695 793 196 11
7696 803 185 12
7697 799 191 10
7698 817 175 8
7699 802 188 10
7700 815 173 12
7701 812 175 13
7702 808 184 8
7703 829 156 15
7704 830 168 2
7705 837 152 11
7706 816 180 4
7707 812 178 10
7708 827 158 15
7709 795 194 11
7710 784 204 12
7711 798 196 6
7712 798 189 13
7713 807 178 15
7714 811 183 6
7715 807 181 12
7716 804 185 11
7717 811 176 13
7718 809 179 12
7719 798 192 10
7720 789 197 14
7721 762 225 13
7722 771 211 18
7723 767 218 15
7724 761 222 17
7725 759 223 18
7726 749 232 19
7727 764 223 13
7728 777 213 10
7729 773 208 19
7730 770 216 14
7731 764 225 11
7732 772 212 16
7733 775 210 15
7734 785 195 20
7735 761 226 13
7736 755 237 8
7737 758 230 12
7738 772 211 17
7739 781 201 18
7740 802 188 10
7741 817 170 13
7742 814 175 11
7743 827 159 14
7744 813 179 8
7745 822 169 9
7746 835 160 5
7747 838 151 11
7748 836 159 5
7749 831 160 9
7750 820 172 8
7751 822 167 11
7752 832 157 11
7753 817 176 7
7754 820 172 8
7755 829 163 8
7756 838 150 12
7757 839 152 9
7758 852 143 5
7759 840 157 3
7760 830 165 5
7761 792 198 10
7762 801 188 11
7763 789 195 16
7764 780 201 19
7765 784 202 14
7766 793 197 10
7767 823 169 8
7768 827 166 7
7769 800 189 11
7770 807 180 13
7771 822 168 10
7772 832 157 11
7773 843 151 6
7774 878 117 5
7775 862 131 7
7776 852 141 7
7777 843 145 12
7778 831 164 5
7779 838 152 10
7780 841 150 9
7781 845 148 7
7782 842 149 9
7783 848 141 11
7784 860 133 7
7785 843 151 6
7786 847 144 9
7787 846 150 4
7788 864 134 2
7789 880 117 3
7790 880 115 5
7791 865 124 11
7792 849 148 3
7793 842 149 9
7794 832 164 4
7795 823 171 6
7796 835 156 9
7797 838 153 9
7798 830 165 5
7799 823 169 8
7800 833 158 9
7801 843 152 5
7802 846 149 5
7803 849 145 6
7804 843 150 7
7805 818 176 6
7806 825 168 7
7807 824 172 4
7808 817 176 7
7809 832 160 8
7810 850 140 10
7811 848 146 6
7812 833 158 9
7813 851 144 5
7814 846 145 9
7815 846 151 3
7816 853 143 4
7817 838 153 9
7818 850 141 9
7819 855 136 9
7820 831 160 9
7821 840 151 9
7822 839 156 5
7823 834 152 14
7824 826 167 7
7825 835 153 12
7826 832 161 7
7827 826 168 6
7828 828 162 10
7829 818 170 12
7830 824 170 6
7831 823 170 7
7832 815 174 11
7833 817 171 12
7834 837 150 13
7835 847 148 5
7836 849 148 3
7837 843 151 6
7838 833 163 4
7839 839 154 7
7840 849 146 5
7841 847 147 6
7842 840 152 8
7843 849 144 7
7844 833 161 6
7845 831 164 5
7846 834 160 6
7847 838 154 8
7848 858 135 7
7849 861 132 7
7850 857 138 5
7851 843 150 7
7852 845 147 8
7853 833 162 5
7854 825 170 5
7855 809 181 10
7856 810 176 14
7857 813 179 8
7858 831 156 13
7859 828 164 8
7860 849 141 10
7861 831 159 10
7862 827 163 10
7863 858 134 8
7864 869 125 6
7865 862 134 4
7866 878 117 5
7867 878 118 4
7868 886 111 3
7869 881 117 2
7870 862 135 3
7871 867 127 6
7872 854 137 9
7873 849 144 7
7874 835 161 4
7875 823 168 9
7876 834 159 7
7877 836 153 11
7878 847 147 6
7879 836 158 6
7880 837 151 12
7881 829 167 4
7882 840 157 3
7883 853 139 8
7884 842 146 12
7885 847 150 3
7886 863 131 6
7887 860 138 2
7888 853 143 4
7889 856 135 9
7890 855 139 6
7891 848 146 6
7892 845 149 6
7893 850 145 5
7894 843 149 8
7895 842 151 7
7896 844 145 11
7897 859 133 8
7898 863 131 6
7899 837 157 6
7900 843 153 4
7901 841 150 9
7902 826 166 8
7903 832 159 9
7904 835 155 10
7905 837 155 8
7906 828 163 9
7907 807 184 9
7908 818 168 14
7909 831 163 6
7910 840 154 6
7911 857 136 7
7912 848 145 7
7913 838 155 7
7914 827 166 7
7915 840 152 8
7916 844 151 5
7917 843 154 3
7918 840 154 6
7919 847 144 9
7920 848 144 8
7921 849 143 8
7922 848 145 7
7923 845 148 7
7924 831 161 8
7925 837 154 9
7926 842 151 7
7927 849 144 7
7928 855 140 5
7929 854 135 11
7930 831 161 8
7931 827 168 5
7932 839 155 6
7933 834 159 7
7934 829 163 8
7935 820 175 5
7936 837 158 5
7937 813 178 9
7938 820 171 9
7939 825 167 8
7940 845 148 7
7941 841 153 6
7942 848 147 5
7943 848 147 5
7944 846 145 9
7945 849 145 6
7946 857 138 5
7947 859 140 1
7948 876 116 8
7949 863 134 3
7950 869 125 6
7951 867 124 9
7952 855 139 6
7953 858 134 8
7954 846 149 5
7955 846 141 13
7956 824 169 7
7957 840 146 14
7958 825 167 8
7959 816 174 10
7960 806 185 9
7961 805 186 9
7962 821 164 15
7963 820 171 9
7964 805 188 7
7965 813 175 12
7966 836 151 13
7967 817 172 11
7968 812 181 7
7969 825 170 5
7970 789 202 9
7971 787 200 13
7972 808 181 11
7973 824 164 12
7974 799 190 11
7975 787 201 12
7976 783 207 10
7977 764 222 14
7978 774 206 20
7979 740 248 12
7980 740 233 27
7981 728 260 12
7982 756 231 13
7983 757 236 7
7984 784 203 13
7985 787 197 16
7986 787 204 9
7987 777 205 18
7988 787 196 17
7989 793 191 16
7990 789 195 16
7991 785 202 13
7992 801 191 8
7993 793 200 7
7994 793 197 10
7995 800 193 7
7996 807 186 7
7997 823 163 14
7998 821 170 9
7999 830 166 4
8000 834 162 4
