// Initial random seed:
1791981914429

// RunInitializeCallbacks():
initializeMutationRate(1e-07);
initializeMutationType(0, 0.5, "f", 0);
initializeMutationType(1, 0.5, "f", -0.02);
initializeMutationType(2, 0.5, "f", 0);
initializeGenomicElementType(1, c(m0, m1), c(1, 0));
initializeGenomicElement(g1, 0, 499999);
initializeRecombinationRate(1e-06, 499999);

// Starting run at generation <start>:
1 

generation NN NI II
4000 999 0 1
4001 998 2 0
4002 998 2 0
4003 998 2 0
4004 996 4 0
4005 995 5 0
4006 991 9 0
4007 993 7 0
4008 995 5 0
4009 994 6 0
4010 994 6 0
4011 996 4 0
4012 996 4 0
4013 996 4 0
4014 994 6 0
4015 995 5 0
4016 995 4 1
4017 987 13 0
4018 987 13 0
4019 985 15 0
4020 986 14 0
4021 989 11 0
4022 988 12 0
4023 982 18 0
4024 978 22 0
4025 991 9 0
4026 993 7 0
4027 999 1 0
4028 1000 0 0
