// Initial random seed:
1792041923501

// RunInitializeCallbacks():
initializeMutationRate(1e-07);
initializeMutationType(0, 0.5, "f", 0);
initializeMutationType(1, 0.5, "f", -0.02);
initializeMutationType(2, -0.5, "f", -0.05);
initializeGenomicElementType(1, c(m0, m1), c(1, 0));
initializeGenomicElement(g1, 0, 499999);
initializeRecombinationRate(1e-06, 499999);

// Starting run at generation <start>:
1 

generation NN NI II
4000 999 0 1
4001 998 2 0
4002 998 2 0
4003 995 5 0
4004 996 4 0
4005 995 5 0
4006 996 3 1
4007 993 7 0
4008 992 8 0
4009 991 9 0
4010 996 4 0
4011 997 3 0
4012 994 6 0
4013 994 6 0
4014 997 3 0
4015 995 5 0
4016 994 6 0
4017 991 9 0
4018 992 8 0
4019 994 6 0
4020 993 7 0
4021 991 9 0
4022 993 7 0
4023 990 10 0
4024 987 13 0
4025 984 16 0
4026 978 22 0
4027 979 21 0
4028 981 19 0
4029 984 16 0
4030 989 11 0
4031 984 16 0
4032 980 20 0
4033 980 20 0
4034 978 22 0
4035 965 35 0
4036 963 37 0
4037 963 37 0
4038 944 56 0
4039 941 58 1
4040 932 67 1
4041 921 77 2
4042 929 69 2
4043 912 86 2
4044 900 97 3
4045 888 110 2
4046 887 109 4
4047 877 117 6
4048 872 122 6
4049 881 115 4
4050 881 119 0
4051 867 131 2
4052 890 108 2
4053 900 98 2
4054 901 94 5
4055 919 78 3
4056 911 86 3
4057 902 93 5
4058 893 106 1
4059 893 106 1
4060 893 106 1
4061 893 102 5
4062 901 97 2
4063 896 100 4
4064 879 119 2
4065 868 128 4
4066 857 136 7
4067 868 125 7
4068 863 130 7
4069 873 123 4
4070 874 124 2
4071 882 113 5
4072 861 138 1
4073 861 135 4
4074 860 134 6
4075 853 136 11
4076 838 154 8
4077 856 139 5
4078 857 142 1
4079 842 149 9
4080 836 153 11
4081 825 170 5
4082 824 168 8
4083 819 175 6
4084 812 179 9
4085 815 169 16
4086 803 187 10
4087 791 197 12
4088 787 202 11
4089 783 205 12
4090 774 210 16
4091 778 208 14
4092 782 209 9
4093 788 201 11
4094 801 189 10
4095 789 197 14
4096 791 199 10
4097 801 184 15
4098 806 184 10
4099 802 190 8
4100 789 205 6
4101 775 207 18
4102 749 238 13
4103 750 234 16
4104 749 233 18
4105 752 226 22
4106 751 232 17
4107 729 251 20
4108 745 230 25
4109 723 260 17
4110 697 288 15
4111 726 245 29
4112 729 249 22
4113 701 278 21
4114 721 249 30
4115 710 262 28
4116 708 267 25
4117 713 264 23
4118 681 299 20
4119 692 284 24
4120 686 279 35
4121 659 308 33
4122 653 314 33
4123 655 319 26
4124 690 282 28
4125 672 297 31
4126 660 305 35
4127 646 309 45
4128 637 321 42
4129 638 321 41
4130 679 286 35
4131 685 289 26
4132 685 282 33
4133 691 283 26
4134 688 284 28
4135 665 303 32
4136 674 292 34
4137 670 299 31
4138 661 307 32
4139 631 328 41
4140 654 308 38
4141 642 323 35
4142 644 322 34
4143 652 307 41
4144 660 296 44
4145 647 317 36
4146 645 324 31
4147 627 333 40
4148 625 331 44
4149 596 359 45
4150 625 331 44
4151 637 314 49
4152 619 340 41
4153 615 323 62
4154 604 343 53
4155 620 332 48
4156 621 340 39
4157 627 332 41
4158 600 351 49
4159 585 371 44
4160 596 347 57
4161 574 369 57
4162 590 359 51
4163 600 345 55
4164 626 323 51
4165 619 332 49
4166 623 323 54
4167 615 346 39
4168 631 330 39
4169 638 321 41
4170 638 317 45
4171 606 356 38
4172 608 351 41
4173 593 354 53
4174 589 360 51
4175 572 369 59
4176 555 380 65
4177 559 378 63
4178 543 390 67
4179 555 381 64
4180 563 369 68
4181 531 409 60
4182 526 404 70
4183 528 402 70
4184 528 393 79
4185 537 391 72
4186 545 375 80
4187 523 416 61
4188 515 426 59
4189 529 401 70
4190 540 388 72
4191 553 377 70
4192 564 370 66
4193 559 363 78
4194 570 366 64
4195 551 379 70
4196 542 395 63
4197 570 381 49
4198 578 359 63
4199 579 362 59
4200 593 349 58
4201 595 359 46
4202 588 351 61
4203 623 334 43
4204 651 308 41
4205 677 279 44
4206 661 312 27
4207 683 277 40
4208 689 279 32
4209 679 281 40
4210 683 281 36
4211 684 293 23
4212 687 274 39
4213 687 282 31
4214 691 281 28
4215 696 278 26
4216 720 259 21
4217 752 233 15
4218 777 206 17
4219 788 193 19
4220 790 196 14
4221 793 193 14
4222 786 203 11
4223 761 226 13
4224 757 231 12
4225 763 227 10
4226 748 235 17
4227 748 236 16
4228 766 216 18
4229 765 218 17
4230 761 220 19
4231 748 238 14
4232 753 229 18
4233 748 235 17
4234 752 236 12
4235 756 225 19
4236 717 268 15
4237 715 264 21
4238 683 286 31
4239 677 288 35
4240 658 304 38
4241 631 338 31
4242 657 299 44
4243 639 326 35
4244 634 328 38
4245 627 343 30
4246 637 326 37
4247 616 340 44
4248 627 324 49
4249 639 313 48
4250 605 347 48
4251 611 347 42
4252 627 331 42
4253 596 374 30
4254 601 347 52
4255 615 338 47
4256 606 343 51
4257 597 359 44
4258 599 360 41
4259 593 367 40
4260 602 357 41
4261 619 330 51
4262 649 314 37
4263 662 305 33
4264 645 337 18
4265 643 325 32
4266 644 307 49
4267 609 353 38
4268 593 358 49
4269 597 354 49
4270 611 344 45
4271 625 331 44
4272 639 326 35
4273 635 320 45
4274 629 327 44
4275 635 318 47
4276 619 343 38
4277 639 321 40
4278 645 310 45
4279 647 312 41
4280 639 318 43
4281 653 303 44
4282 650 318 32
4283 647 314 39
4284 656 295 49
4285 636 319 45
4286 649 316 35
4287 654 316 30
4288 654 321 25
4289 653 315 32
4290 654 315 31
4291 675 293 32
4292 672 290 38
4293 671 292 37
4294 694 275 31
4295 693 276 31
4296 703 269 28
4297 683 294 23
4298 663 306 31
4299 682 287 31
4300 655 310 35
4301 652 317 31
4302 641 325 34
4303 643 316 41
4304 599 356 45
4305 601 349 50
4306 595 350 55
4307 579 373 48
4308 595 347 58
4309 591 365 44
4310 586 355 59
4311 609 343 48
4312 575 364 61
4313 590 357 53
4314 587 360 53
4315 584 357 59
4316 599 353 48
4317 611 342 47
4318 599 358 43
4319 596 355 49
4320 635 322 43
4321 608 347 45
4322 639 312 49
4323 613 341 46
4324 632 320 48
4325 615 338 47
4326 600 365 35
4327 610 333 57
4328 586 366 48
4329 602 351 47
4330 617 337 46
4331 617 343 40
4332 638 319 43
4333 630 336 34
4334 637 321 42
4335 630 328 42
4336 636 318 46
4337 631 330 39
4338 653 307 40
4339 651 314 35
4340 645 324 31
4341 627 327 46
4342 660 304 36
4343 642 334 24
4344 684 276 40
4345 690 278 32
4346 672 293 35
4347 680 291 29
4348 681 279 40
4349 706 271 23
4350 693 286 21
4351 727 245 28
4352 698 274 28
4353 700 275 25
4354 674 307 19
4355 653 306 41
4356 630 327 43
4357 628 331 41
4358 612 345 43
4359 597 355 48
4360 580 364 56
4361 580 358 62
4362 577 380 43
4363 602 327 71
4364 566 382 52
4365 582 361 57
4366 564 379 57
4367 570 370 60
4368 584 348 68
4369 578 360 62
4370 548 410 42
4371 583 376 41
4372 610 333 57
4373 598 347 55
4374 591 351 58
4375 572 365 63
4376 577 371 52
4377 580 349 71
4378 584 350 66
4379 592 353 55
4380 584 368 48
4381 597 352 51
4382 600 345 55
4383 610 351 39
4384 634 325 41
4385 648 312 40
4386 669 293 38
4387 663 305 32
4388 672 295 33
4389 688 271 41
4390 659 311 30
4391 670 305 25
4392 665 303 32
4393 661 293 46
4394 654 313 33
4395 645 324 31
4396 681 285 34
4397 695 287 18
4398 693 279 28
4399 668 302 30
4400 673 295 32
4401 671 294 35
4402 657 317 26
4403 673 285 42
4404 654 313 33
4405 656 301 43
4406 647 317 36
4407 672 290 38
4408 674 289 37
4409 654 314 32
4410 646 324 30
4411 633 322 45
4412 644 313 43
4413 633 329 38
4414 623 337 40
4415 639 315 46
4416 651 303 46
4417 628 324 48
4418 633 330 37
4419 637 328 35
4420 624 334 42
4421 620 335 45
4422 629 321 50
4423 625 340 35
4424 661 295 44
4425 632 332 36
4426 637 326 37
4427 611 346 43
4428 608 347 45
4429 592 362 46
4430 577 366 57
4431 584 354 62
4432 577 372 51
4433 563 389 48
4434 557 379 64
4435 593 344 63
4436 606 336 58
4437 595 360 45
4438 583 371 46
4439 578 355 67
4440 586 356 58
4441 593 368 39
4442 596 355 49
4443 584 342 74
4444 600 351 49
4445 581 369 50
4446 591 345 64
4447 588 352 60
4448 585 342 73
4449 556 364 80
4450 542 379 79
4451 543 381 76
4452 550 384 66
4453 531 384 85
4454 537 398 65
4455 541 402 57
4456 575 363 62
4457 567 381 52
4458 562 381 57
4459 580 366 54
4460 606 335 59
4461 582 354 64
4462 583 352 65
4463 556 390 54
4464 562 372 66
4465 565 362 73
4466 575 358 67
4467 572 373 55
4468 583 369 48
4469 573 375 52
4470 569 369 62
4471 546 384 70
4472 575 363 62
4473 581 368 51
4474 564 373 63
4475 588 347 65
4476 592 341 67
4477 573 354 73
4478 592 341 67
4479 588 351 61
4480 583 370 47
4481 595 352 53
4482 640 319 41
4483 642 325 33
4484 675 280 45
4485 648 320 32
4486 657 303 40
4487 638 326 36
4488 639 311 50
4489 639 317 44
4490 649 321 30
4491 650 314 36
4492 634 323 43
4493 657 307 36
4494 651 314 35
4495 614 343 43
4496 623 338 39
4497 654 309 37
4498 668 295 37
4499 641 327 32
4500 641 315 44
4501 639 322 39
4502 633 325 42
4503 606 353 41
4504 599 346 55
4505 614 329 57
4506 582 367 51
4507 571 368 61
4508 578 365 57
4509 581 360 59
4510 592 359 49
4511 595 347 58
4512 610 342 48
4513 650 319 31
4514 669 297 34
4515 650 310 40
4516 643 323 34
4517 636 313 51
4518 631 323 46
4519 650 307 43
4520 641 316 43
4521 648 316 36
4522 620 328 52
4523 611 352 37
4524 616 342 42
4525 611 339 50
4526 616 334 50
4527 591 360 49
4528 610 349 41
4529 619 330 51
4530 642 325 33
4531 650 304 46
4532 642 310 48
4533 647 311 42
4534 618 334 48
4535 640 314 46
4536 619 338 43
4537 594 359 47
4538 610 332 58
4539 589 357 54
4540 574 378 48
4541 589 356 55
4542 599 351 50
4543 577 376 47
4544 607 341 52
4545 583 366 51
4546 566 373 61
4547 558 377 65
4548 565 363 72
4549 553 388 59
4550 573 362 65
4551 569 368 63
4552 564 373 63
4553 575 364 61
4554 572 364 64
4555 556 368 76
4556 528 406 66
4557 544 389 67
4558 531 382 87
4559 529 398 73
4560 540 383 77
4561 531 414 55
4562 553 376 71
4563 523 406 71
4564 535 391 74
4565 529 395 76
4566 520 415 65
4567 562 384 54
4568 603 359 38
4569 622 326 52
4570 627 330 43
4571 634 317 49
4572 615 341 44
4573 638 314 48
4574 653 307 40
4575 656 310 34
4576 642 336 22
4577 670 288 42
4578 669 289 42
4579 668 296 36
4580 676 296 28
4581 715 261 24
4582 726 247 27
4583 731 251 18
4584 741 232 27
4585 713 256 31
4586 703 271 26
4587 680 298 22
4588 695 276 29
4589 702 271 27
4590 688 277 35
4591 681 287 32
4592 691 275 34
4593 680 292 28
4594 666 298 36
4595 653 311 36
4596 652 312 36
4597 652 308 40
4598 643 322 35
4599 646 325 29
4600 624 332 44
4601 625 316 59
4602 647 310 43
4603 617 335 48
4604 642 314 44
4605 636 318 46
4606 643 318 39
4607 624 348 28
4608 632 321 47
4609 630 322 48
4610 617 331 52
4611 607 345 48
4612 591 354 55
4613 568 389 43
4614 583 349 68
4615 569 372 59
4616 565 374 61
4617 577 371 52
4618 574 373 53
4619 587 354 59
4620 568 395 37
4621 596 352 52
4622 598 336 66
4623 573 375 52
4624 587 356 57
4625 590 356 54
4626 576 367 57
4627 570 383 47
4628 580 368 52
4629 578 358 64
4630 578 374 48
4631 576 373 51
4632 564 374 62
4633 549 369 82
4634 563 374 63
4635 576 373 51
4636 601 342 57
4637 588 363 49
4638 566 382 52
4639 598 352 50
4640 581 361 58
4641 603 342 55
4642 617 336 47
4643 609 343 48
4644 610 339 51
4645 634 314 52
4646 638 308 54
4647 642 318 40
4648 635 328 37
4649 645 309 46
4650 622 340 38
4651 596 363 41
4652 630 325 45
4653 644 309 47
4654 609 333 58
4655 581 359 60
4656 572 367 61
4657 563 373 64
4658 566 367 67
4659 564 374 62
4660 559 390 51
4661 582 367 51
4662 605 336 59
4663 623 320 57
4664 594 351 55
4665 590 359 51
4666 609 338 53
4667 605 348 47
4668 587 368 45
4669 605 345 50
4670 621 331 48
4671 612 338 50
4672 610 342 48
4673 603 341 56
4674 590 360 50
4675 583 363 54
4676 563 376 61
4677 578 350 72
4678 582 355 63
4679 580 372 48
4680 569 379 52
4681 592 341 67
4682 597 342 61
4683 563 377 60
4684 578 352 70
4685 582 363 55
4686 585 361 54
4687 612 342 46
4688 626 330 44
4689 624 343 33
4690 630 330 40
4691 626 326 48
4692 643 317 40
4693 622 333 45
4694 603 345 52
4695 607 334 59
4696 570 374 56
4697 592 353 55
4698 598 352 50
4699 598 347 55
4700 578 358 64
4701 572 369 59
4702 576 370 54
4703 584 370 46
4704 608 345 47
4705 598 346 56
4706 595 346 59
4707 598 343 59
4708 604 343 53
4709 617 340 43
4710 624 324 52
4711 593 364 43
4712 587 358 55
4713 588 355 57
4714 582 344 74
4715 580 363 57
4716 556 388 56
4717 542 385 73
4718 555 371 74
4719 534 390 76
4720 509 409 82
4721 513 412 75
4722 514 404 82
4723 514 391 95
4724 512 407 81
4725 519 405 76
4726 507 413 80
4727 525 390 85
4728 498 411 91
4729 474 410 116
4730 455 443 102
4731 448 454 98
4732 474 429 97
4733 475 433 92
4734 475 438 87
4735 479 428 93
4736 452 449 99
4737 454 452 94
4738 452 454 94
4739 452 442 106
4740 438 460 102
4741 443 450 107
4742 449 443 108
4743 457 444 99
4744 471 415 114
4745 474 426 100
4746 474 424 102
4747 497 402 101
4748 484 422 94
4749 503 425 72
4750 502 415 83
4751 523 384 93
4752 555 372 73
4753 565 379 56
4754 572 382 46
4755 582 369 49
4756 604 340 56
4757 621 325 54
4758 590 352 58
4759 602 348 50
4760 585 373 42
4761 629 319 52
4762 623 343 34
4763 634 328 38
4764 621 338 41
4765 617 324 59
4766 581 369 50
4767 616 336 48
4768 577 384 39
4769 571 359 70
4770 578 358 64
4771 555 370 75
4772 547 386 67
4773 516 415 69
4774 531 404 65
4775 565 356 79
4776 540 383 77
4777 541 389 70
4778 544 392 64
4779 568 369 63
4780 585 365 50
4781 604 346 50
4782 575 364 61
4783 589 356 55
4784 565 380 55
4785 585 368 47
4786 580 369 51
4787 592 341 67
4788 602 338 60
4789 618 335 47
4790 626 335 39
4791 609 347 44
4792 623 322 55
4793 610 339 51
4794 603 347 50
4795 612 333 55
4796 607 355 38
4797 621 329 50
4798 582 363 55
4799 577 350 73
4800 570 382 48
4801 576 362 62
4802 604 331 65
4803 597 347 56
4804 596 335 69
4805 586 361 53
4806 599 347 54
4807 610 328 62
4808 610 346 44
4809 620 329 51
4810 639 320 41
4811 652 300 48
4812 651 314 35
4813 687 295 18
4814 694 284 22
4815 691 280 29
4816 686 282 32
4817 697 278 25
4818 705 261 34
4819 688 284 28
4820 694 268 38
4821 666 292 42
4822 659 310 31
4823 658 301 41
4824 641 323 36
4825 658 313 29
4826 653 311 36
4827 678 291 31
4828 658 302 40
4829 666 291 43
4830 670 306 24
4831 677 283 40
4832 699 268 33
4833 699 268 33
4834 694 283 23
4835 691 279 30
4836 683 288 29
4837 682 289 29
4838 688 283 29
4839 687 282 31
4840 676 296 28
4841 702 266 32
4842 712 262 26
4843 717 256 27
4844 718 258 24
4845 699 277 24
4846 722 252 26
4847 709 262 29
4848 683 288 29
4849 699 262 39
4850 667 304 29
4851 645 328 27
4852 655 315 30
4853 668 296 36
4854 668 293 39
4855 648 318 34
4856 657 301 42
4857 647 315 38
4858 624 334 42
4859 625 330 45
4860 625 338 37
4861 635 327 38
4862 650 309 41
4863 634 330 36
4864 630 341 29
4865 670 290 40
4866 664 301 35
4867 675 289 36
4868 665 299 36
4869 666 300 34
4870 657 306 37
4871 653 310 37
4872 656 309 35
4873 629 323 48
4874 643 323 34
4875 649 321 30
4876 649 308 43
4877 641 330 29
4878 662 298 40
4879 659 307 34
4880 663 307 30
4881 676 295 29
4882 667 308 25
4883 666 303 31
4884 648 320 32
4885 650 309 41
4886 632 321 47
4887 624 332 44
4888 638 311 51
4889 613 345 42
4890 637 314 49
4891 630 337 33
4892 619 340 41
4893 616 352 32
4894 597 355 48
4895 613 322 65
4896 587 355 58
4897 579 360 61
4898 571 376 53
4899 555 385 60
4900 570 368 62
4901 593 352 55
4902 586 366 48
4903 601 344 55
4904 606 347 47
4905 630 327 43
4906 648 310 42
4907 676 293 31
4908 672 295 33
4909 661 302 37
4910 637 316 47
4911 632 330 38
4912 641 326 33
4913 649 316 35
4914 669 288 43
4915 661 307 32
4916 646 316 38
4917 652 300 48
4918 637 323 40
4919 625 329 46
4920 604 350 46
4921 603 350 47
4922 585 373 42
4923 578 369 53
4924 568 365 67
4925 553 387 60
4926 569 361 70
4927 580 358 62
4928 556 391 53
4929 560 367 73
4930 543 385 72
4931 513 408 79
4932 496 427 77
4933 518 398 84
4934 496 407 97
4935 503 395 102
4936 507 406 87
4937 520 413 67
4938 506 417 77
4939 528 394 78
4940 539 386 75
4941 564 369 67
4942 573 360 67
4943 562 375 63
4944 586 355 59
4945 597 354 49
4946 557 394 49
4947 574 364 62
4948 568 362 70
4949 537 373 90
4950 508 412 80
4951 502 409 89
4952 487 424 89
4953 488 421 91
4954 501 417 82
4955 493 419 88
4956 502 399 99
4957 515 395 90
4958 485 418 97
4959 468 432 100
4960 499 413 88
4961 509 411 80
4962 510 405 85
4963 499 409 92
4964 475 440 85
4965 479 425 96
4966 481 421 98
4967 482 427 91
4968 484 418 98
4969 467 451 82
4970 488 424 88
4971 484 419 97
4972 481 438 81
4973 499 400 101
4974 472 437 91
4975 520 402 78
4976 509 410 81
4977 501 419 80
4978 518 407 75
4979 511 400 89
4980 513 399 88
4981 498 432 70
4982 517 399 84
4983 506 409 85
4984 506 399 95
4985 505 415 80
4986 529 400 71
4987 521 399 80
4988 495 424 81
4989 502 412 86
4990 518 407 75
4991 517 406 77
4992 537 395 68
4993 562 361 77
4994 559 368 73
4995 533 403 64
4996 529 404 67
4997 553 376 71
4998 575 362 63
4999 579 350 71
5000 549 394 57
5001 573 373 54
5002 589 354 57
5003 568 379 53
5004 590 358 52
5005 594 353 53
5006 590 343 67
5007 574 358 68
5008 584 366 50
5009 587 362 51
5010 582 360 58
5011 577 370 53
5012 579 373 48
5013 596 346 58
5014 589 367 44
5015 574 369 57
5016 602 336 62
5017 607 336 57
5018 563 391 46
5019 584 349 67
5020 584 366 50
5021 561 382 57
5022 568 377 55
5023 566 367 67
5024 591 350 59
5025 574 356 70
5026 602 343 55
5027 595 360 45
5028 604 340 56
5029 614 332 54
5030 614 338 48
5031 630 327 43
5032 617 332 51
5033 613 342 45
5034 625 315 60
5035 616 336 48
5036 590 357 53
5037 604 340 56
5038 586 359 55
5039 565 390 45
5040 599 348 53
5041 595 337 68
5042 578 370 52
5043 545 399 56
5044 536 400 64
5045 524 389 87
5046 513 399 88
5047 517 404 79
5048 527 407 66
5049 537 396 67
5050 573 361 66
5051 552 386 62
5052 598 339 63
5053 618 323 59
5054 618 331 51
5055 609 357 34
5056 603 356 41
5057 590 352 58
5058 599 346 55
5059 573 379 48
5060 575 364 61
5061 588 361 51
5062 599 346 55
5063 598 353 49
5064 595 352 53
5065 625 325 50
5066 618 340 42
5067 567 377 56
5068 605 349 46
5069 623 344 33
5070 621 336 43
5071 617 331 52
5072 613 337 50
5073 607 348 45
5074 624 329 47
5075 606 349 45
5076 603 364 33
5077 613 336 51
5078 617 336 47
5079 621 330 49
5080 623 333 44
5081 655 313 32
5082 684 288 28
5083 699 271 30
5084 704 267 29
5085 680 285 35
5086 674 295 31
5087 667 301 32
5088 656 308 36
5089 685 276 39
5090 671 291 38
5091 658 306 36
5092 659 307 34
5093 662 301 37
5094 660 311 29
5095 658 308 34
5096 657 301 42
5097 653 310 37
5098 630 334 36
5099 616 332 52
5100 658 298 44
5101 653 306 41
5102 624 343 33
5103 649 304 47
5104 635 327 38
5105 672 293 35
5106 682 287 31
5107 664 306 30
5108 677 295 28
5109 676 292 32
5110 675 294 31
5111 659 316 25
5112 655 308 37
5113 677 285 38
5114 672 292 36
5115 649 309 42
5116 641 317 42
5117 622 318 60
5118 600 352 48
5119 590 363 47
5120 597 353 50
5121 611 343 46
5122 594 360 46
5123 610 339 51
5124 624 332 44
5125 608 343 49
5126 613 342 45
5127 622 330 48
5128 636 321 43
5129 643 317 40
5130 648 311 41
5131 644 307 49
5132 656 296 48
5133 661 299 40
5134 662 307 31
5135 662 298 40
5136 667 293 40
5137 666 302 32
5138 649 313 38
5139 647 322 31
5140 635 338 27
5141 653 318 29
5142 659 307 34
5143 683 284 33
5144 684 286 30
5145 693 280 27
5146 704 263 33
5147 689 284 27
5148 683 292 25
5149 688 285 27
5150 718 260 22
5151 704 271 25
5152 681 298 21
5153 664 308 28
5154 703 271 26
5155 715 268 17
5156 732 253 15
5157 727 249 24
5158 736 237 27
5159 736 244 20
5160 744 238 18
5161 754 225 21
5162 747 237 16
5163 748 234 18
5164 748 234 18
5165 753 228 19
5166 759 221 20
5167 732 254 14
5168 764 222 14
5169 796 187 17
5170 810 179 11
5171 804 188 8
5172 815 179 6
5173 826 166 8
5174 831 158 11
5175 831 156 13
5176 812 180 8
5177 794 195 11
5178 773 220 7
5179 780 205 15
5180 780 206 14
5181 771 217 12
5182 777 205 18
5183 766 224 10
5184 783 200 17
5185 777 204 19
5186 761 221 18
5187 752 231 17
5188 763 214 23
5189 779 208 13
5190 782 202 16
5191 771 211 18
5192 772 207 21
5193 757 231 12
5194 767 210 23
5195 740 235 25
5196 736 246 18
5197 747 237 16
5198 739 239 22
5199 733 246 21
5200 746 234 20
5201 730 253 17
5202 710 266 24
5203 714 261 25
5204 702 268 30
5205 695 278 27
5206 691 284 25
5207 691 279 30
5208 698 271 31
5209 689 289 22
5210 695 285 20
5211 696 276 28
5212 696 268 36
5213 711 273 16
5214 736 241 23
5215 707 267 26
5216 728 254 18
5217 710 263 27
5218 713 269 18
5219 723 252 25
5220 706 271 23
5221 679 301 20
5222 705 271 24
5223 727 253 20
5224 722 254 24
5225 762 229 9
5226 769 212 19
5227 765 224 11
5228 759 229 12
5229 763 225 12
5230 757 226 17
5231 750 228 22
5232 739 236 25
5233 727 248 25
5234 716 260 24
5235 696 267 37
5236 687 289 24
5237 690 275 35
5238 695 271 34
5239 689 290 21
5240 685 291 24
5241 692 275 33
5242 658 313 29
5243 662 293 45
5244 655 305 40
5245 617 342 41
5246 623 333 44
5247 663 289 48
5248 662 306 32
5249 638 332 30
5250 647 313 40
5251 612 349 39
5252 637 323 40
5253 640 318 42
5254 638 327 35
5255 625 328 47
5256 617 337 46
5257 605 347 48
5258 583 371 46
5259 594 355 51
5260 581 363 56
5261 549 394 57
5262 565 377 58
5263 566 388 46
5264 569 354 77
5265 599 344 57
5266 609 342 49
5267 600 351 49
5268 597 351 52
5269 602 343 55
5270 573 386 41
5271 596 351 53
5272 601 354 45
5273 590 357 53
5274 601 346 53
5275 583 361 56
5276 602 339 59
5277 607 332 61
5278 615 337 48
5279 626 334 40
5280 608 340 52
5281 602 359 39
5282 626 329 45
5283 649 311 40
5284 646 314 40
5285 622 330 48
5286 618 322 60
5287 587 352 61
5288 583 355 62
5289 576 368 56
5290 601 342 57
5291 615 331 54
5292 621 350 29
5293 626 336 38
5294 633 326 41
5295 649 317 34
5296 653 311 36
5297 656 311 33
5298 643 317 40
5299 651 301 48
5300 637 309 54
5301 644 299 57
5302 645 309 46
5303 637 332 31
5304 635 325 40
5305 600 350 50
5306 620 330 50
5307 624 320 56
5308 615 347 38
5309 649 305 46
5310 678 287 35
5311 676 296 28
5312 678 287 35
5313 675 302 23
5314 678 285 37
5315 675 293 32
5316 683 289 28
5317 691 282 27
5318 711 266 23
5319 689 286 25
5320 700 274 26
5321 675 292 33
5322 665 297 38
5323 650 316 34
5324 672 286 42
5325 663 300 37
5326 663 300 37
5327 678 288 34
5328 677 283 40
5329 673 297 30
5330 669 304 27
5331 628 331 41
5332 619 334 47
5333 628 323 49
5334 633 324 43
5335 629 317 54
5336 632 330 38
5337 657 298 45
5338 654 305 41
5339 655 304 41
5340 648 317 35
5341 637 324 39
5342 664 288 48
5343 651 310 39
5344 633 332 35
5345 630 324 46
5346 632 338 30
5347 656 302 42
5348 673 289 38
5349 656 322 22
5350 660 306 34
5351 673 282 45
5352 669 299 32
5353 661 304 35
5354 649 307 44
5355 649 308 43
5356 610 355 35
5357 638 324 38
5358 638 319 43
5359 619 332 49
5360 633 315 52
5361 629 319 52
5362 603 352 45
5363 612 345 43
5364 620 323 57
5365 601 349 50
5366 599 350 51
5367 614 331 55
5368 610 338 52
5369 596 354 50
5370 584 362 54
5371 563 376 61
5372 567 367 66
5373 571 376 53
5374 556 386 58
5375 566 367 67
5376 541 378 81
5377 525 409 66
5378 541 393 66
5379 544 391 65
5380 555 388 57
5381 546 387 67
5382 554 366 80
5383 551 383 66
5384 570 355 75
5385 577 365 58
5386 587 352 61
5387 569 371 60
5388 563 380 57
5389 542 391 67
5390 549 380 71
5391 523 422 55
5392 545 396 59
5393 542 399 59
5394 530 410 60
5395 540 403 57
5396 550 388 62
5397 541 394 65
5398 547 383 70
5399 542 399 59
5400 547 391 62
5401 553 379 68
5402 522 415 63
5403 552 377 71
5404 533 393 74
5405 531 383 86
5406 532 396 72
5407 543 382 75
5408 555 368 77
5409 556 374 70
5410 524 421 55
5411 547 387 66
5412 569 364 67
5413 583 366 51
5414 569 375 56
5415 583 353 64
5416 551 390 59
5417 556 374 70
5418 548 384 68
5419 537 376 87
5420 516 406 78
5421 527 398 75
5422 540 385 75
5423 522 404 74
5424 491 426 83
5425 499 400 101
5426 490 421 89
5427 521 404 75
5428 512 422 66
5429 536 391 73
5430 528 390 82
5431 525 398 77
5432 513 424 63
5433 516 419 65
5434 540 389 71
5435 519 408 73
5436 526 405 69
5437 551 385 64
5438 569 369 62
5439 560 374 66
5440 566 374 60
5441 562 368 70
5442 548 382 70
5443 573 362 65
5444 566 385 49
5445 573 367 60
5446 556 389 55
5447 585 352 63
5448 552 390 58
5449 553 381 66
5450 557 374 69
5451 543 384 73
5452 552 373 75
5453 548 383 69
5454 562 369 69
5455 554 377 69
5456 539 390 71
5457 538 383 79
5458 547 380 73
5459 530 400 70
5460 530 396 74
5461 534 389 77
5462 521 405 74
5463 523 398 79
5464 531 388 81
5465 521 409 70
5466 537 400 63
5467 541 395 64
5468 570 362 68
5469 556 376 68
5470 561 377 62
5471 553 372 75
5472 528 411 61
5473 519 417 64
5474 515 408 77
5475 520 408 72
5476 522 395 83
5477 520 403 77
5478 533 391 76
5479 517 406 77
5480 531 388 81
5481 513 387 100
5482 492 403 105
5483 500 407 93
5484 496 397 107
5485 490 429 81
5486 522 387 91
5487 491 425 84
5488 506 410 84
5489 519 390 91
5490 528 407 65
5491 550 375 75
5492 557 377 66
5493 558 382 60
5494 563 381 56
5495 556 373 71
5496 552 384 64
5497 551 390 59
5498 559 379 62
5499 580 366 54
5500 571 377 52
5501 556 373 71
5502 542 388 70
5503 540 400 60
5504 556 373 71
5505 520 407 73
5506 544 380 76
5507 539 392 69
5508 544 379 77
5509 530 399 71
5510 553 371 76
5511 540 399 61
5512 549 376 75
5513 517 398 85
5514 526 392 82
5515 546 375 79
5516 549 388 63
5517 553 373 74
5518 548 383 69
5519 543 393 64
5520 531 395 74
5521 519 412 69
5522 504 428 68
5523 516 398 86
5524 507 409 84
5525 518 385 97
5526 499 397 104
5527 531 377 92
5528 538 381 81
5529 530 402 68
5530 554 366 80
5531 524 398 78
5532 526 391 83
5533 542 381 77
5534 590 342 68
5535 594 351 55
5536 593 359 48
5537 625 330 45
5538 607 333 60
5539 596 351 53
5540 591 362 47
5541 587 355 58
5542 599 356 45
5543 589 366 45
5544 589 364 47
5545 576 377 47
5546 597 362 41
5547 622 329 49
5548 597 365 38
5549 596 364 40
5550 590 355 55
5551 575 382 43
5552 574 381 45
5553 586 363 51
5554 589 346 65
5555 592 350 58
5556 585 353 62
5557 572 365 63
5558 550 394 56
5559 586 342 72
5560 576 367 57
5561 566 389 45
5562 569 375 56
5563 582 356 62
5564 582 363 55
5565 600 349 51
5566 585 369 46
5567 607 331 62
5568 613 340 47
5569 626 346 28
5570 623 329 48
5571 633 322 45
5572 653 308 39
5573 655 305 40
5574 666 293 41
5575 649 311 40
5576 643 313 44
5577 629 333 38
5578 627 325 48
5579 594 358 48
5580 626 326 48
5581 649 305 46
5582 648 308 44
5583 636 320 44
5584 634 317 49
5585 630 332 38
5586 654 314 32
5587 668 302 30
5588 646 324 30
5589 646 323 31
5590 672 294 34
5591 673 290 37
5592 669 301 30
5593 662 312 26
5594 676 291 33
5595 691 279 30
5596 675 298 27
5597 691 281 28
5598 694 283 23
5599 678 296 26
5600 661 306 33
5601 646 311 43
5602 653 307 40
5603 651 312 37
5604 658 300 42
5605 661 304 35
5606 653 310 37
5607 645 311 44
5608 633 334 33
5609 615 337 48
5610 610 346 44
5611 599 349 52
5612 636 309 55
5613 635 329 36
5614 653 315 32
5615 675 285 40
5616 667 304 29
5617 655 310 35
5618 661 298 41
5619 653 309 38
5620 617 342 41
5621 612 341 47
5622 606 337 57
5623 602 337 61
5624 602 342 56
5625 632 324 44
5626 605 343 52
5627 621 324 55
5628 637 307 56
5629 672 286 42
5630 648 310 42
5631 643 307 50
5632 621 348 31
5633 618 337 45
5634 622 327 51
5635 652 295 53
5636 634 334 32
5637 653 307 40
5638 635 322 43
5639 620 331 49
5640 620 332 48
5641 634 329 37
5642 659 295 46
5643 667 293 40
5644 661 303 36
5645 664 305 31
5646 684 277 39
5647 690 281 29
5648 660 306 34
5649 641 316 43
5650 634 318 48
5651 615 341 44
5652 598 352 50
5653 611 343 46
5654 609 334 57
5655 603 344 53
5656 596 353 51
5657 594 341 65
5658 563 372 65
5659 529 401 70
5660 531 396 73
5661 525 417 58
5662 540 377 83
5663 524 390 86
5664 511 398 91
5665 482 427 91
5666 487 430 83
5667 522 381 97
5668 483 440 77
5669 481 421 98
5670 481 437 82
5671 472 423 105
5672 473 425 102
5673 455 439 106
5674 459 434 107
5675 474 428 98
5676 490 422 88
5677 514 395 91
5678 495 399 106
5679 483 425 92
5680 488 424 88
5681 471 427 102
5682 467 416 117
5683 452 445 103
5684 442 465 93
5685 478 419 103
5686 484 408 108
5687 466 449 85
5688 496 407 97
5689 471 438 91
5690 475 424 101
5691 486 431 83
5692 501 403 96
5693 479 432 89
5694 488 425 87
5695 475 436 89
5696 485 430 85
5697 469 446 85
5698 468 432 100
5699 483 416 101
5700 498 406 96
5701 498 412 90
5702 500 422 78
5703 511 403 86
5704 509 401 90
5705 484 419 97
5706 481 416 103
5707 463 451 86
5708 465 453 82
5709 466 436 98
5710 486 429 85
5711 463 439 98
5712 454 449 97
5713 465 434 101
5714 486 428 86
5715 486 423 91
5716 482 415 103
5717 475 429 96
5718 492 411 97
5719 509 406 85
5720 512 397 91
5721 475 430 95
5722 501 410 89
5723 478 446 76
5724 479 426 95
5725 480 419 101
5726 458 454 88
5727 517 405 78
5728 538 399 63
5729 532 375 93
5730 494 436 70
5731 504 413 83
5732 509 409 82
5733 504 424 72
5734 521 401 78
5735 491 425 84
5736 500 412 88
5737 505 405 90
5738 486 429 85
5739 499 406 95
5740 492 419 89
5741 472 440 88
5742 489 416 95
5743 501 395 104
5744 496 410 94
5745 500 419 81
5746 493 422 85
5747 487 428 85
5748 490 429 81
5749 503 421 76
5750 518 407 75
5751 516 400 84
5752 535 386 79
5753 514 410 76
5754 532 402 66
5755 541 383 76
5756 528 390 82
5757 530 389 81
5758 535 375 90
5759 536 393 71
5760 522 397 81
5761 513 400 87
5762 533 397 70
5763 535 389 76
5764 561 383 56
5765 578 371 51
5766 576 356 68
5767 588 357 55
5768 580 362 58
5769 580 364 56
5770 596 347 57
5771 609 355 36
5772 601 353 46
5773 610 341 49
5774 621 339 40
5775 602 336 62
5776 590 364 46
5777 600 347 53
5778 594 350 56
5779 572 380 48
5780 586 371 43
5781 566 371 63
5782 545 383 72
5783 501 430 69
5784 512 413 75
5785 517 401 82
5786 522 402 76
5787 557 370 73
5788 548 387 65
5789 555 381 64
5790 536 386 78
5791 516 396 88
5792 507 417 76
5793 514 409 77
5794 497 424 79
5795 505 407 88
5796 517 403 80
5797 512 406 82
5798 498 421 81
5799 521 417 62
5800 548 371 81
5801 519 414 67
5802 523 417 60
5803 540 396 64
5804 552 379 69
5805 542 393 65
5806 516 405 79
5807 514 393 93
5808 525 395 80
5809 543 392 65
5810 548 374 78
5811 534 397 69
5812 534 393 73
5813 504 422 74
5814 488 416 96
5815 487 423 90
5816 492 437 71
5817 508 410 82
5818 511 408 81
5819 505 408 87
5820 489 416 95
5821 479 442 79
5822 483 432 85
5823 492 421 87
5824 496 422 82
5825 524 396 80
5826 520 389 91
5827 497 416 87
5828 477 433 90
5829 471 436 93
5830 464 440 96
5831 494 416 90
5832 501 412 87
5833 496 425 79
5834 509 413 78
5835 541 398 61
5836 557 368 75
5837 522 407 71
5838 527 388 85
5839 529 405 66
5840 549 383 68
5841 561 374 65
5842 571 351 78
5843 589 352 59
5844 565 384 51
5845 561 382 57
5846 543 383 74
5847 546 383 71
5848 531 385 84
5849 533 381 86
5850 539 374 87
5851 516 393 91
5852 511 405 84
5853 507 414 79
5854 517 417 66
5855 534 419 47
5856 533 400 67
5857 539 389 72
5858 526 404 70
5859 521 416 63
5860 526 398 76
5861 503 407 90
5862 499 395 106
5863 503 425 72
5864 513 416 71
5865 531 389 80
5866 537 381 82
5867 508 394 98
5868 504 408 88
5869 479 436 85
5870 467 455 78
5871 456 443 101
5872 444 446 110
5873 434 440 126
5874 442 434 124
5875 471 421 108
5876 464 445 91
5877 470 439 91
5878 468 423 109
5879 462 424 114
5880 434 445 121
5881 420 467 113
5882 411 460 129
5883 412 467 121
5884 396 473 131
5885 413 457 130
5886 413 441 146
5887 434 462 104
5888 481 407 112
5889 483 441 76
5890 511 410 79
5891 528 393 79
5892 513 412 75
5893 515 410 75
5894 520 413 67
5895 543 376 81
5896 553 371 76
5897 540 386 74
5898 504 426 70
5899 509 415 76
5900 506 417 77
5901 494 414 92
5902 509 402 89
5903 519 400 81
5904 525 393 82
5905 539 388 73
5906 549 389 62
5907 566 362 72
5908 554 383 63
5909 565 375 60
5910 559 370 71
5911 573 371 56
5912 573 370 57
5913 573 374 53
5914 589 359 52
5915 599 348 53
5916 569 378 53
5917 595 348 57
5918 596 348 56
5919 617 345 38
5920 643 314 43
5921 639 314 47
5922 644 306 50
5923 640 316 44
5924 627 324 49
5925 635 321 44
5926 620 342 38
5927 598 358 44
5928 633 324 43
5929 613 336 51
5930 601 339 60
5931 578 358 64
5932 554 375 71
5933 571 367 62
5934 552 387 61
5935 529 392 79
5936 555 367 78
5937 557 384 59
5938 577 355 68
5939 558 369 73
5940 560 373 67
5941 559 369 72
5942 564 379 57
5943 563 374 63
5944 579 364 57
5945 601 340 59
5946 596 355 49
5947 602 349 49
5948 590 362 48
5949 592 346 62
5950 626 326 48
5951 633 317 50
5952 618 330 52
5953 613 342 45
5954 604 341 55
5955 579 362 59
5956 573 372 55
5957 558 379 63
5958 569 370 61
5959 584 362 54
5960 567 385 48
5961 570 373 57
5962 556 394 50
5963 529 414 57
5964 538 384 78
5965 532 391 77
5966 545 388 67
5967 556 384 60
5968 557 385 58
5969 547 382 71
5970 547 384 69
5971 538 406 56
5972 563 366 71
5973 565 377 58
5974 547 390 63
5975 567 376 57
5976 557 391 52
5977 558 371 71
5978 535 388 77
5979 552 373 75
5980 547 390 63
5981 554 381 65
5982 561 367 72
5983 573 369 58
5984 582 350 68
5985 555 387 58
5986 554 375 71
5987 556 374 70
5988 556 371 73
5989 539 393 68
5990 550 371 79
5991 526 392 82
5992 521 412 67
5993 534 394 72
5994 530 396 74
5995 529 396 75
5996 522 392 86
5997 511 404 85
5998 517 405 78
5999 509 414 77
6000 491 414 95
6001 496 416 88
6002 497 414 89
6003 496 425 79
6004 490 419 91
6005 521 409 70
6006 519 416 65
6007 555 371 74
6008 559 371 70
6009 555 375 70
6010 547 383 70
6011 568 368 64
6012 554 379 67
6013 548 387 65
6014 559 376 65
6015 580 364 56
6016 589 362 49
6017 611 352 37
6018 625 323 52
6019 599 354 47
6020 594 355 51
6021 589 368 43
6022 594 357 49
6023 611 346 43
6024 640 304 56
6025 642 312 46
6026 621 335 44
6027 635 327 38
6028 643 313 44
6029 633 334 33
6030 632 322 46
6031 592 366 42
6032 598 352 50
6033 600 342 58
6034 597 360 43
6035 593 355 52
6036 595 356 49
6037 606 336 58
6038 587 361 52
6039 563 390 47
6040 587 359 54
6041 618 317 65
6042 612 336 52
6043 586 370 44
6044 573 378 49
6045 614 332 54
6046 612 334 54
6047 597 354 49
6048 612 350 38
6049 618 333 49
6050 624 326 50
6051 642 311 47
6052 637 315 48
6053 653 304 43
6054 654 298 48
6055 649 309 42
6056 641 307 52
6057 626 332 42
6058 623 345 32
6059 618 344 38
6060 616 338 46
6061 609 339 52
6062 595 350 55
6063 598 347 55
6064 568 375 57
6065 590 351 59
6066 607 339 54
6067 603 354 43
6068 617 328 55
6069 602 361 37
6070 609 338 53
6071 637 304 59
6072 589 367 44
6073 594 343 63
6074 565 385 50
6075 588 361 51
6076 585 350 65
6077 577 369 54
6078 592 355 53
6079 557 384 59
6080 575 368 57
6081 581 364 55
6082 562 379 59
6083 575 366 59
6084 573 362 65
6085 550 397 53
6086 544 393 63
6087 546 387 67
6088 565 379 56
6089 565 384 51
6090 566 379 55
6091 563 364 73
6092 586 351 63
6093 582 352 66
6094 551 395 54
6095 566 372 62
6096 581 360 59
6097 609 350 41
6098 576 370 54
6099 551 380 69
6100 548 391 61
6101 540 391 69
6102 525 416 59
6103 545 387 68
6104 548 385 67
6105 536 389 75
6106 530 399 71
6107 528 398 74
6108 537 385 78
6109 539 389 72
6110 527 411 62
6111 519 414 67
6112 554 374 72
6113 541 391 68
6114 538 398 64
6115 574 364 62
6116 579 356 65
6117 574 371 55
6118 568 371 61
6119 606 325 69
6120 583 374 43
6121 600 345 55
6122 593 347 60
6123 591 358 51
6124 595 344 61
6125 595 355 50
6126 594 355 51
6127 627 320 53
6128 603 353 44
6129 607 343 50
6130 605 352 43
6131 599 354 47
6132 616 332 52
6133 611 345 44
6134 627 317 56
6135 597 354 49
6136 588 358 54
6137 577 372 51
6138 594 355 51
6139 572 380 48
6140 574 370 56
6141 600 340 60
6142 609 334 57
6143 613 340 47
6144 594 354 52
6145 607 331 62
6146 602 345 53
6147 632 310 58
6148 625 331 44
6149 619 353 28
6150 623 339 38
6151 610 345 45
6152 603 350 47
6153 587 359 54
6154 539 392 69
6155 531 398 71
6156 534 392 74
6157 536 396 68
6158 544 384 72
6159 581 360 59
6160 557 383 60
6161 553 385 62
6162 588 368 44
6163 609 347 44
6164 612 334 54
6165 617 342 41
6166 628 336 36
6167 624 334 42
6168 658 312 30
6169 668 287 45
6170 677 279 44
6171 663 296 41
6172 628 320 52
6173 590 362 48
6174 614 346 40
6175 621 338 41
6176 626 327 47
6177 600 349 51
6178 598 348 54
6179 610 340 50
6180 624 336 40
6181 653 307 40
6182 653 304 43
6183 671 296 33
6184 664 304 32
6185 678 285 37
6186 685 274 41
6187 663 296 41
6188 649 313 38
6189 642 321 37
6190 667 299 34
6191 689 280 31
6192 660 302 38
6193 674 292 34
6194 664 312 24
6195 667 302 31
6196 683 285 32
6197 656 305 39
6198 651 308 41
6199 638 325 37
6200 680 278 42
6201 670 305 25
6202 671 302 27
6203 684 288 28
6204 669 304 27
6205 683 276 41
6206 677 294 29
6207 684 280 36
6208 680 289 31
6209 675 302 23
6210 695 277 28
6211 687 287 26
6212 696 272 32
6213 690 279 31
6214 679 290 31
6215 694 281 25
6216 689 283 28
6217 704 266 30
6218 703 274 23
6219 700 279 21
6220 718 261 21
6221 699 278 23
6222 695 273 32
6223 690 286 24
6224 708 261 31
6225 714 262 24
6226 742 228 30
6227 727 254 19
6228 723 260 17
6229 706 270 24
6230 687 292 21
6231 694 285 21
6232 709 263 28
6233 718 259 23
6234 738 235 27
6235 730 247 23
6236 733 250 17
6237 724 243 33
6238 700 282 18
6239 690 281 29
6240 686 278 36
6241 655 312 33
6242 686 279 35
6243 704 268 28
6244 720 259 21
6245 732 249 19
6246 729 252 19
6247 725 253 22
6248 723 244 33
6249 716 263 21
6250 703 274 23
6251 685 280 35
6252 681 289 30
6253 687 281 32
6254 671 303 26
6255 690 287 23
6256 697 280 23
6257 714 261 25
6258 711 271 18
6259 711 258 31
6260 695 283 22
6261 712 256 32
6262 672 303 25
6263 693 277 30
6264 709 262 29
6265 731 247 22
6266 732 250 18
6267 752 224 24
6268 744 236 20
6269 760 220 20
6270 747 229 24
6271 724 262 14
6272 698 282 20
6273 685 284 31
6274 684 285 31
6275 680 291 29
6276 686 281 33
6277 681 295 24
6278 689 277 34
6279 688 286 26
6280 703 277 20
6281 716 256 28
6282 697 278 25
6283 699 283 18
6284 709 267 24
6285 708 265 27
6286 728 252 20
6287 705 279 16
6288 699 272 29
6289 711 264 25
6290 702 264 34
6291 670 306 24
6292 681 287 32
6293 689 275 36
6294 670 292 38
6295 670 293 37
6296 656 302 42
6297 679 281 40
6298 654 306 40
6299 652 317 31
6300 650 305 45
6301 634 329 37
6302 645 323 32
6303 640 319 41
6304 650 322 28
6305 634 332 34
6306 676 286 38
6307 680 283 37
6308 667 301 32
6309 663 294 43
6310 637 314 49
6311 611 347 42
6312 615 347 38
6313 612 345 43
6314 615 326 59
6315 610 340 50
6316 583 350 67
6317 584 349 67
6318 553 381 66
6319 555 376 69
6320 584 362 54
6321 589 350 61
6322 586 365 49
6323 618 335 47
6324 638 319 43
6325 608 344 48
6326 606 342 52
6327 632 312 56
6328 629 325 46
6329 592 359 49
6330 565 381 54
6331 578 366 56
6332 552 390 58
6333 544 394 62
6334 542 384 74
6335 560 379 61
6336 580 351 69
6337 573 376 51
6338 574 368 58
6339 562 391 47
6340 573 363 64
6341 577 354 69
6342 557 372 71
6343 543 397 60
6344 561 362 77
6345 547 388 65
6346 526 404 70
6347 511 412 77
6348 527 389 84
6349 539 390 71
6350 540 385 75
6351 544 386 70
6352 549 392 59
6353 527 411 62
6354 537 390 73
6355 570 359 71
6356 548 385 67
6357 592 343 65
6358 577 372 51
6359 570 374 56
6360 584 371 45
6361 594 364 42
6362 578 367 55
6363 582 366 52
6364 589 355 56
6365 613 334 53
6366 623 333 44
6367 615 341 44
6368 629 306 65
6369 569 385 46
6370 578 356 66
6371 584 365 51
6372 603 359 38
6373 605 334 61
6374 601 348 51
6375 589 355 56
6376 554 379 67
6377 569 375 56
6378 560 387 53
6379 560 376 64
6380 577 354 69
6381 567 373 60
6382 567 373 60
6383 543 392 65
6384 540 385 75
6385 536 388 76
6386 569 368 63
6387 556 396 48
6388 567 360 73
6389 573 375 52
6390 568 374 58
6391 577 369 54
6392 557 392 51
6393 581 355 64
6394 578 350 72
6395 563 380 57
6396 586 350 64
6397 552 407 41
6398 549 393 58
6399 549 377 74
6400 571 349 80
6401 568 363 69
6402 572 359 69
6403 561 379 60
6404 571 358 71
6405 551 380 69
6406 541 382 77
6407 538 396 66
6408 535 397 68
6409 531 387 82
6410 543 378 79
6411 580 351 69
6412 594 369 37
6413 571 365 64
6414 580 359 61
6415 573 355 72
6416 563 369 68
6417 574 350 76
6418 561 369 70
6419 577 362 61
6420 537 400 63
6421 532 404 64
6422 530 402 68
6423 545 391 64
6424 536 396 68
6425 563 365 72
6426 549 365 86
6427 541 381 78
6428 554 371 75
6429 554 388 58
6430 543 395 62
6431 570 367 63
6432 563 368 69
6433 560 396 44
6434 567 373 60
6435 563 389 48
6436 585 362 53
6437 568 365 67
6438 563 381 56
6439 581 359 60
6440 566 372 62
6441 585 363 52
6442 591 355 54
6443 602 353 45
6444 627 329 44
6445 645 310 45
6446 649 306 45
6447 645 317 38
6448 667 297 36
6449 693 279 28
6450 689 270 41
6451 689 285 26
6452 679 292 29
6453 679 289 32
6454 668 302 30
6455 653 318 29
6456 666 301 33
6457 646 319 35
6458 617 332 51
6459 612 351 37
6460 628 329 43
6461 654 302 44
6462 652 308 40
6463 639 325 36
6464 635 327 38
6465 640 322 38
6466 627 331 42
6467 625 345 30
6468 630 327 43
6469 607 354 39
6470 593 353 54
6471 567 383 50
6472 581 357 62
6473 570 372 58
6474 589 347 64
6475 589 362 49
6476 576 369 55
6477 571 362 67
6478 562 371 67
6479 556 373 71
6480 556 373 71
6481 548 393 59
6482 552 390 58
6483 538 394 68
6484 575 382 43
6485 568 375 57
6486 551 389 60
6487 547 391 62
6488 535 397 68
6489 531 395 74
6490 551 373 76
6491 532 396 72
6492 541 389 70
6493 528 388 84
6494 508 410 82
6495 517 401 82
6496 511 400 89
6497 498 428 74
6498 482 433 85
6499 489 419 92
6500 506 406 88
6501 488 440 72
6502 523 402 75
6503 522 395 83
6504 524 396 80
6505 507 424 69
6506 502 421 77
6507 525 401 74
6508 548 381 71
6509 549 388 63
6510 562 367 71
6511 563 375 62
6512 564 370 66
6513 549 394 57
6514 546 396 58
6515 526 404 70
6516 538 391 71
6517 528 399 73
6518 527 400 73
6519 519 413 68
6520 532 395 73
6521 522 410 68
6522 511 420 69
6523 535 395 70
6524 538 393 69
6525 544 362 94
6526 536 384 80
6527 523 396 81
6528 571 365 64
6529 574 374 52
6530 566 378 56
6531 582 357 61
6532 579 343 78
6533 563 388 49
6534 589 353 58
6535 590 364 46
6536 588 341 71
6537 619 332 49
6538 622 333 45
6539 636 316 48
6540 634 317 49
6541 647 313 40
6542 650 325 25
6543 655 309 36
6544 656 306 38
6545 645 316 39
6546 658 309 33
6547 632 329 39
6548 639 319 42
6549 636 323 41
6550 642 326 32
6551 612 337 51
6552 598 354 48
6553 581 362 57
6554 560 376 64
6555 562 375 63
6556 555 378 67
6557 550 382 68
6558 556 380 64
6559 560 374 66
6560 561 364 75
6561 550 383 67
6562 558 391 51
6563 535 406 59
6564 538 396 66
6565 518 415 67
6566 551 375 74
6567 558 387 55
6568 554 383 63
6569 535 395 70
6570 495 415 90
6571 489 417 94
6572 454 458 88
6573 466 438 96
6574 483 403 114
6575 486 418 96
6576 499 411 90
6577 518 403 79
6578 522 401 77
6579 547 394 59
6580 526 416 58
6581 546 394 60
6582 560 374 66
6583 556 372 72
6584 555 370 75
6585 560 370 70
6586 560 378 62
6587 564 360 76
6588 563 382 55
6589 537 396 67
6590 537 401 62
6591 545 374 81
6592 526 390 84
6593 528 399 73
6594 535 390 75
6595 541 399 60
6596 558 373 69
6597 527 394 79
6598 543 387 70
6599 530 405 65
6600 552 376 72
6601 549 385 66
6602 546 388 66
6603 552 377 71
6604 571 356 73
6605 564 371 65
6606 540 389 71
6607 557 362 81
6608 523 415 62
6609 534 375 91
6610 503 404 93
6611 520 396 84
6612 543 370 87
6613 530 397 73
6614 532 391 77
6615 519 396 85
6616 486 430 84
6617 490 422 88
6618 520 395 85
6619 517 403 80
6620 506 413 81
6621 525 394 81
6622 517 409 74
6623 541 386 73
6624 547 382 71
6625 519 393 88
6626 499 416 85
6627 521 419 60
6628 550 371 79
6629 558 377 65
6630 547 396 57
6631 563 373 64
6632 579 358 63
6633 625 321 54
6634 627 336 37
6635 624 343 33
6636 643 318 39
6637 645 313 42
6638 604 341 55
6639 600 352 48
6640 587 358 55
6641 599 339 62
6642 627 322 51
6643 632 319 49
6644 619 344 37
6645 628 330 42
6646 628 324 48
6647 604 343 53
6648 600 348 52
6649 635 325 40
6650 637 315 48
6651 642 309 49
6652 641 314 45
6653 634 328 38
6654 642 317 41
6655 630 332 38
6656 632 325 43
6657 645 315 40
6658 659 298 43
6659 645 315 40
6660 635 309 56
6661 637 321 42
6662 658 307 35
6663 649 317 34
6664 628 340 32
6665 675 294 31
6666 661 305 34
6667 653 310 37
6668 652 316 32
6669 636 317 47
6670 624 318 58
6671 607 328 65
6672 618 332 50
6673 625 331 44
6674 639 308 53
6675 623 329 48
6676 628 335 37
6677 644 314 42
6678 635 320 45
6679 628 330 42
6680 636 326 38
6681 650 314 36
6682 642 320 38
6683 631 326 43
6684 613 346 41
6685 619 329 52
6686 617 340 43
6687 616 343 41
6688 642 317 41
6689 638 318 44
6690 587 365 48
6691 594 354 52
6692 604 339 57
6693 597 350 53
6694 593 358 49
6695 592 350 58
6696 569 373 58
6697 561 387 52
6698 566 370 64
6699 571 365 64
6700 573 365 62
6701 556 388 56
6702 586 351 63
6703 575 366 59
6704 581 364 55
6705 576 368 56
6706 561 384 55
6707 553 391 56
6708 572 367 61
6709 575 356 69
6710 546 376 78
6711 543 385 72
6712 561 374 65
6713 579 359 62
6714 559 376 65
6715 578 355 67
6716 567 373 60
6717 600 343 57
6718 602 344 54
6719 622 337 41
6720 618 338 44
6721 608 342 50
6722 600 354 46
6723 598 348 54
6724 587 362 51
6725 568 352 80
6726 536 407 57
6727 539 384 77
6728 530 397 73
6729 517 405 78
6730 521 404 75
6731 513 423 64
6732 541 388 71
6733 555 369 76
6734 580 362 58
6735 599 341 60
6736 595 348 57
6737 572 374 54
6738 576 367 57
6739 585 351 64
6740 560 380 60
6741 539 380 81
6742 534 385 81
6743 527 386 87
6744 518 416 66
6745 535 394 71
6746 527 389 84
6747 511 406 83
6748 509 402 89
6749 514 415 71
6750 522 391 87
6751 526 408 66
6752 540 379 81
6753 519 406 75
6754 516 404 80
6755 507 408 85
6756 515 414 71
6757 530 388 82
6758 546 384 70
6759 536 406 58
6760 511 414 75
6761 507 415 78
6762 504 407 89
6763 498 419 83
6764 494 423 83
6765 516 414 70
6766 503 407 90
6767 510 404 86
6768 507 409 84
6769 506 425 69
6770 547 389 64
6771 551 384 65
6772 549 382 69
6773 544 397 59
6774 536 394 70
6775 560 370 70
6776 578 357 65
6777 565 377 58
6778 593 358 49
6779 596 350 54
6780 566 382 52
6781 561 376 63
6782 579 368 53
6783 565 381 54
6784 576 363 61
6785 572 365 63
6786 561 385 54
6787 531 403 66
6788 540 386 74
6789 509 405 86
6790 530 392 78
6791 531 404 65
6792 524 405 71
6793 526 399 75
6794 544 373 83
6795 512 414 74
6796 502 422 76
6797 494 422 84
6798 499 403 98
6799 465 460 75
6800 498 402 100
6801 487 414 99
6802 474 456 70
6803 497 429 74
6804 512 404 84
6805 500 407 93
6806 492 415 93
6807 512 393 95
6808 532 384 84
6809 533 384 83
6810 524 410 66
6811 551 384 65
6812 558 385 57
6813 573 369 58
6814 549 377 74
6815 543 391 66
6816 531 400 69
6817 494 417 89
6818 492 414 94
6819 487 429 84
6820 455 443 102
6821 456 438 106
6822 465 432 103
6823 497 410 93
6824 461 460 79
6825 479 411 110
6826 489 418 93
6827 478 429 93
6828 483 423 94
6829 512 390 98
6830 488 412 100
6831 512 390 98
6832 497 412 91
6833 456 461 83
6834 456 446 98
6835 491 407 102
6836 493 407 100
6837 494 409 97
6838 527 400 73
6839 564 375 61
6840 549 391 60
6841 547 395 58
6842 539 391 70
6843 582 358 60
6844 569 384 47
6845 541 395 64
6846 563 373 64
6847 541 391 68
6848 548 398 54
6849 574 379 47
6850 599 343 58
6851 574 378 48
6852 582 365 53
6853 578 360 62
6854 580 370 50
6855 570 374 56
6856 593 355 52
6857 588 366 46
6858 593 343 64
6859 565 375 60
6860 582 349 69
6861 553 382 65
6862 570 365 65
6863 561 388 51
6864 601 338 61
6865 597 346 57
6866 587 359 54
6867 604 335 61
6868 571 367 62
6869 557 377 66
6870 533 408 59
6871 530 405 65
6872 560 371 69
6873 575 353 72
6874 584 349 67
6875 581 359 60
6876 577 368 55
6877 572 375 53
6878 570 373 57
6879 569 370 61
6880 558 385 57
6881 548 382 70
6882 537 388 75
6883 519 407 74
6884 488 421 91
6885 472 448 80
6886 524 374 102
6887 502 413 85
6888 523 404 73
6889 552 369 79
6890 535 391 74
6891 552 363 85
6892 570 365 65
6893 570 370 60
6894 555 390 55
6895 561 381 58
6896 567 373 60
6897 563 369 68
6898 568 371 61
6899 577 371 52
6900 565 362 73
6901 556 384 60
6902 569 376 55
6903 552 387 61
6904 550 385 65
6905 558 387 55
6906 560 365 75
6907 555 377 68
6908 567 371 62
6909 555 374 71
6910 561 373 66
6911 563 381 56
6912 557 383 60
6913 547 384 69
6914 568 367 65
6915 573 367 60
6916 583 363 54
6917 591 355 54
6918 584 364 52
6919 548 399 53
6920 571 367 62
6921 573 376 51
6922 578 364 58
6923 576 366 58
6924 587 361 52
6925 585 353 62
6926 565 383 52
6927 576 366 58
6928 568 353 79
6929 552 377 71
6930 534 391 75
6931 563 374 63
6932 574 367 59
6933 542 396 62
6934 552 372 76
6935 557 381 62
6936 548 392 60
6937 539 401 60
6938 511 410 79
6939 519 408 73
6940 534 405 61
6941 532 403 65
6942 528 392 80
6943 513 406 81
6944 498 405 97
6945 455 466 79
6946 480 430 90
6947 455 441 104
6948 458 429 113
6949 444 444 112
6950 425 449 126
6951 437 428 135
6952 428 435 137
6953 420 464 116
6954 441 438 121
6955 443 430 127
6956 427 457 116
6957 433 462 105
6958 456 435 109
6959 462 418 120
6960 461 443 96
6961 464 431 105
6962 478 404 118
6963 477 423 100
6964 495 413 92
6965 483 416 101
6966 459 442 99
6967 493 421 86
6968 505 414 81
6969 507 413 80
6970 523 399 78
6971 531 411 58
6972 548 388 64
6973 553 378 69
6974 546 387 67
6975 561 373 66
6976 552 381 67
6977 541 404 55
6978 546 383 71
6979 532 391 77
6980 523 394 83
6981 532 383 85
6982 542 377 81
6983 549 384 67
6984 555 373 72
6985 546 381 73
6986 566 357 77
6987 559 380 61
6988 583 366 51
6989 605 346 49
6990 608 341 51
6991 615 342 43
6992 616 347 37
6993 624 338 38
6994 634 316 50
6995 603 368 29
6996 602 351 47
6997 582 353 65
6998 570 377 53
6999 566 374 60
7000 561 374 65
7001 559 374 67
7002 569 356 75
7003 552 374 74
7004 565 365 70
7005 558 376 66
7006 564 377 59
7007 546 380 74
7008 529 402 69
7009 557 378 65
7010 560 373 67
7011 537 389 74
7012 515 415 70
7013 531 397 72
7014 535 396 69
7015 523 397 80
7016 497 438 65
7017 510 389 101
7018 516 401 83
7019 525 392 83
7020 536 398 66
7021 532 392 76
7022 525 399 76
7023 548 374 78
7024 547 388 65
7025 575 375 50
7026 606 346 48
7027 611 340 49
7028 603 340 57
7029 592 361 47
7030 555 388 57
7031 571 376 53
7032 582 366 52
7033 580 351 69
7034 575 363 62
7035 547 398 55
7036 545 373 82
7037 525 405 70
7038 510 414 76
7039 509 411 80
7040 496 416 88
7041 497 417 86
7042 487 417 96
7043 485 425 90
7044 472 430 98
7045 474 443 83
7046 482 427 91
7047 470 424 106
7048 460 443 97
7049 494 399 107
7050 480 416 104
7051 486 413 101
7052 506 401 93
7053 496 424 80
7054 505 402 93
7055 495 420 85
7056 507 399 94
7057 521 409 70
7058 521 401 78
7059 536 391 73
7060 534 393 73
7061 529 397 74
7062 543 394 63
7063 534 409 57
7064 531 398 71
7065 534 388 78
7066 551 391 58
7067 547 398 55
7068 536 400 64
7069 558 384 58
7070 581 362 57
7071 556 374 70
7072 576 366 58
7073 547 378 75
7074 531 392 77
7075 508 408 84
7076 500 405 95
7077 502 411 87
7078 489 424 87
7079 476 433 91
7080 473 428 99
7081 464 442 94
7082 477 416 107
7083 484 436 80
7084 499 417 84
7085 491 415 94
7086 507 391 102
7087 501 401 98
7088 502 422 76
7089 522 399 79
7090 512 411 77
7091 518 410 72
7092 551 363 86
7093 530 393 77
7094 538 387 75
7095 538 402 60
7096 556 376 68
7097 551 370 79
7098 532 382 86
7099 523 401 76
7100 518 403 79
7101 473 449 78
7102 466 433 101
7103 447 446 107
7104 450 428 122
7105 446 442 112
7106 435 448 117
7107 449 443 108
7108 439 454 107
7109 461 438 101
7110 460 440 100
7111 469 427 104
7112 475 420 105
7113 469 416 115
7114 435 465 100
7115 454 430 116
7116 492 416 92
7117 484 421 95
7118 506 406 88
7119 470 447 83
7120 451 444 105
7121 464 441 95
7122 475 422 103
7123 451 440 109
7124 444 460 96
7125 442 454 104
7126 459 437 104
7127 449 444 107
7128 434 469 97
7129 434 462 104
7130 449 447 104
7131 463 424 113
7132 436 440 124
7133 475 410 115
7134 469 419 112
7135 448 423 129
7136 430 463 107
7137 450 439 111
7138 460 453 87
7139 457 458 85
7140 471 428 101
7141 473 434 93
7142 483 421 96
7143 491 414 95
7144 494 404 102
7145 492 426 82
7146 513 411 76
7147 509 418 73
7148 522 393 85
7149 511 395 94
7150 503 406 91
7151 498 424 78
7152 492 424 84
7153 516 391 93
7154 485 434 81
7155 501 409 90
7156 504 411 85
7157 489 433 78
7158 501 418 81
7159 483 430 87
7160 500 404 96
7161 506 397 97
7162 477 437 86
7163 492 420 88
7164 490 411 99
7165 494 423 83
7166 485 424 91
7167 494 401 105
7168 488 424 88
7169 479 432 89
7170 452 453 95
7171 453 440 107
7172 460 419 121
7173 452 444 104
7174 438 455 107
7175 441 457 102
7176 445 449 106
7177 450 445 105
7178 461 436 103
7179 448 448 104
7180 475 431 94
7181 474 439 87
7182 492 422 86
7183 471 435 94
7184 471 431 98
7185 494 409 97
7186 497 423 80
7187 514 389 97
7188 535 390 75
7189 525 407 68
7190 519 402 79
7191 539 391 70
7192 546 379 75
7193 542 380 78
7194 567 378 55
7195 568 382 50
7196 591 357 52
7197 605 337 58
7198 575 361 64
7199 569 366 65
7200 580 368 52
7201 612 344 44
7202 629 318 53
7203 599 341 60
7204 622 337 41
7205 635 319 46
7206 634 332 34
7207 637 332 31
7208 654 308 38
7209 658 303 39
7210 666 299 35
7211 678 283 39
7212 677 295 28
7213 670 300 30
7214 679 287 34
7215 664 308 28
7216 673 301 26
7217 675 293 32
7218 682 292 26
7219 684 291 25
7220 672 292 36
7221 660 302 38
7222 671 299 30
7223 655 307 38
7224 666 313 21
7225 665 292 43
7226 657 312 31
7227 653 311 36
7228 661 304 35
7229 643 308 49
7230 640 309 51
7231 626 333 41
7232 622 343 35
7233 641 309 50
7234 605 348 47
7235 607 334 59
7236 589 363 48
7237 612 332 56
7238 594 347 59
7239 603 339 58
7240 594 359 47
7241 582 362 56
7242 594 355 51
7243 627 327 46
7244 645 318 37
7245 624 331 45
7246 626 336 38
7247 666 289 45
7248 672 294 34
7249 679 291 30
7250 690 284 26
7251 697 283 20
7252 700 271 29
7253 655 314 31
7254 641 326 33
7255 632 329 39
7256 619 339 42
7257 623 335 42
7258 618 326 56
7259 605 339 56
7260 604 338 58
7261 593 351 56
7262 588 353 59
7263 566 376 58
7264 546 395 59
7265 533 398 69
7266 530 394 76
7267 522 400 78
7268 509 424 67
7269 529 400 71
7270 527 397 76
7271 521 408 71
7272 544 383 73
7273 544 387 69
7274 561 355 84
7275 531 394 75
7276 535 409 56
7277 515 415 70
7278 533 398 69
7279 524 408 68
7280 532 389 79
7281 523 411 66
7282 535 394 71
7283 548 371 81
7284 555 385 60
7285 567 366 67
7286 516 404 80
7287 510 400 90
7288 509 408 83
7289 522 407 71
7290 512 420 68
7291 508 413 79
7292 541 386 73
7293 517 415 68
7294 534 402 64
7295 534 384 82
7296 540 385 75
7297 535 393 72
7298 511 417 72
7299 503 419 78
7300 519 398 83
7301 520 390 90
7302 517 402 81
7303 504 408 88
7304 509 400 91
7305 546 384 70
7306 546 405 49
7307 539 391 70
7308 557 373 70
7309 556 386 58
7310 550 388 62
7311 571 365 64
7312 574 377 49
7313 580 359 61
7314 568 380 52
7315 549 390 61
7316 574 372 54
7317 587 356 57
7318 596 360 44
7319 593 355 52
7320 582 373 45
7321 598 342 60
7322 592 361 47
7323 610 337 53
7324 574 369 57
7325 549 386 65
7326 534 388 78
7327 531 397 72
7328 523 396 81
7329 507 419 74
7330 485 435 80
7331 489 420 91
7332 508 406 86
7333 521 383 96
7334 506 402 92
7335 511 409 80
7336 534 386 80
7337 521 410 69
7338 514 409 77
7339 529 399 72
7340 543 388 69
7341 540 389 71
7342 536 411 53
7343 562 376 62
7344 583 349 68
7345 574 368 58
7346 554 396 50
7347 551 389 60
7348 560 370 70
7349 584 359 57
7350 584 362 54
7351 619 332 49
7352 610 352 38
7353 640 308 52
7354 620 337 43
7355 608 351 41
7356 632 320 48
7357 610 340 50
7358 629 329 42
7359 630 329 41
7360 619 340 41
7361 612 335 53
7362 588 368 44
7363 585 367 48
7364 571 373 56
7365 592 346 62
7366 571 375 54
7367 575 367 58
7368 580 358 62
7369 586 349 65
7370 549 395 56
7371 556 385 59
7372 563 381 56
7373 557 375 68
7374 548 386 66
7375 533 391 76
7376 537 404 59
7377 544 386 70
7378 540 390 70
7379 556 362 82
7380 530 396 74
7381 514 409 77
7382 528 390 82
7383 532 391 77
7384 515 408 77
7385 520 404 76
7386 520 393 87
7387 507 417 76
7388 493 429 78
7389 531 391 78
7390 546 381 73
7391 536 384 80
7392 556 381 63
7393 575 362 63
7394 564 373 63
7395 559 380 61
7396 536 394 70
7397 560 380 60
7398 552 393 55
7399 550 367 83
7400 559 367 74
7401 547 391 62
7402 556 384 60
7403 561 374 65
7404 553 380 67
7405 542 386 72
7406 557 366 77
7407 529 398 73
7408 557 380 63
7409 526 400 74
7410 513 398 89
7411 511 411 78
7412 500 424 76
7413 531 387 82
7414 531 390 79
7415 538 388 74
7416 524 394 82
7417 517 404 79
7418 529 406 65
7419 525 406 69
7420 534 397 69
7421 538 397 65
7422 537 406 57
7423 566 372 62
7424 550 376 74
7425 550 393 57
7426 549 381 70
7427 564 364 72
7428 547 379 74
7429 570 362 68
7430 577 367 56
7431 557 390 53
7432 548 382 70
7433 548 367 85
7434 538 378 84
7435 534 393 73
7436 543 378 79
7437 541 383 76
7438 526 410 64
7439 530 404 66
7440 582 353 65
7441 574 368 58
7442 555 396 49
7443 573 380 47
7444 602 356 42
7445 611 350 39
7446 605 339 56
7447 603 342 55
7448 604 344 52
7449 603 354 43
7450 580 361 59
7451 585 359 56
7452 564 372 64
7453 564 381 55
7454 577 370 53
7455 607 353 40
7456 628 323 49
7457 629 312 59
7458 643 316 41
7459 646 325 29
7460 612 350 38
7461 621 330 49
7462 602 342 56
7463 628 322 50
7464 650 304 46
7465 641 319 40
7466 654 309 37
7467 663 303 34
7468 650 311 39
7469 666 296 38
7470 664 296 40
7471 634 332 34
7472 638 323 39
7473 633 319 48
7474 604 345 51
7475 600 343 57
7476 569 379 52
7477 611 324 65
7478 592 361 47
7479 614 345 41
7480 643 313 44
7481 631 326 43
7482 647 318 35
7483 650 322 28
7484 650 313 37
7485 666 294 40
7486 664 302 34
7487 685 289 26
7488 693 272 35
7489 679 286 35
7490 673 296 31
7491 669 296 35
7492 649 312 39
7493 671 279 50
7494 639 328 33
7495 668 286 46
7496 668 302 30
7497 647 318 35
7498 648 310 42
7499 646 316 38
7500 652 305 43
7501 650 309 41
7502 623 333 44
7503 621 339 40
7504 628 336 36
7505 633 319 48
7506 648 308 44
7507 632 326 42
7508 614 336 50
7509 628 325 47
7510 614 340 46
7511 626 326 48
7512 598 360 42
7513 604 350 46
7514 600 358 42
7515 594 364 42
7516 605 349 46
7517 614 346 40
7518 602 360 38
7519 628 328 44
7520 643 313 44
7521 632 323 45
7522 623 344 33
7523 617 326 57
7524 609 332 59
7525 593 359 48
7526 603 343 54
7527 605 343 52
7528 571 369 60
7529 566 366 68
7530 560 393 47
7531 597 354 49
7532 586 347 67
7533 574 373 53
7534 586 348 66
7535 567 369 64
7536 555 376 69
7537 570 367 63
7538 564 368 68
7539 554 380 66
7540 570 366 64
7541 552 390 58
7542 555 389 56
7543 570 370 60
7544 579 351 70
7545 540 394 66
7546 543 383 74
7547 542 392 66
7548 550 374 76
7549 513 412 75
7550 493 433 74
7551 502 424 74
7552 487 413 100
7553 469 427 104
7554 481 423 96
7555 492 420 88
7556 509 406 85
7557 541 379 80
7558 521 406 73
7559 546 377 77
7560 561 373 66
7561 553 388 59
7562 582 362 56
7563 573 373 54
7564 571 372 57
7565 527 413 60
7566 510 413 77
7567 485 439 76
7568 528 383 89
7569 519 407 74
7570 533 398 69
7571 521 412 67
7572 515 418 67
7573 542 400 58
7574 548 375 77
7575 548 393 59
7576 567 361 72
7577 534 394 72
7578 526 398 76
7579 554 378 68
7580 553 387 60
7581 568 385 47
7582 553 382 65
7583 560 360 80
7584 552 387 61
7585 575 364 61
7586 565 388 47
7587 588 355 57
7588 599 345 56
7589 612 342 46
7590 619 344 37
7591 619 337 44
7592 635 325 40
7593 646 315 39
7594 637 325 38
7595 637 331 32
7596 671 291 38
7597 646 320 34
7598 638 327 35
7599 624 335 41
7600 623 320 57
7601 617 334 49
7602 620 332 48
7603 597 362 41
7604 584 357 59
7605 588 354 58
7606 584 360 56
7607 604 343 53
7608 576 372 52
7609 597 352 51
7610 614 332 54
7611 603 343 54
7612 580 380 40
7613 581 369 50
7614 582 357 61
7615 542 382 76
7616 535 396 69
7617 548 391 61
7618 576 350 74
7619 548 401 51
7620 556 386 58
7621 578 360 62
7622 561 386 53
7623 536 392 72
7624 534 401 65
7625 541 390 69
7626 559 381 60
7627 565 363 72
7628 539 396 65
7629 528 386 86
7630 520 393 87
7631 516 399 85
7632 525 395 80
7633 516 413 71
7634 508 422 70
7635 524 393 83
7636 508 414 78
7637 522 396 82
7638 521 399 80
7639 522 413 65
7640 543 380 77
7641 524 409 67
7642 555 365 80
7643 546 387 67
7644 535 399 66
7645 540 402 58
7646 565 371 64
7647 580 360 60
7648 563 388 49
7649 552 378 70
7650 540 395 65
7651 550 373 77
7652 564 363 73
7653 564 380 56
7654 577 366 57
7655 566 382 52
7656 576 371 53
7657 607 338 55
7658 592 364 44
7659 591 354 55
7660 591 348 61
7661 573 356 71
7662 604 335 61
7663 579 368 53
7664 546 395 59
7665 574 359 67
7666 577 373 50
7667 571 375 54
7668 587 357 56
7669 589 362 49
7670 614 336 50
7671 614 337 49
7672 639 327 34
7673 632 324 44
7674 650 319 31
7675 649 308 43
7676 657 299 44
7677 657 310 33
7678 651 322 27
7679 661 303 36
7680 651 319 30
7681 655 312 33
7682 646 321 33
7683 667 298 35
7684 652 310 38
7685 663 301 36
7686 665 308 27
7687 669 292 39
7688 673 300 27
7689 680 281 39
7690 683 282 35
7691 678 297 25
7692 678 284 38
7693 686 289 25
7694 687 288 25
7695 699 272 29
7696 719 259 22
7697 716 258 26
7698 702 276 22
7699 713 267 20
7700 719 267 14
7701 725 246 29
7702 723 262 15
7703 737 241 22
7704 736 239 25
7705 746 228 26
7706 752 229 19
7707 762 221 17
7708 740 243 17
7709 754 224 22
7710 776 207 17
7711 753 230 17
7712 737 246 17
7713 729 255 16
7714 721 259 20
7715 731 246 23
7716 704 276 20
7717 701 273 26
7718 691 283 26
7719 716 261 23
7720 692 288 20
7721 699 280 21
7722 689 281 30
7723 658 312 30
7724 639 317 44
7725 648 321 31
7726 654 307 39
7727 643 308 49
7728 621 331 48
7729 582 354 64
7730 613 333 54
7731 593 355 52
7732 607 335 58
7733 596 351 53
7734 584 363 53
7735 592 353 55
7736 585 352 63
7737 580 369 51
7738 609 347 44
7739 607 342 51
7740 592 352 56
7741 592 353 55
7742 589 360 51
7743 584 369 47
7744 584 373 43
7745 577 361 62
7746 590 349 61
7747 575 363 62
7748 573 365 62
7749 580 371 49
7750 582 362 56
7751 577 372 51
7752 600 359 41
7753 617 340 43
7754 588 367 45
7755 594 363 43
7756 597 352 51
7757 596 362 42
7758 577 364 59
7759 578 373 49
7760 621 323 56
7761 623 332 45
7762 644 320 36
7763 654 310 36
7764 652 319 29
7765 649 314 37
7766 643 314 43
7767 664 307 29
7768 683 289 28
7769 679 293 28
7770 688 274 38
7771 676 299 25
7772 691 275 34
7773 701 269 30
7774 685 289 26
7775 698 275 27
7776 718 251 31
7777 727 253 20
7778 739 242 19
7779 721 256 23
7780 723 256 21
7781 744 234 22
7782 739 234 27
7783 743 245 12
7784 755 230 15
7785 746 238 16
7786 770 210 20
7787 780 210 10
7788 793 194 13
7789 764 225 11
7790 780 208 12
7791 793 194 13
7792 793 199 8
7793 826 170 4
7794 822 172 6
7795 819 173 8
7796 826 168 6
7797 832 165 3
7798 801 187 12
7799 795 188 17
7800 779 212 9
7801 788 197 15
7802 788 201 11
7803 782 200 18
7804 743 243 14
7805 740 240 20
7806 753 230 17
7807 761 221 18
7808 766 216 18
7809 777 211 12
7810 776 212 12
7811 791 200 9
7812 797 192 11
7813 800 185 15
7814 828 154 18
7815 822 167 11
7816 842 151 7
7817 843 149 8
7818 836 161 3
7819 830 161 9
7820 805 186 9
7821 813 177 10
7822 792 199 9
7823 770 217 13
7824 753 233 14
7825 766 214 20
7826 768 216 16
7827 756 227 17
7828 751 227 22
7829 747 227 26
7830 744 232 24
7831 737 237 26
7832 745 222 33
7833 736 235 29
7834 749 229 22
7835 769 214 17
7836 748 238 14
7837 755 225 20
7838 749 237 14
7839 751 230 19
7840 749 238 13
7841 757 224 19
7842 754 231 15
7843 757 232 11
7844 748 240 12
7845 728 248 24
7846 723 266 11
7847 747 237 16
7848 749 235 16
7849 733 248 19
7850 749 233 18
7851 732 250 18
7852 740 238 22
7853 738 247 15
7854 747 238 15
7855 741 248 11
7856 764 218 18
7857 794 190 16
7858 778 213 9
7859 784 206 10
7860 772 216 12
7861 770 216 14
7862 739 241 20
7863 756 219 25
7864 756 219 25
7865 730 253 17
7866 722 256 22
7867 726 255 19
7868 722 261 17
7869 738 241 21
7870 725 263 12
7871 710 268 22
7872 718 256 26
7873 716 255 29
7874 706 269 25
7875 685 288 27
7876 681 298 21
7877 677 295 28
7878 651 316 33
7879 677 289 34
7880 678 286 36
7881 682 280 38
7882 688 283 29
7883 684 287 29
7884 672 299 29
7885 653 311 36
7886 621 329 50
7887 609 345 46
7888 604 355 41
7889 615 334 51
7890 605 349 46
7891 587 362 51
7892 583 357 60
7893 587 341 72
7894 618 334 48
7895 616 342 42
7896 624 335 41
7897 656 312 32
7898 677 285 38
7899 657 310 33
7900 676 291 33
7901 681 283 36
7902 663 306 31
7903 670 304 26
7904 661 305 34
7905 642 307 51
7906 627 333 40
7907 579 381 40
7908 627 315 58
7909 611 343 46
7910 605 351 44
7911 606 352 42
7912 604 354 42
7913 607 344 49
7914 606 356 38
7915 594 358 48
7916 578 356 66
7917 554 384 62
7918 552 388 60
7919 570 373 57
7920 587 357 56
7921 593 348 59
7922 629 328 43
7923 600 355 45
7924 615 323 62
7925 609 342 49
7926 606 338 56
7927 599 352 49
7928 609 356 35
7929 598 351 51
7930 604 348 48
7931 600 344 56
7932 597 344 59
7933 592 357 51
7934 617 328 55
7935 584 376 40
7936 588 360 52
7937 575 368 57
7938 567 374 59
7939 583 356 61
7940 554 386 60
7941 549 383 68
7942 521 418 61
7943 537 379 84
7944 519 416 65
7945 536 397 67
7946 542 375 83
7947 520 406 74
7948 531 407 62
7949 529 393 78
7950 547 382 71
7951 540 388 72
7952 552 387 61
7953 575 361 64
7954 559 374 67
7955 564 360 76
7956 560 384 56
7957 581 354 65
7958 570 383 47
7959 576 355 69
7960 558 381 61
7961 557 383 60
7962 549 383 68
7963 564 370 66
7964 595 353 52
7965 627 325 48
7966 606 353 41
7967 645 317 38
7968 631 325 44
7969 639 316 45
7970 636 326 38
7971 664 306 30
7972 662 300 38
7973 648 307 45
7974 609 356 35
7975 642 318 40
7976 630 334 36
7977 617 338 45
7978 631 327 42
7979 627 337 36
7980 622 325 53
7981 624 329 47
7982 621 325 54
7983 608 350 42
7984 616 336 48
7985 615 342 43
7986 600 356 44
7987 578 379 43
7988 595 348 57
7989 544 396 60
7990 564 370 66
7991 592 352 56
7992 626 326 48
7993 609 350 41
7994 629 334 37
7995 632 322 46
7996 645 312 43
7997 638 318 44
7998 621 340 39
7999 640 302 58
8000 608 341 51
