// Initial random seed:
1699405716905

// RunInitializeCallbacks():
initializeMutationRate(1e-07);
initializeMutationType(0, 0.5, "f", 0);
initializeMutationType(1, 0.5, "f", -0.02);
initializeMutationType(2, -0.5, "f", -0.05);
initializeGenomicElementType(1, c(m0, m1), c(1, 0));
initializeGenomicElement(g1, 0, 499999);
initializeRecombinationRate(1e-06, 499999);

// Starting run at generation <start>:
1 

generation NN NI II
4000 999 0 1
4001 996 4 0
4002 998 2 0
4003 997 3 0
4004 995 5 0
4005 992 8 0
4006 995 5 0
4007 994 6 0
4008 993 7 0
4009 995 5 0
4010 996 4 0
4011 994 6 0
4012 993 7 0
4013 996 4 0
4014 996 4 0
4015 997 3 0
4016 998 2 0
4017 998 2 0
4018 996 4 0
4019 997 3 0
4020 997 3 0
4021 996 4 0
4022 997 3 0
4023 1000 0 0
