// Initial random seed:
1683885702877

// RunInitializeCallbacks():
initializeMutationRate(1e-07);
initializeMutationType(0, 0.5, "f", 0);
initializeMutationType(1, 0.5, "f", -0.02);
initializeMutationType(2, 0.5, "f", 0);
initializeGenomicElementType(1, c(m0, m1), c(1, 0));
initializeGenomicElement(g1, 0, 499999);
initializeRecombinationRate(1e-06, 499999);

// Starting run at generation <start>:
1 

generation NN NI II
4000 999 0 1
4001 998 2 0
4002 997 3 0
4003 995 5 0
4004 994 6 0
4005 991 9 0
4006 992 8 0
4007 985 15 0
4008 982 18 0
4009 979 21 0
4010 984 16 0
4011 980 20 0
4012 982 18 0
4013 983 17 0
4014 984 16 0
4015 990 10 0
4016 979 21 0
4017 987 13 0
4018 987 13 0
4019 983 17 0
4020 981 19 0
4021 984 16 0
4022 987 13 0
4023 981 19 0
4024 980 20 0
4025 983 17 0
4026 977 23 0
4027 983 17 0
4028 981 19 0
4029 993 7 0
4030 991 9 0
4031 993 7 0
4032 993 7 0
4033 996 4 0
4034 995 5 0
4035 997 3 0
4036 999 1 0
4037 1000 0 0
