// Initial random seed:
1673742031369

// RunInitializeCallbacks():
initializeMutationRate(1e-07);
initializeMutationType(0, 0.5, "f", 0);
initializeMutationType(1, 0.5, "f", -0.02);
initializeMutationType(2, -0.5, "f", -0.05);
initializeGenomicElementType(1, c(m0, m1), c(1, 0));
initializeGenomicElement(g1, 0, 499999);
initializeRecombinationRate(1e-06, 499999);

// Starting run at generation <start>:
1 

generation NN NI II
4000 999 0 1
4001 997 3 0
4002 995 5 0
4003 993 7 0
4004 993 7 0
4005 998 2 0
4006 997 3 0
4007 995 5 0
4008 994 6 0
4009 992 8 0
4010 993 7 0
4011 986 14 0
4012 984 16 0
4013 988 12 0
4014 989 11 0
4015 984 16 0
4016 983 17 0
4017 980 20 0
4018 977 23 0
4019 974 26 0
4020 979 20 1
4021 971 29 0
4022 960 39 1
4023 945 55 0
4024 944 56 0
4025 939 61 0
4026 945 55 0
4027 938 61 1
4028 940 57 3
4029 934 66 0
4030 927 71 2
4031 919 79 2
4032 914 81 5
4033 916 84 0
4034 926 70 4
4035 927 73 0
4036 915 82 3
4037 910 90 0
4038 912 84 4
4039 904 95 1
4040 894 106 0
4041 893 105 2
4042 879 120 1
4043 864 133 3
4044 866 126 8
4045 885 107 8
4046 859 137 4
4047 842 151 7
4048 822 170 8
4049 839 154 7
4050 819 171 10
4051 823 164 13
4052 828 167 5
4053 823 164 13
4054 824 165 11
4055 821 164 15
4056 836 154 10
4057 833 161 6
4058 845 151 4
4059 849 143 8
4060 843 151 6
4061 835 155 10
4062 845 149 6
4063 851 144 5
4064 840 154 6
4065 849 144 7
4066 864 131 5
4067 868 122 10
4068 866 127 7
4069 878 116 6
4070 887 110 3
4071 886 110 4
4072 875 120 5
4073 879 116 5
4074 864 134 2
4075 865 130 5
4076 858 134 8
4077 856 135 9
4078 840 154 6
4079 847 147 6
4080 834 160 6
4081 812 181 7
4082 805 185 10
4083 805 188 7
4084 817 172 11
4085 792 198 10
4086 795 199 6
4087 801 187 12
4088 807 182 11
4089 826 165 9
4090 813 176 11
4091 805 184 11
4092 803 190 7
4093 818 176 6
4094 805 186 9
4095 805 182 13
4096 801 191 8
4097 810 177 13
4098 831 163 6
4099 834 158 8
4100 814 179 7
4101 809 178 13
4102 812 174 14
4103 820 172 8
4104 804 182 14
4105 800 182 18
4106 810 175 15
4107 812 176 12
4108 816 174 10
4109 820 171 9
4110 813 182 5
4111 813 182 5
4112 828 165 7
4113 837 157 6
4114 835 158 7
4115 830 157 13
4116 824 165 11
4117 815 175 10
4118 811 179 10
4119 789 199 12
4120 789 200 11
4121 774 212 14
4122 786 205 9
4123 782 202 16
4124 783 206 11
4125 770 217 13
4126 756 224 20
4127 748 240 12
4128 752 229 19
4129 743 240 17
4130 757 229 14
4131 755 233 12
4132 749 226 25
4133 745 239 16
4134 763 213 24
4135 738 246 16
4136 746 235 19
4137 706 265 29
4138 703 277 20
4139 699 275 26
4140 708 267 25
4141 706 258 36
4142 698 268 34
4143 699 273 28
4144 684 286 30
4145 699 265 36
4146 697 273 30
4147 697 274 29
4148 689 283 28
4149 699 272 29
4150 679 290 31
4151 674 296 30
4152 686 285 29
4153 677 292 31
4154 704 271 25
4155 732 238 30
4156 719 260 21
4157 702 270 28
4158 692 286 22
4159 713 258 29
4160 720 256 24
4161 708 266 26
4162 719 254 27
4163 713 263 24
4164 718 253 29
4165 720 255 25
4166 722 261 17
4167 726 247 27
4168 720 256 24
4169 690 284 26
4170 683 289 28
4171 661 310 29
4172 654 307 39
4173 629 330 41
4174 635 316 49
4175 654 301 45
4176 645 321 34
4177 648 311 41
4178 624 345 31
4179 644 311 45
4180 605 352 43
4181 642 312 46
4182 623 326 51
4183 631 322 47
4184 631 327 42
4185 630 328 42
4186 672 286 42
4187 627 328 45
4188 649 305 46
4189 630 331 39
4190 643 323 34
4191 652 308 40
4192 640 324 36
4193 619 344 37
4194 625 332 43
4195 633 333 34
4196 625 337 38
4197 645 315 40
4198 651 309 40
4199 617 338 45
4200 612 337 51
4201 645 312 43
4202 635 334 31
4203 660 299 41
4204 676 289 35
4205 690 282 28
4206 685 291 24
4207 696 280 24
4208 702 259 39
4209 702 281 17
4210 685 283 32
4211 681 290 29
4212 667 306 27
4213 685 274 41
4214 648 320 32
4215 658 305 37
4216 665 300 35
4217 667 297 36
4218 662 309 29
4219 679 287 34
4220 680 291 29
4221 691 280 29
4222 696 266 38
4223 677 291 32
4224 666 298 36
4225 625 337 38
4226 636 323 41
4227 615 341 44
4228 583 362 55
4229 564 371 65
4230 578 359 63
4231 543 394 63
4232 568 369 63
4233 609 343 48
4234 621 337 42
4235 612 330 58
4236 627 338 35
4237 632 336 32
4238 640 322 38
4239 639 328 33
4240 639 320 41
4241 635 329 36
4242 613 343 44
4243 623 332 45
4244 630 331 39
4245 624 336 40
4246 618 340 42
4247 625 332 43
4248 635 322 43
4249 662 298 40
4250 664 308 28
4251 655 310 35
4252 651 315 34
4253 663 306 31
4254 684 294 22
4255 670 303 27
4256 664 305 31
4257 663 297 40
4258 632 326 42
4259 632 338 30
4260 653 302 45
4261 639 319 42
4262 643 317 40
4263 638 322 40
4264 630 325 45
4265 599 341 60
4266 607 349 44
4267 617 336 47
4268 614 349 37
4269 621 345 34
4270 644 311 45
4271 645 317 38
4272 632 329 39
4273 649 319 32
4274 657 304 39
4275 665 302 33
4276 652 316 32
4277 682 289 29
4278 690 275 35
4279 672 294 34
4280 672 295 33
4281 668 302 30
4282 686 285 29
4283 682 293 25
4284 696 279 25
4285 696 273 31
4286 667 300 33
4287 675 292 33
4288 650 317 33
4289 659 304 37
4290 666 304 30
4291 655 310 35
4292 669 288 43
4293 647 322 31
4294 646 305 49
4295 594 360 46
4296 605 348 47
4297 612 336 52
4298 595 361 44
4299 632 313 55
4300 624 323 53
4301 613 343 44
4302 609 338 53
4303 620 334 46
4304 609 345 46
4305 596 360 44
4306 605 350 45
4307 625 332 43
4308 643 315 42
4309 620 340 40
4310 629 315 56
4311 597 354 49
4312 570 357 73
4313 575 368 57
4314 546 384 70
4315 546 387 67
4316 522 398 80
4317 536 390 74
4318 522 411 67
4319 536 394 70
4320 533 393 74
4321 546 391 63
4322 551 382 67
4323 549 390 61
4324 545 384 71
4325 573 362 65
4326 544 396 60
4327 564 373 63
4328 578 350 72
4329 555 388 57
4330 589 370 41
4331 605 348 47
4332 612 335 53
4333 619 345 36
4334 649 304 47
4335 614 346 40
4336 618 324 58
4337 591 353 56
4338 580 352 68
4339 584 361 55
4340 545 388 67
4341 537 377 86
4342 558 381 61
4343 586 348 66
4344 593 346 61
4345 602 341 57
4346 579 362 59
4347 572 356 72
4348 547 393 60
4349 562 379 59
4350 568 364 68
4351 555 385 60
4352 557 390 53
4353 541 404 55
4354 547 382 71
4355 558 376 66
4356 562 381 57
4357 563 374 63
4358 547 400 53
4359 550 375 75
4360 520 412 68
4361 522 408 70
4362 514 423 63
4363 518 401 81
4364 504 404 92
4365 509 412 79
4366 480 447 73
4367 490 423 87
4368 497 413 90
4369 500 417 83
4370 491 426 83
4371 536 390 74
4372 558 367 75
4373 555 377 68
4374 571 374 55
4375 546 394 60
4376 546 387 67
4377 522 408 70
4378 537 391 72
4379 543 382 75
4380 539 397 64
4381 523 403 74
4382 522 396 82
4383 502 422 76
4384 524 387 89
4385 522 404 74
4386 538 388 74
4387 553 374 73
4388 547 396 57
4389 561 380 59
4390 593 352 55
4391 592 354 54
4392 591 344 65
4393 576 371 53
4394 572 364 64
4395 572 374 54
4396 565 372 63
4397 569 378 53
4398 549 383 68
4399 546 404 50
4400 538 395 67
4401 515 424 61
4402 518 420 62
4403 513 405 82
4404 517 392 91
4405 500 422 78
4406 504 402 94
4407 473 431 96
4408 480 429 91
4409 483 438 79
4410 502 405 93
4411 490 414 96
4412 488 414 98
4413 524 386 90
4414 522 396 82
4415 510 402 88
4416 493 418 89
4417 503 425 72
4418 552 375 73
4419 592 336 72
4420 584 355 61
4421 581 378 41
4422 617 337 46
4423 609 343 48
4424 585 357 58
4425 536 398 66
4426 542 397 61
4427 549 389 62
4428 559 377 64
4429 568 378 54
4430 568 374 58
4431 576 358 66
4432 554 386 60
4433 563 386 51
4434 540 383 77
4435 527 397 76
4436 531 405 64
4437 534 403 63
4438 521 412 67
4439 547 381 72
4440 553 392 55
4441 571 374 55
4442 572 377 51
4443 568 368 64
4444 544 391 65
4445 533 396 71
4446 543 377 80
4447 516 405 79
4448 522 419 59
4449 530 396 74
4450 504 427 69
4451 531 383 86
4452 514 409 77
4453 505 417 78
4454 499 414 87
4455 514 402 84
4456 522 416 62
4457 527 396 77
4458 516 407 77
4459 509 402 89
4460 500 406 94
4461 491 414 95
4462 486 401 113
4463 462 438 100
4464 491 419 90
4465 493 434 73
4466 503 389 108
4467 494 415 91
4468 518 388 94
4469 506 403 91
4470 482 423 95
4471 505 418 77
4472 508 417 75
4473 513 402 85
4474 516 412 72
4475 503 420 77
4476 508 415 77
4477 504 415 81
4478 515 409 76
4479 523 407 70
4480 491 441 68
4481 522 407 71
4482 520 404 76
4483 528 394 78
4484 519 398 83
4485 502 424 74
4486 510 411 79
4487 538 372 90
4488 540 391 69
4489 532 386 82
4490 515 411 74
4491 516 407 77
4492 498 435 67
4493 560 374 66
4494 555 384 61
4495 557 375 68
4496 548 384 68
4497 533 391 76
4498 515 423 62
4499 508 423 69
4500 499 406 95
4501 499 428 73
4502 507 413 80
4503 508 402 90
4504 500 414 86
4505 477 442 81
4506 460 456 84
4507 511 409 80
4508 510 398 92
4509 521 401 78
4510 540 377 83
4511 527 403 70
4512 539 384 77
4513 543 395 62
4514 560 384 56
4515 551 393 56
4516 579 357 64
4517 585 351 64
4518 557 375 68
4519 565 379 56
4520 573 363 64
4521 547 398 55
4522 552 385 63
4523 558 363 79
4524 550 371 79
4525 542 385 73
4526 550 393 57
4527 549 383 68
4528 534 396 70
4529 507 416 77
4530 529 380 91
4531 512 406 82
4532 511 416 73
4533 560 359 81
4534 513 412 75
4535 542 388 70
4536 555 384 61
4537 576 360 64
4538 569 368 63
4539 542 387 71
4540 557 369 74
4541 557 373 70
4542 552 378 70
4543 538 388 74
4544 542 405 53
4545 565 379 56
4546 557 401 42
4547 583 355 62
4548 569 373 58
4549 565 381 54
4550 578 378 44
4551 594 354 52
4552 605 352 43
4553 626 322 52
4554 608 352 40
4555 602 347 51
4556 611 328 61
4557 621 320 59
4558 614 330 56
4559 611 338 51
4560 603 354 43
4561 631 319 50
4562 619 341 40
4563 621 339 40
4564 639 325 36
4565 625 341 34
4566 639 315 46
4567 620 335 45
4568 625 326 49
4569 610 346 44
4570 625 332 43
4571 637 324 39
4572 677 286 37
4573 648 307 45
4574 651 312 37
4575 668 295 37
4576 667 300 33
4577 634 330 36
4578 656 309 35
4579 641 323 36
4580 641 319 40
4581 637 321 42
4582 647 312 41
4583 646 312 42
4584 620 330 50
4585 612 351 37
4586 622 333 45
4587 616 347 37
4588 639 319 42
4589 620 350 30
4590 629 326 45
4591 636 330 34
4592 627 332 41
4593 638 322 40
4594 637 321 42
4595 623 341 36
4596 638 319 43
4597 652 310 38
4598 657 301 42
4599 655 306 39
4600 642 319 39
4601 648 308 44
4602 633 324 43
4603 634 326 40
4604 634 321 45
4605 630 314 56
4606 630 317 53
4607 625 317 58
4608 619 315 66
4609 603 329 68
4610 583 362 55
4611 587 370 43
4612 597 341 62
4613 594 352 54
4614 605 351 44
4615 585 358 57
4616 574 362 64
4617 567 365 68
4618 555 380 65
4619 561 369 70
4620 557 389 54
4621 563 372 65
4622 587 341 72
4623 559 386 55
4624 573 355 72
4625 548 381 71
4626 537 401 62
4627 534 414 52
4628 559 374 67
4629 555 389 56
4630 565 362 73
4631 562 379 59
4632 559 376 65
4633 540 403 57
4634 559 392 49
4635 573 363 64
4636 575 371 54
4637 550 392 58
4638 546 393 61
4639 573 356 71
4640 561 377 62
4641 579 374 47
4642 583 359 58
4643 590 356 54
4644 586 349 65
4645 560 381 59
4646 561 371 68
4647 554 385 61
4648 531 394 75
4649 531 404 65
4650 560 377 63
4651 564 372 64
4652 564 362 74
4653 607 341 52
4654 625 331 44
4655 632 315 53
4656 640 321 39
4657 651 314 35
4658 676 282 42
4659 658 311 31
4660 663 294 43
4661 645 312 43
4662 617 343 40
4663 634 324 42
4664 641 316 43
4665 612 342 46
4666 617 334 49
4667 602 358 40
4668 630 328 42
4669 611 350 39
4670 629 336 35
4671 612 351 37
4672 579 371 50
4673 599 354 47
4674 602 345 53
4675 631 322 47
4676 635 327 38
4677 635 318 47
4678 650 300 50
4679 651 313 36
4680 634 316 50
4681 626 333 41
4682 656 308 36
4683 657 306 37
4684 674 296 30
4685 676 286 38
4686 664 295 41
4687 671 293 36
4688 660 305 35
4689 658 297 45
4690 662 305 33
4691 654 300 46
4692 626 333 41
4693 604 355 41
4694 590 345 65
4695 573 386 41
4696 590 337 73
4697 587 355 58
4698 587 353 60
4699 588 356 56
4700 596 344 60
4701 606 332 62
4702 576 368 56
4703 575 372 53
4704 599 328 73
4705 577 366 57
4706 590 352 58
4707 583 365 52
4708 571 366 63
4709 566 373 61
4710 559 385 56
4711 556 385 59
4712 538 399 63
4713 566 363 71
4714 562 370 68
4715 578 347 75
4716 574 368 58
4717 595 352 53
4718 617 331 52
4719 595 355 50
4720 589 351 60
4721 591 354 55
4722 608 332 60
4723 614 331 55
4724 614 342 44
4725 628 338 34
4726 635 316 49
4727 617 338 45
4728 618 329 53
4729 596 362 42
4730 579 376 45
4731 588 361 51
4732 587 357 56
4733 561 386 53
4734 574 365 61
4735 570 366 64
4736 554 388 58
4737 568 374 58
4738 557 380 63
4739 546 396 58
4740 554 375 71
4741 511 413 76
4742 523 396 81
4743 528 389 83
4744 518 410 72
4745 527 395 78
4746 540 387 73
4747 554 379 67
4748 538 410 52
4749 536 397 67
4750 557 371 72
4751 564 374 62
4752 575 364 61
4753 547 371 82
4754 551 377 72
4755 531 395 74
4756 517 411 72
4757 548 381 71
4758 532 387 81
4759 539 376 85
4760 543 379 78
4761 571 358 71
4762 564 370 66
4763 577 367 56
4764 587 360 53
4765 604 325 71
4766 577 369 54
4767 565 370 65
4768 564 360 76
4769 564 368 68
4770 564 383 53
4771 595 348 57
4772 605 335 60
4773 607 335 58
4774 589 368 43
4775 592 356 52
4776 595 349 56
4777 587 355 58
4778 568 374 58
4779 554 393 53
4780 537 388 75
4781 556 375 69
4782 539 395 66
4783 561 380 59
4784 574 367 59
4785 580 371 49
4786 599 346 55
4787 583 370 47
4788 577 368 55
4789 557 382 61
4790 588 363 49
4791 576 369 55
4792 594 350 56
4793 588 352 60
4794 594 344 62
4795 560 376 64
4796 548 383 69
4797 549 382 69
4798 543 393 64
4799 566 361 73
4800 544 393 63
4801 548 393 59
4802 559 383 58
4803 554 380 66
4804 568 376 56
4805 563 373 64
4806 561 389 50
4807 565 373 62
4808 560 372 68
4809 519 423 58
4810 528 393 79
4811 516 410 74
4812 489 411 100
4813 468 456 76
4814 491 412 97
4815 493 417 90
4816 513 395 92
4817 496 419 85
4818 459 439 102
4819 466 437 97
4820 469 429 102
4821 447 447 106
4822 467 442 91
4823 462 425 113
4824 462 448 90
4825 443 458 99
4826 457 450 93
4827 466 441 93
4828 502 415 83
4829 495 409 96
4830 459 457 84
4831 447 448 105
4832 460 433 107
4833 441 446 113
4834 434 447 119
4835 402 471 127
4836 415 466 119
4837 420 444 136
4838 405 461 134
4839 420 459 121
4840 425 441 134
4841 410 465 125
4842 394 480 126
4843 401 475 124
4844 414 457 129
4845 394 470 136
4846 373 489 138
4847 398 453 149
4848 420 449 131
4849 401 488 111
4850 447 438 115
4851 454 429 117
4852 471 422 107
4853 466 414 120
4854 464 437 99
4855 472 420 108
4856 455 445 100
4857 467 427 106
4858 487 424 89
4859 519 392 89
4860 507 416 77
4861 512 415 73
4862 511 394 95
4863 515 398 87
4864 517 401 82
4865 517 401 82
4866 521 410 69
4867 533 392 75
4868 519 413 68
4869 521 406 73
4870 525 414 61
4871 509 409 82
4872 500 414 86
4873 497 415 88
4874 536 391 73
4875 526 414 60
4876 529 397 74
4877 535 396 69
4878 556 375 69
4879 559 381 60
4880 529 401 70
4881 513 403 84
4882 485 412 103
4883 500 414 86
4884 522 407 71
4885 517 393 90
4886 507 407 86
4887 516 411 73
4888 504 407 89
4889 516 401 83
4890 492 438 70
4891 512 413 75
4892 515 400 85
4893 516 401 83
4894 514 400 86
4895 519 403 78
4896 527 401 72
4897 525 394 81
4898 522 400 78
4899 523 390 87
4900 495 415 90
4901 496 430 74
4902 502 399 99
4903 486 424 90
4904 472 427 101
4905 473 424 103
4906 481 423 96
4907 487 426 87
4908 498 430 72
4909 493 416 91
4910 493 408 99
4911 483 418 99
4912 493 421 86
4913 491 408 101
4914 473 435 92
4915 461 448 91
4916 485 429 86
4917 484 422 94
4918 493 413 94
4919 508 404 88
4920 493 420 87
4921 475 447 78
4922 493 417 90
4923 478 431 91
4924 489 415 96
4925 501 403 96
4926 506 408 86
4927 468 441 91
4928 485 432 83
4929 472 439 89
4930 504 408 88
4931 509 392 99
4932 508 406 86
4933 500 415 85
4934 493 423 84
4935 498 413 89
4936 508 415 77
4937 498 429 73
4938 502 419 79
4939 523 405 72
4940 553 371 76
4941 544 383 73
4942 519 396 85
4943 552 363 85
4944 549 387 64
4945 547 382 71
4946 526 395 79
4947 508 424 68
4948 533 393 74
4949 513 413 74
4950 542 373 85
4951 538 391 71
4952 531 389 80
4953 566 368 66
4954 595 346 59
4955 601 342 57
4956 563 381 56
4957 555 395 50
4958 568 364 68
4959 568 371 61
4960 575 371 54
4961 601 336 63
4962 586 364 50
4963 543 402 55
4964 550 377 73
4965 530 395 75
4966 507 417 76
4967 504 409 87
4968 532 383 85
4969 501 418 81
4970 508 411 81
4971 502 430 68
4972 506 414 80
4973 523 397 80
4974 506 431 63
4975 524 408 68
4976 547 381 72
4977 529 410 61
4978 496 435 69
4979 492 413 95
4980 472 430 98
4981 481 421 98
4982 465 447 88
4983 496 417 87
4984 471 437 92
4985 481 429 90
4986 493 412 95
4987 504 403 93
4988 517 384 99
4989 509 419 72
4990 550 364 86
4991 565 369 66
4992 567 375 58
4993 562 374 64
4994 571 366 63
4995 565 377 58
4996 557 379 64
4997 556 381 63
4998 558 367 75
4999 536 397 67
5000 514 414 72
5001 511 408 81
5002 486 431 83
5003 500 408 92
5004 492 423 85
5005 516 396 88
5006 508 419 73
5007 559 369 72
5008 555 377 68
5009 592 348 60
5010 585 364 51
5011 564 390 46
5012 606 342 52
5013 607 345 48
5014 600 351 49
5015 619 336 45
5016 626 322 52
5017 626 335 39
5018 633 326 41
5019 644 318 38
5020 649 305 46
5021 626 330 44
5022 643 310 47
5023 641 320 39
5024 643 314 43
5025 645 316 39
5026 644 321 35
5027 669 290 41
5028 672 293 35
5029 696 270 34
5030 676 287 37
5031 678 294 28
5032 672 292 36
5033 689 276 35
5034 689 278 33
5035 705 267 28
5036 689 288 23
5037 682 291 27
5038 673 295 32
5039 682 287 31
5040 696 273 31
5041 685 288 27
5042 695 282 23
5043 679 297 24
5044 700 278 22
5045 703 273 24
5046 728 247 25
5047 743 230 27
5048 726 251 23
5049 746 241 13
5050 748 235 17
5051 759 218 23
5052 750 238 12
5053 761 218 21
5054 758 225 17
5055 748 235 17
5056 774 213 13
5057 792 193 15
5058 793 194 13
5059 797 193 10
5060 798 192 10
5061 811 184 5
5062 802 191 7
5063 828 165 7
5064 822 168 10
5065 835 157 8
5066 850 145 5
5067 846 149 5
5068 847 149 4
5069 854 139 7
5070 831 159 10
5071 812 186 2
5072 813 175 12
5073 821 172 7
5074 800 192 8
5075 787 202 11
5076 788 201 11
5077 807 179 14
5078 808 178 14
5079 806 185 9
5080 805 182 13
5081 809 180 11
5082 807 180 13
5083 819 169 12
5084 799 198 3
5085 810 183 7
5086 835 157 8
5087 819 176 5
5088 818 175 7
5089 826 167 7
5090 844 150 6
5091 841 152 7
5092 823 173 4
5093 832 161 7
5094 837 155 8
5095 830 163 7
5096 810 181 9
5097 801 183 16
5098 805 185 10
5099 801 188 11
5100 815 172 13
5101 822 173 5
5102 833 161 6
5103 831 163 6
5104 841 156 3
5105 849 146 5
5106 850 142 8
5107 850 144 6
5108 837 153 10
5109 839 156 5
5110 849 147 4
5111 834 163 3
5112 840 153 7
5113 824 168 8
5114 835 159 6
5115 832 161 7
5116 836 157 7
5117 840 151 9
5118 845 148 7
5119 868 129 3
5120 870 127 3
5121 875 120 5
5122 894 104 2
5123 901 95 4
5124 883 112 5
5125 876 120 4
5126 869 130 1
5127 880 112 8
5128 863 134 3
5129 865 129 6
5130 864 131 5
5131 861 136 3
5132 847 148 5
5133 842 150 8
5134 840 155 5
5135 837 154 9
5136 822 174 4
5137 828 165 7
5138 844 149 7
5139 833 160 7
5140 826 166 8
5141 828 168 4
5142 816 174 10
5143 822 165 13
5144 843 152 5
5145 844 149 7
5146 841 155 4
5147 844 152 4
5148 856 136 8
5149 849 146 5
5150 840 156 4
5151 834 160 6
5152 829 163 8
5153 832 159 9
5154 821 169 10
5155 827 171 2
5156 826 167 7
5157 834 154 12
5158 831 157 12
5159 805 185 10
5160 805 185 10
5161 783 204 13
5162 804 185 11
5163 778 208 14
5164 774 213 13
5165 771 207 22
5166 781 202 17
5167 767 223 10
5168 770 211 19
5169 770 207 23
5170 770 218 12
5171 784 208 8
5172 759 221 20
5173 739 250 11
5174 750 237 13
5175 769 210 21
5176 765 219 16
5177 746 240 14
5178 762 231 7
5179 777 206 17
5180 752 233 15
5181 776 213 11
5182 805 179 16
5183 817 174 9
5184 838 154 8
5185 839 156 5
5186 850 144 6
5187 862 133 5
5188 853 139 8
5189 837 158 5
5190 854 138 8
5191 862 129 9
5192 844 149 7
5193 828 161 11
5194 831 163 6
5195 830 161 9
5196 823 169 8
5197 825 168 7
5198 809 180 11
5199 782 208 10
5200 771 222 7
5201 806 184 10
5202 798 193 9
5203 793 197 10
5204 789 200 11
5205 786 200 14
5206 786 204 10
5207 764 221 15
5208 769 222 9
5209 767 221 12
5210 775 206 19
5211 765 212 23
5212 768 217 15
5213 749 239 12
5214 746 231 23
5215 738 238 24
5216 734 238 28
5217 718 250 32
5218 716 259 25
5219 690 277 33
5220 653 316 31
5221 640 326 34
5222 633 332 35
5223 639 322 39
5224 651 312 37
5225 670 301 29
5226 671 300 29
5227 651 313 36
5228 643 309 48
5229 630 319 51
5230 625 334 41
5231 635 331 34
5232 618 341 41
5233 647 320 33
5234 650 307 43
5235 661 303 36
5236 665 306 29
5237 682 282 36
5238 661 303 36
5239 653 316 31
5240 667 303 30
5241 666 304 30
5242 668 297 35
5243 692 274 34
5244 657 313 30
5245 655 313 32
5246 658 301 41
5247 633 329 38
5248 630 337 33
5249 662 303 35
5250 666 288 46
5251 641 326 33
5252 629 326 45
5253 621 339 40
5254 623 334 43
5255 629 324 47
5256 613 345 42
5257 634 326 40
5258 625 338 37
5259 635 319 46
5260 641 313 46
5261 590 363 47
5262 605 346 49
5263 610 343 47
5264 604 348 48
5265 632 316 52
5266 623 339 38
5267 641 318 41
5268 652 311 37
5269 646 309 45
5270 646 307 47
5271 665 300 35
5272 656 302 42
5273 648 320 32
5274 651 305 44
5275 649 315 36
5276 627 326 47
5277 629 335 36
5278 626 331 43
5279 625 332 43
5280 594 368 38
5281 578 371 51
5282 577 369 54
5283 552 392 56
5284 564 377 59
5285 590 344 66
5286 568 390 42
5287 590 360 50
5288 591 353 56
5289 594 356 50
5290 592 355 53
5291 569 386 45
5292 579 366 55
5293 575 366 59
5294 589 360 51
5295 598 342 60
5296 582 354 64
5297 564 370 66
5298 561 376 63
5299 565 365 70
5300 558 377 65
5301 569 365 66
5302 589 352 59
5303 598 348 54
5304 605 336 59
5305 602 344 54
5306 588 350 62
5307 598 348 54
5308 615 329 56
5309 619 337 44
5310 597 352 51
5311 591 361 48
5312 589 360 51
5313 595 361 44
5314 580 351 69
5315 579 371 50
5316 577 379 44
5317 568 374 58
5318 555 377 68
5319 559 371 70
5320 553 379 68
5321 557 377 66
5322 552 382 66
5323 570 363 67
5324 588 358 54
5325 599 358 43
5326 627 323 50
5327 611 346 43
5328 593 360 47
5329 611 339 50
5330 614 341 45
5331 604 341 55
5332 571 386 43
5333 597 354 49
5334 578 361 61
5335 576 365 59
5336 596 347 57
5337 592 353 55
5338 591 354 55
5339 578 373 49
5340 580 366 54
5341 579 363 58
5342 603 348 49
5343 617 329 54
5344 610 348 42
5345 615 344 41
5346 618 348 34
5347 614 338 48
5348 617 333 50
5349 599 350 51
5350 594 356 50
5351 619 339 42
5352 606 350 44
5353 607 352 41
5354 586 359 55
5355 605 347 48
5356 601 341 58
5357 614 344 42
5358 624 317 59
5359 602 364 34
5360 597 349 54
5361 594 358 48
5362 600 348 52
5363 603 350 47
5364 629 330 41
5365 608 350 42
5366 621 336 43
5367 624 326 50
5368 613 350 37
5369 605 351 44
5370 604 354 42
5371 617 334 49
5372 621 345 34
5373 620 326 54
5374 605 346 49
5375 601 339 60
5376 615 346 39
5377 646 323 31
5378 657 310 33
5379 672 298 30
5380 651 313 36
5381 655 310 35
5382 668 291 41
5383 653 314 33
5384 671 285 44
5385 678 278 44
5386 654 311 35
5387 648 313 39
5388 644 320 36
5389 627 332 41
5390 627 332 41
5391 629 325 46
5392 648 309 43
5393 654 294 52
5394 649 316 35
5395 652 321 27
5396 654 315 31
5397 669 285 46
5398 688 279 33
5399 651 309 40
5400 632 324 44
5401 622 334 44
5402 607 353 40
5403 627 328 45
5404 620 341 39
5405 613 347 40
5406 625 328 47
5407 620 329 51
5408 615 334 51
5409 606 350 44
5410 621 342 37
5411 611 341 48
5412 593 365 42
5413 603 363 34
5414 625 316 59
5415 614 339 47
5416 615 337 48
5417 624 324 52
5418 610 336 54
5419 596 357 47
5420 596 346 58
5421 612 338 50
5422 604 354 42
5423 590 352 58
5424 579 361 60
5425 588 364 48
5426 616 327 57
5427 598 344 58
5428 603 351 46
5429 585 355 60
5430 565 375 60
5431 597 351 52
5432 596 364 40
5433 632 317 51
5434 640 308 52
5435 633 330 37
5436 641 318 41
5437 634 337 29
5438 641 332 27
5439 647 313 40
5440 655 296 49
5441 648 302 50
5442 622 335 43
5443 617 340 43
5444 638 318 44
5445 629 324 47
5446 649 301 50
5447 644 314 42
5448 634 333 33
5449 633 327 40
5450 639 333 28
5451 671 286 43
5452 664 293 43
5453 634 324 42
5454 648 312 40
5455 639 328 33
5456 628 335 37
5457 648 315 37
5458 633 323 44
5459 641 314 45
5460 631 318 51
5461 622 326 52
5462 617 340 43
5463 597 351 52
5464 595 357 48
5465 621 324 55
5466 607 350 43
5467 587 371 42
5468 601 346 53
5469 612 323 65
5470 616 330 54
5471 613 345 42
5472 617 329 54
5473 628 318 54
5474 634 321 45
5475 627 334 39
5476 614 337 49
5477 594 363 43
5478 598 349 53
5479 587 349 64
5480 583 361 56
5481 578 372 50
5482 575 368 57
5483 574 363 63
5484 542 380 78
5485 542 390 68
5486 537 386 77
5487 530 379 91
5488 524 412 64
5489 551 385 64
5490 544 374 82
5491 555 388 57
5492 587 356 57
5493 596 343 61
5494 609 343 48
5495 608 332 60
5496 588 360 52
5497 572 364 64
5498 570 362 68
5499 554 380 66
5500 562 363 75
5501 557 370 73
5502 571 363 66
5503 568 367 65
5504 558 382 60
5505 544 389 67
5506 552 390 58
5507 545 374 81
5508 557 375 68
5509 539 406 55
5510 552 386 62
5511 520 402 78
5512 506 418 76
5513 519 414 67
5514 559 364 77
5515 550 393 57
5516 554 396 50
5517 569 367 64
5518 551 383 66
5519 547 369 84
5520 541 383 76
5521 525 408 67
5522 535 391 74
5523 544 380 76
5524 546 392 62
5525 547 383 70
5526 548 390 62
5527 534 388 78
5528 539 385 76
5529 521 404 75
5530 523 398 79
5531 522 403 75
5532 508 419 73
5533 538 394 68
5534 554 387 59
5535 543 403 54
5536 532 391 77
5537 547 382 71
5538 555 378 67
5539 536 389 75
5540 515 405 80
5541 510 408 82
5542 510 407 83
5543 539 374 87
5544 501 427 72
5545 503 418 79
5546 526 403 71
5547 547 373 80
5548 518 410 72
5549 527 400 73
5550 534 393 73
5551 531 395 74
5552 548 382 70
5553 554 379 67
5554 563 379 58
5555 573 376 51
5556 596 357 47
5557 598 349 53
5558 581 362 57
5559 567 373 60
5560 549 384 67
5561 546 394 60
5562 540 399 61
5563 524 412 64
5564 554 380 66
5565 576 366 58
5566 568 370 62
5567 569 379 52
5568 566 377 57
5569 559 380 61
5570 567 370 63
5571 577 370 53
5572 569 373 58
5573 565 383 52
5574 597 346 57
5575 597 356 47
5576 587 353 60
5577 608 334 58
5578 615 332 53
5579 609 350 41
5580 614 333 53
5581 625 318 57
5582 604 349 47
5583 606 347 47
5584 591 359 50
5585 578 371 51
5586 581 369 50
5587 583 361 56
5588 590 361 49
5589 592 360 48
5590 594 362 44
5591 603 357 40
5592 619 333 48
5593 631 328 41
5594 616 341 43
5595 610 355 35
5596 647 305 48
5597 639 317 44
5598 630 317 53
5599 604 351 45
5600 603 334 63
5601 597 343 60
5602 591 354 55
5603 605 328 67
5604 586 355 59
5605 578 370 52
5606 581 361 58
5607 600 342 58
5608 595 349 56
5609 573 380 47
5610 591 359 50
5611 572 380 48
5612 567 361 72
5613 566 373 61
5614 576 362 62
5615 579 364 57
5616 568 379 53
5617 574 351 75
5618 567 368 65
5619 570 372 58
5620 584 362 54
5621 574 362 64
5622 570 369 61
5623 549 387 64
5624 525 409 66
5625 536 383 81
5626 522 404 74
5627 531 396 73
5628 526 399 75
5629 497 415 88
5630 519 388 93
5631 510 385 105
5632 506 397 97
5633 508 412 80
5634 505 416 79
5635 524 390 86
5636 515 415 70
5637 539 396 65
5638 559 378 63
5639 566 363 71
5640 563 391 46
5641 580 366 54
5642 592 353 55
5643 595 328 77
5644 572 391 37
5645 577 368 55
5646 603 350 47
5647 608 340 52
5648 602 342 56
5649 607 340 53
5650 600 341 59
5651 578 354 68
5652 574 368 58
5653 568 370 62
5654 560 383 57
5655 589 348 63
5656 578 370 52
5657 581 370 49
5658 588 357 55
5659 592 367 41
5660 607 356 37
5661 625 330 45
5662 623 337 40
5663 618 334 48
5664 610 334 56
5665 598 361 41
5666 617 330 53
5667 617 335 48
5668 629 335 36
5669 631 320 49
5670 655 309 36
5671 653 320 27
5672 635 333 32
5673 645 312 43
5674 656 315 29
5675 683 293 24
5676 702 266 32
5677 696 281 23
5678 699 275 26
5679 715 263 22
5680 706 266 28
5681 696 288 16
5682 702 263 35
5683 695 273 32
5684 700 265 35
5685 659 318 23
5686 684 273 43
5687 659 305 36
5688 657 309 34
5689 622 331 47
5690 623 332 45
5691 614 333 53
5692 607 346 47
5693 588 354 58
5694 574 374 52
5695 581 355 64
5696 571 368 61
5697 589 346 65
5698 560 388 52
5699 552 388 60
5700 564 358 78
5701 548 396 56
5702 556 382 62
5703 540 391 69
5704 522 409 69
5705 536 392 72
5706 537 396 67
5707 547 367 86
5708 539 375 86
5709 540 401 59
5710 564 371 65
5711 556 384 60
5712 544 387 69
5713 525 413 62
5714 512 423 65
5715 540 387 73
5716 545 395 60
5717 545 390 65
5718 530 403 67
5719 550 384 66
5720 564 375 61
5721 578 379 43
5722 617 337 46
5723 622 340 38
5724 628 329 43
5725 618 345 37
5726 628 329 43
5727 642 310 48
5728 615 339 46
5729 617 348 35
5730 638 319 43
5731 631 324 45
5732 637 322 41
5733 636 324 40
5734 611 350 39
5735 636 314 50
5736 616 341 43
5737 633 317 50
5738 626 322 52
5739 613 337 50
5740 598 354 48
5741 594 348 58
5742 596 354 50
5743 602 345 53
5744 607 346 47
5745 619 327 54
5746 617 348 35
5747 626 339 35
5748 612 348 40
5749 622 327 51
5750 621 336 43
5751 638 321 41
5752 611 350 39
5753 613 341 46
5754 586 357 57
5755 588 371 41
5756 591 350 59
5757 600 357 43
5758 611 338 51
5759 615 331 54
5760 622 337 41
5761 630 345 25
5762 642 315 43
5763 637 327 36
5764 657 309 34
5765 652 318 30
5766 634 336 30
5767 623 338 39
5768 620 332 48
5769 601 352 47
5770 620 332 48
5771 609 344 47
5772 639 315 46
5773 634 326 40
5774 648 318 34
5775 636 324 40
5776 621 333 46
5777 609 341 50
5778 602 356 42
5779 600 359 41
5780 613 334 53
5781 612 348 40
5782 618 336 46
5783 600 354 46
5784 602 342 56
5785 613 341 46
5786 633 324 43
5787 635 314 51
5788 605 360 35
5789 609 333 58
5790 599 342 59
5791 587 368 45
5792 610 340 50
5793 593 352 55
5794 607 338 55
5795 597 355 48
5796 606 348 46
5797 623 335 42
5798 639 323 38
5799 647 323 30
5800 645 320 35
5801 637 317 46
5802 630 325 45
5803 638 316 46
5804 629 323 48
5805 625 328 47
5806 604 346 50
5807 588 361 51
5808 582 358 60
5809 582 351 67
5810 592 346 62
5811 592 351 57
5812 566 374 60
5813 551 374 75
5814 527 401 72
5815 502 438 60
5816 539 392 69
5817 552 375 73
5818 548 389 63
5819 535 407 58
5820 556 381 63
5821 561 386 53
5822 569 364 67
5823 559 377 64
5824 590 356 54
5825 606 338 56
5826 582 373 45
5827 597 344 59
5828 625 336 39
5829 601 352 47
5830 584 363 53
5831 585 346 69
5832 577 371 52
5833 567 375 58
5834 577 368 55
5835 573 376 51
5836 587 355 58
5837 575 368 57
5838 593 355 52
5839 602 358 40
5840 621 346 33
5841 623 337 40
5842 616 342 42
5843 631 320 49
5844 618 346 36
5845 640 320 40
5846 632 332 36
5847 651 314 35
5848 641 319 40
5849 634 324 42
5850 658 299 43
5851 637 328 35
5852 642 314 44
5853 617 325 58
5854 575 375 50
5855 573 364 63
5856 576 366 58
5857 555 377 68
5858 562 368 70
5859 567 370 63
5860 569 376 55
5861 568 377 55
5862 584 346 70
5863 552 392 56
5864 520 413 67
5865 489 444 67
5866 485 434 81
5867 523 398 79
5868 561 368 71
5869 527 405 68
5870 517 405 78
5871 508 418 74
5872 526 396 78
5873 558 365 77
5874 528 410 62
5875 544 384 72
5876 535 393 72
5877 551 369 80
5878 539 391 70
5879 510 414 76
5880 510 421 69
5881 495 424 81
5882 502 415 83
5883 503 432 65
5884 517 405 78
5885 536 385 79
5886 557 373 70
5887 553 385 62
5888 566 381 53
5889 567 373 60
5890 574 365 61
5891 543 398 59
5892 549 369 82
5893 569 359 72
5894 556 371 73
5895 546 386 68
5896 549 387 64
5897 539 387 74
5898 541 389 70
5899 545 383 72
5900 531 409 60
5901 550 377 73
5902 529 396 75
5903 528 397 75
5904 500 440 60
5905 500 402 98
5906 479 435 86
5907 491 421 88
5908 509 399 92
5909 493 416 91
5910 465 454 81
5911 485 434 81
5912 503 399 98
5913 510 395 95
5914 510 409 81
5915 509 401 90
5916 508 414 78
5917 522 374 104
5918 501 408 91
5919 503 412 85
5920 508 406 86
5921 521 393 86
5922 496 438 66
5923 498 419 83
5924 515 391 94
5925 515 403 82
5926 526 392 82
5927 527 399 74
5928 521 415 64
5929 511 404 85
5930 529 392 79
5931 516 417 67
5932 526 408 66
5933 525 405 70
5934 519 404 77
5935 523 401 76
5936 520 392 88
5937 509 396 95
5938 497 417 86
5939 525 391 84
5940 550 379 71
5941 571 356 73
5942 570 374 56
5943 578 365 57
5944 560 380 60
5945 574 374 52
5946 598 343 59
5947 605 346 49
5948 597 345 58
5949 623 331 46
5950 629 340 31
5951 660 296 44
5952 641 318 41
5953 634 324 42
5954 615 339 46
5955 573 384 43
5956 600 343 57
5957 585 358 57
5958 572 371 57
5959 573 367 60
5960 551 392 57
5961 565 373 62
5962 573 357 70
5963 557 383 60
5964 569 348 83
5965 587 355 58
5966 597 342 61
5967 592 349 59
5968 577 353 70
5969 571 365 64
5970 551 396 53
5971 562 389 49
5972 558 386 56
5973 567 361 72
5974 564 354 82
5975 536 392 72
5976 532 409 59
5977 534 399 67
5978 546 370 84
5979 515 416 69
5980 505 423 72
5981 499 424 77
5982 520 415 65
5983 530 389 81
5984 517 399 84
5985 528 399 73
5986 530 401 69
5987 540 382 78
5988 526 395 79
5989 574 354 72
5990 542 394 64
5991 528 406 66
5992 531 398 71
5993 529 395 76
5994 527 396 77
5995 503 408 89
5996 528 389 83
5997 535 374 91
5998 527 402 71
5999 523 407 70
6000 539 391 70
6001 552 381 67
6002 562 376 62
6003 579 369 52
6004 569 382 49
6005 556 383 61
6006 559 373 68
6007 565 371 64
6008 595 350 55
6009 598 353 49
6010 610 339 51
6011 608 343 49
6012 618 329 53
6013 598 351 51
6014 581 369 50
6015 556 382 62
6016 582 358 60
6017 568 374 58
6018 547 379 74
6019 537 389 74
6020 529 392 79
6021 522 394 84
6022 534 381 85
6023 523 402 75
6024 539 395 66
6025 559 372 69
6026 562 368 70
6027 576 365 59
6028 570 378 52
6029 573 368 59
6030 555 381 64
6031 527 410 63
6032 526 378 96
6033 509 416 75
6034 524 382 94
6035 537 393 70
6036 525 397 78
6037 544 382 74
6038 550 388 62
6039 523 407 70
6040 514 421 65
6041 535 388 77
6042 549 376 75
6043 552 371 77
6044 552 373 75
6045 571 358 71
6046 578 352 70
6047 564 374 62
6048 593 344 63
6049 571 378 51
6050 576 362 62
6051 599 333 68
6052 582 369 49
6053 589 353 58
6054 599 338 63
6055 592 345 63
6056 599 354 47
6057 592 364 44
6058 568 389 43
6059 582 357 61
6060 576 370 54
6061 611 346 43
6062 609 350 41
6063 615 338 47
6064 609 341 50
6065 613 338 49
6066 619 327 54
6067 620 337 43
6068 629 325 46
6069 630 337 33
6070 647 312 41
6071 637 335 28
6072 660 309 31
6073 635 328 37
6074 647 310 43
6075 612 343 45
6076 575 363 62
6077 572 364 64
6078 578 369 53
6079 582 360 58
6080 615 328 57
6081 588 366 46
6082 596 353 51
6083 601 348 51
6084 597 352 51
6085 622 330 48
6086 638 312 50
6087 612 343 45
6088 622 342 36
6089 636 336 28
6090 653 314 33
6091 637 330 33
6092 620 337 43
6093 644 327 29
6094 668 301 31
6095 689 278 33
6096 659 310 31
6097 665 298 37
6098 671 298 31
6099 686 293 21
6100 714 255 31
6101 715 257 28
6102 708 269 23
6103 728 256 16
6104 708 263 29
6105 691 283 26
6106 690 287 23
6107 685 291 24
6108 708 256 36
6109 699 267 34
6110 698 281 21
6111 678 297 25
6112 676 295 29
6113 661 306 33
6114 652 310 38
6115 653 312 35
6116 677 291 32
6117 682 293 25
6118 682 291 27
6119 693 266 41
6120 681 286 33
6121 680 291 29
6122 668 306 26
6123 693 274 33
6124 689 279 32
6125 695 275 30
6126 673 284 43
6127 625 338 37
6128 644 313 43
6129 625 324 51
6130 597 357 46
6131 595 352 53
6132 630 319 51
6133 639 314 47
6134 644 313 43
6135 654 313 33
6136 644 313 43
6137 632 333 35
6138 617 345 38
6139 629 317 54
6140 638 316 46
6141 643 313 44
6142 632 317 51
6143 622 349 29
6144 655 305 40
6145 639 330 31
6146 638 321 41
6147 612 334 54
6148 591 370 39
6149 599 349 52
6150 600 356 44
6151 608 350 42
6152 651 314 35
6153 646 307 47
6154 643 321 36
6155 664 307 29
6156 671 301 28
6157 704 267 29
6158 700 269 31
6159 709 255 36
6160 710 266 24
6161 708 269 23
6162 688 288 24
6163 699 273 28
6164 728 248 24
6165 736 249 15
6166 741 233 26
6167 723 259 18
6168 715 270 15
6169 710 264 26
6170 721 250 29
6171 721 252 27
6172 716 257 27
6173 717 258 25
6174 733 243 24
6175 701 276 23
6176 730 250 20
6177 723 249 28
6178 720 258 22
6179 707 272 21
6180 703 271 26
6181 681 287 32
6182 694 270 36
6183 701 273 26
6184 708 272 20
6185 681 295 24
6186 665 309 26
6187 667 308 25
6188 654 322 24
6189 682 288 30
6190 662 306 32
6191 685 277 38
6192 699 277 24
6193 708 269 23
6194 685 287 28
6195 656 317 27
6196 681 293 26
6197 687 287 26
6198 675 291 34
6199 678 287 35
6200 683 292 25
6201 670 294 36
6202 691 272 37
6203 679 292 29
6204 700 273 27
6205 707 264 29
6206 709 262 29
6207 687 291 22
6208 696 280 24
6209 697 277 26
6210 695 284 21
6211 706 268 26
6212 699 269 32
6213 704 279 17
6214 686 281 33
6215 674 292 34
6216 692 272 36
6217 674 292 34
6218 671 290 39
6219 668 299 33
6220 659 307 34
6221 682 288 30
6222 684 286 30
6223 685 286 29
6224 679 287 34
6225 674 296 30
6226 679 285 36
6227 651 318 31
6228 648 325 27
6229 662 313 25
6230 674 291 35
6231 664 301 35
6232 684 284 32
6233 672 304 24
6234 651 309 40
6235 660 307 33
6236 678 282 40
6237 661 304 35
6238 656 311 33
6239 653 313 34
6240 657 299 44
6241 643 322 35
6242 615 342 43
6243 622 328 50
6244 596 354 50
6245 605 338 57
6246 590 366 44
6247 603 346 51
6248 589 351 60
6249 586 356 58
6250 599 344 57
6251 609 330 61
6252 583 370 47
6253 583 362 55
6254 590 357 53
6255 606 342 52
6256 597 356 47
6257 631 339 30
6258 661 301 38
6259 668 305 27
6260 645 315 40
6261 639 325 36
6262 649 313 38
6263 645 321 34
6264 663 309 28
6265 703 268 29
6266 698 268 34
6267 683 295 22
6268 680 292 28
6269 667 300 33
6270 671 300 29
6271 674 290 36
6272 664 304 32
6273 620 342 38
6274 636 321 43
6275 623 338 39
6276 631 322 47
6277 634 319 47
6278 639 319 42
6279 636 329 35
6280 630 326 44
6281 625 329 46
6282 630 331 39
6283 629 335 36
6284 656 305 39
6285 648 302 50
6286 624 332 44
6287 634 309 57
6288 640 330 30
6289 655 308 37
6290 640 327 33
6291 683 288 29
6292 690 274 36
6293 656 305 39
6294 683 287 30
6295 685 279 36
6296 681 293 26
6297 675 297 28
6298 667 290 43
6299 697 269 34
6300 697 280 23
6301 665 306 29
6302 670 298 32
6303 661 301 38
6304 648 313 39
6305 643 325 32
6306 662 305 33
6307 668 302 30
6308 667 298 35
6309 682 282 36
6310 693 273 34
6311 660 308 32
6312 659 306 35
6313 636 326 38
6314 646 312 42
6315 626 327 47
6316 664 305 31
6317 660 312 28
6318 663 309 28
6319 655 313 32
6320 676 296 28
6321 661 301 38
6322 658 304 38
6323 657 312 31
6324 642 325 33
6325 662 300 38
6326 641 323 36
6327 617 340 43
6328 623 335 42
6329 653 311 36
6330 677 287 36
6331 668 300 32
6332 655 319 26
6333 690 278 32
6334 702 264 34
6335 671 306 23
6336 690 282 28
6337 692 287 21
6338 705 269 26
6339 696 276 28
6340 706 267 27
6341 681 290 29
6342 680 295 25
6343 682 289 29
6344 694 278 28
6345 699 276 25
6346 707 267 26
6347 694 276 30
6348 669 304 27
6349 648 315 37
6350 637 316 47
6351 632 334 34
6352 622 333 45
6353 629 326 45
6354 606 356 38
6355 623 329 48
6356 618 334 48
6357 630 327 43
6358 638 321 41
6359 634 329 37
6360 644 310 46
6361 616 340 44
6362 607 336 57
6363 598 359 43
6364 543 398 59
6365 537 408 55
6366 559 377 64
6367 579 353 68
6368 588 349 63
6369 602 347 51
6370 611 340 49
6371 624 336 40
6372 647 315 38
6373 611 347 42
6374 604 349 47
6375 607 349 44
6376 599 350 51
6377 597 361 42
6378 586 356 58
6379 596 346 58
6380 573 371 56
6381 551 400 49
6382 544 390 66
6383 538 383 79
6384 523 396 81
6385 542 376 82
6386 536 398 66
6387 550 382 68
6388 553 366 81
6389 532 389 79
6390 513 402 85
6391 522 398 80
6392 540 384 76
6393 544 386 70
6394 541 381 78
6395 543 376 81
6396 532 384 84
6397 539 401 60
6398 549 373 78
6399 565 359 76
6400 535 397 68
6401 567 367 66
6402 552 395 53
6403 521 414 65
6404 523 397 80
6405 516 409 75
6406 531 400 69
6407 550 370 80
6408 540 387 73
6409 540 401 59
6410 567 368 65
6411 547 375 78
6412 517 417 66
6413 505 416 79
6414 533 382 85
6415 493 419 88
6416 500 421 79
6417 513 407 80
6418 528 393 79
6419 523 407 70
6420 545 376 79
6421 566 355 79
6422 558 380 62
6423 552 387 61
6424 549 387 64
6425 570 368 62
6426 570 363 67
6427 571 371 58
6428 542 406 52
6429 549 376 75
6430 538 374 88
6431 524 396 80
6432 519 411 70
6433 525 394 81
6434 534 388 78
6435 525 407 68
6436 542 384 74
6437 540 389 71
6438 526 395 79
6439 540 387 73
6440 534 384 82
6441 539 388 73
6442 531 396 73
6443 544 398 58
6444 533 395 72
6445 557 390 53
6446 582 365 53
6447 560 386 54
6448 578 362 60
6449 567 372 61
6450 564 383 53
6451 609 338 53
6452 613 353 34
6453 601 357 42
6454 606 343 51
6455 596 364 40
6456 611 340 49
6457 600 362 38
6458 609 340 51
6459 626 330 44
6460 647 306 47
6461 658 303 39
6462 633 324 43
6463 635 322 43
6464 621 344 35
6465 615 342 43
6466 621 333 46
6467 627 335 38
6468 634 321 45
6469 648 308 44
6470 630 336 34
6471 615 335 50
6472 602 350 48
6473 599 343 58
6474 592 350 58
6475 581 373 46
6476 571 376 53
6477 566 379 55
6478 586 365 49
6479 582 354 64
6480 603 367 30
6481 613 334 53
6482 612 339 49
6483 608 350 42
6484 612 338 50
6485 641 320 39
6486 639 317 44
6487 633 332 35
6488 652 294 54
6489 658 311 31
6490 657 309 34
6491 674 289 37
6492 688 277 35
6493 698 271 31
6494 715 253 32
6495 685 295 20
6496 705 266 29
6497 717 255 28
6498 688 293 19
6499 675 292 33
6500 675 287 38
6501 664 300 36
6502 656 312 32
6503 648 324 28
6504 669 294 37
6505 656 306 38
6506 641 317 42
6507 630 320 50
6508 610 353 37
6509 601 347 52
6510 588 368 44
6511 576 381 43
6512 588 357 55
6513 578 363 59
6514 581 357 62
6515 560 386 54
6516 531 409 60
6517 553 377 70
6518 593 345 62
6519 586 364 50
6520 577 368 55
6521 557 386 57
6522 523 406 71
6523 529 398 73
6524 518 402 80
6525 526 407 67
6526 532 394 74
6527 531 400 69
6528 536 399 65
6529 540 394 66
6530 524 406 70
6531 529 407 64
6532 548 386 66
6533 529 395 76
6534 538 395 67
6535 527 389 84
6536 490 408 102
6537 484 411 105
6538 466 444 90
6539 447 447 106
6540 441 455 104
6541 472 411 117
6542 459 442 99
6543 506 394 100
6544 487 423 90
6545 496 419 85
6546 502 416 82
6547 521 395 84
6548 513 395 92
6549 513 401 86
6550 539 383 78
6551 541 398 61
6552 543 388 69
6553 547 398 55
6554 543 388 69
6555 542 393 65
6556 540 395 65
6557 521 400 79
6558 506 417 77
6559 520 399 81
6560 526 389 85
6561 522 395 83
6562 535 392 73
6563 526 400 74
6564 528 403 69
6565 541 404 55
6566 547 384 69
6567 552 378 70
6568 542 395 63
6569 542 392 66
6570 555 378 67
6571 542 387 71
6572 557 392 51
6573 557 364 79
6574 526 409 65
6575 572 354 74
6576 546 387 67
6577 575 366 59
6578 578 375 47
6579 574 376 50
6580 568 373 59
6581 599 347 54
6582 618 342 40
6583 635 315 50
6584 632 320 48
6585 607 349 44
6586 612 345 43
6587 598 355 47
6588 618 335 47
6589 587 358 55
6590 593 362 45
6591 599 348 53
6592 588 357 55
6593 610 350 40
6594 639 317 44
6595 632 330 38
6596 649 312 39
6597 675 281 44
6598 661 306 33
6599 659 293 48
6600 636 327 37
6601 648 306 46
6602 649 318 33
6603 636 322 42
6604 662 295 43
6605 646 319 35
6606 626 326 48
6607 612 343 45
6608 630 334 36
6609 643 317 40
6610 637 328 35
6611 669 298 33
6612 667 292 41
6613 679 294 27
6614 701 268 31
6615 684 286 30
6616 665 311 24
6617 667 299 34
6618 652 318 30
6619 680 279 41
6620 674 293 33
6621 658 303 39
6622 663 302 35
6623 678 287 35
6624 670 286 44
6625 664 307 29
6626 634 335 31
6627 618 336 46
6628 597 363 40
6629 605 347 48
6630 618 333 49
6631 630 332 38
6632 607 338 55
6633 615 337 48
6634 600 344 56
6635 587 358 55
6636 613 346 41
6637 597 351 52
6638 621 320 59
6639 624 327 49
6640 620 340 40
6641 606 348 46
6642 610 347 43
6643 618 337 45
6644 590 360 50
6645 580 367 53
6646 579 365 56
6647 573 364 63
6648 578 370 52
6649 608 342 50
6650 619 334 47
6651 630 326 44
6652 637 317 46
6653 643 321 36
6654 627 334 39
6655 608 361 31
6656 614 335 51
6657 598 355 47
6658 586 362 52
6659 601 347 52
6660 622 332 46
6661 645 310 45
6662 648 313 39
6663 647 316 37
6664 640 306 54
6665 642 310 48
6666 623 336 41
6667 628 334 38
6668 619 328 53
6669 595 347 58
6670 564 367 69
6671 560 368 72
6672 542 386 72
6673 527 395 78
6674 514 404 82
6675 484 424 92
6676 487 429 84
6677 523 389 88
6678 495 424 81
6679 496 411 93
6680 509 388 103
6681 486 422 92
6682 490 412 98
6683 468 435 97
6684 493 409 98
6685 504 387 109
6686 468 434 98
6687 466 445 89
6688 479 442 79
6689 482 420 98
6690 472 436 92
6691 464 435 101
6692 460 454 86
6693 500 410 90
6694 519 399 82
6695 541 407 52
6696 554 384 62
6697 554 379 67
6698 542 394 64
6699 525 404 71
6700 520 393 87
6701 538 387 75
6702 552 365 83
6703 544 388 68
6704 543 399 58
6705 537 396 67
6706 543 388 69
6707 548 380 72
6708 555 376 69
6709 531 390 79
6710 538 397 65
6711 571 362 67
6712 554 383 63
6713 556 372 72
6714 544 387 69
6715 543 394 63
6716 587 350 63
6717 576 373 51
6718 586 371 43
6719 571 368 61
6720 552 393 55
6721 549 391 60
6722 531 408 61
6723 536 389 75
6724 522 413 65
6725 509 421 70
6726 527 392 81
6727 497 427 76
6728 506 417 77
6729 498 413 89
6730 525 400 75
6731 526 390 84
6732 504 409 87
6733 502 415 83
6734 510 402 88
6735 517 396 87
6736 506 413 81
6737 504 405 91
6738 480 414 106
6739 470 442 88
6740 495 408 97
6741 486 419 95
6742 465 430 105
6743 432 462 106
6744 435 446 119
6745 422 471 107
6746 451 448 101
6747 447 440 113
6748 434 453 113
6749 450 434 116
6750 440 432 128
6751 441 457 102
6752 445 449 106
6753 441 451 108
6754 467 433 100
6755 471 435 94
6756 492 422 86
6757 494 428 78
6758 504 412 84
6759 509 394 97
6760 510 409 81
6761 527 400 73
6762 527 382 91
6763 510 419 71
6764 492 424 84
6765 485 426 89
6766 477 430 93
6767 497 410 93
6768 480 438 82
6769 498 411 91
6770 514 403 83
6771 492 428 80
6772 472 448 80
6773 495 408 97
6774 473 446 81
6775 501 418 81
6776 513 411 76
6777 515 398 87
6778 505 417 78
6779 501 416 83
6780 506 396 98
6781 516 398 86
6782 514 410 76
6783 521 413 66
6784 537 404 59
6785 563 381 56
6786 566 378 56
6787 571 367 62
6788 559 384 57
6789 581 367 52
6790 604 343 53
6791 617 345 38
6792 599 355 46
6793 607 343 50
6794 607 336 57
6795 575 368 57
6796 575 357 68
6797 587 359 54
6798 566 374 60
6799 582 357 61
6800 573 367 60
6801 544 385 71
6802 547 386 67
6803 545 392 63
6804 550 386 64
6805 543 386 71
6806 537 382 81
6807 517 404 79
6808 517 410 73
6809 510 398 92
6810 497 423 80
6811 466 433 101
6812 463 452 85
6813 503 417 80
6814 502 408 90
6815 486 423 91
6816 499 420 81
6817 510 415 75
6818 555 368 77
6819 536 394 70
6820 527 409 64
6821 516 420 64
6822 496 420 84
6823 486 427 87
6824 493 411 96
6825 485 412 103
6826 478 417 105
6827 450 447 103
6828 461 449 90
6829 486 423 91
6830 496 413 91
6831 482 429 89
6832 497 407 96
6833 500 425 75
6834 486 427 87
6835 506 417 77
6836 500 410 90
6837 493 420 87
6838 481 435 84
6839 494 423 83
6840 486 426 88
6841 466 436 98
6842 471 432 97
6843 483 423 94
6844 485 433 82
6845 493 421 86
6846 494 423 83
6847 505 403 92
6848 506 410 84
6849 514 404 82
6850 508 410 82
6851 509 404 87
6852 497 425 78
6853 529 401 70
6854 543 369 88
6855 499 417 84
6856 498 406 96
6857 495 417 88
6858 512 419 69
6859 508 416 76
6860 522 389 89
6861 524 395 81
6862 539 404 57
6863 551 369 80
6864 548 393 59
6865 537 390 73
6866 555 374 71
6867 549 392 59
6868 524 420 56
6869 521 412 67
6870 533 394 73
6871 521 409 70
6872 505 411 84
6873 546 375 79
6874 529 401 70
6875 538 390 72
6876 531 379 90
6877 537 393 70
6878 524 400 76
6879 540 388 72
6880 563 369 68
6881 589 338 73
6882 553 376 71
6883 565 374 61
6884 558 373 69
6885 559 380 61
6886 548 384 68
6887 557 375 68
6888 546 380 74
6889 529 381 90
6890 543 393 64
6891 581 362 57
6892 557 386 57
6893 565 390 45
6894 555 389 56
6895 579 358 63
6896 600 348 52
6897 607 351 42
6898 611 342 47
6899 630 332 38
6900 611 350 39
6901 593 356 51
6902 598 352 50
6903 636 312 52
6904 643 312 45
6905 658 300 42
6906 641 317 42
6907 644 313 43
6908 676 288 36
6909 682 287 31
6910 683 286 31
6911 697 272 31
6912 710 261 29
6913 709 269 22
6914 708 267 25
6915 685 295 20
6916 687 281 32
6917 669 288 43
6918 679 297 24
6919 693 279 28
6920 694 278 28
6921 689 283 28
6922 677 284 39
6923 661 302 37
6924 681 278 41
6925 669 299 32
6926 678 286 36
6927 686 279 35
6928 653 318 29
6929 630 331 39
6930 639 321 40
6931 635 323 42
6932 633 331 36
6933 630 336 34
6934 662 301 37
6935 672 295 33
6936 632 336 32
6937 623 339 38
6938 608 358 34
6939 650 303 47
6940 657 294 49
6941 657 312 31
6942 667 290 43
6943 647 313 40
6944 597 368 35
6945 626 325 49
6946 629 333 38
6947 640 331 29
6948 622 340 38
6949 637 324 39
6950 614 342 44
6951 614 347 39
6952 626 342 32
6953 641 319 40
6954 659 304 37
6955 667 292 41
6956 687 271 42
6957 668 308 24
6958 662 304 34
6959 680 286 34
6960 689 280 31
6961 685 290 25
6962 667 300 33
6963 663 301 36
6964 676 290 34
6965 684 284 32
6966 669 304 27
6967 680 296 24
6968 685 288 27
6969 667 298 35
6970 654 309 37
6971 649 306 45
6972 641 323 36
6973 616 334 50
6974 611 351 38
6975 631 330 39
6976 621 330 49
6977 611 340 49
6978 610 345 45
6979 618 342 40
6980 648 303 49
6981 634 327 39
6982 653 311 36
6983 651 315 34
6984 649 309 42
6985 641 312 47
6986 637 325 38
6987 618 331 51
6988 588 362 50
6989 564 376 60
6990 536 393 71
6991 557 381 62
6992 517 414 69
6993 532 401 67
6994 540 395 65
6995 532 373 95
6996 506 414 80
6997 515 405 80
6998 524 387 89
6999 541 387 72
7000 517 418 65
7001 545 397 58
7002 557 362 81
7003 531 392 77
7004 529 381 90
7005 519 411 70
7006 523 397 80
7007 552 382 66
7008 538 396 66
7009 554 381 65
7010 559 374 67
7011 553 378 69
7012 560 381 59
7013 590 354 56
7014 587 353 60
7015 586 360 54
7016 564 385 51
7017 550 370 80
7018 536 397 67
7019 554 376 70
7020 551 377 72
7021 593 352 55
7022 564 382 54
7023 570 369 61
7024 558 381 61
7025 566 365 69
7026 561 377 62
7027 591 348 61
7028 593 354 53
7029 602 356 42
7030 605 342 53
7031 610 344 46
7032 645 307 48
7033 612 337 51
7034 631 321 48
7035 629 323 48
7036 613 339 48
7037 599 356 45
7038 580 375 45
7039 604 342 54
7040 602 331 67
7041 553 394 53
7042 570 376 54
7043 578 357 65
7044 548 389 63
7045 563 383 54
7046 590 361 49
7047 603 350 47
7048 611 327 62
7049 623 332 45
7050 626 334 40
7051 651 312 37
7052 623 334 43
7053 613 332 55
7054 611 339 50
7055 628 324 48
7056 604 350 46
7057 609 350 41
7058 607 348 45
7059 604 352 44
7060 591 358 51
7061 584 359 57
7062 566 375 59
7063 574 369 57
7064 582 359 59
7065 565 372 63
7066 560 371 69
7067 550 395 55
7068 560 380 60
7069 576 374 50
7070 589 360 51
7071 640 317 43
7072 655 308 37
7073 659 300 41
7074 672 299 29
7075 689 286 25
7076 697 272 31
7077 691 274 35
7078 684 294 22
7079 713 261 26
7080 730 254 16
7081 728 258 14
7082 756 227 17
7083 741 234 25
7084 739 247 14
7085 766 219 15
7086 760 217 23
7087 782 202 16
7088 790 197 13
7089 772 216 12
7090 761 222 17
7091 758 223 19
7092 763 218 19
7093 758 229 13
7094 748 236 16
7095 740 244 16
7096 761 223 16
7097 745 232 23
7098 748 228 24
7099 740 241 19
7100 755 226 19
7101 782 201 17
7102 781 204 15
7103 780 204 16
7104 765 217 18
7105 767 216 17
7106 785 202 13
7107 775 205 20
7108 745 236 19
7109 749 234 17
7110 748 235 17
7111 752 229 19
7112 743 240 17
7113 745 230 25
7114 726 257 17
7115 729 244 27
7116 742 245 13
7117 730 244 26
7118 733 248 19
7119 726 246 28
7120 718 262 20
7121 695 285 20
7122 670 298 32
7123 639 327 34
7124 645 330 25
7125 659 321 20
7126 661 299 40
7127 652 303 45
7128 637 329 34
7129 666 305 29
7130 660 298 42
7131 670 297 33
7132 681 289 30
7133 685 269 46
7134 703 264 33
7135 678 292 30
7136 654 311 35
7137 648 308 44
7138 616 343 41
7139 605 352 43
7140 582 369 49
7141 576 369 55
7142 567 365 68
7143 547 393 60
7144 552 381 67
7145 558 383 59
7146 575 357 68
7147 565 377 58
7148 554 386 60
7149 579 356 65
7150 601 342 57
7151 600 347 53
7152 624 340 36
7153 634 319 47
7154 629 325 46
7155 618 344 38
7156 638 328 34
7157 657 315 28
7158 654 311 35
7159 661 316 23
7160 648 318 34
7161 674 298 28
7162 665 308 27
7163 668 290 42
7164 685 284 31
7165 703 286 11
7166 687 282 31
7167 683 292 25
7168 701 262 37
7169 685 285 30
7170 680 293 27
7171 683 288 29
7172 671 307 22
7173 677 289 34
7174 645 323 32
7175 637 332 31
7176 657 307 36
7177 666 303 31
7178 657 307 36
7179 669 294 37
7180 665 311 24
7181 661 310 29
7182 677 289 34
7183 669 302 29
7184 656 311 33
7185 659 311 30
7186 694 277 29
7187 691 277 32
7188 685 291 24
7189 663 292 45
7190 658 304 38
7191 645 317 38
7192 640 325 35
7193 635 319 46
7194 635 329 36
7195 630 333 37
7196 637 328 35
7197 626 327 47
7198 630 319 51
7199 633 316 51
7200 633 336 31
7201 620 337 43
7202 605 343 52
7203 610 339 51
7204 600 355 45
7205 600 359 41
7206 621 331 48
7207 608 354 38
7208 596 358 46
7209 600 357 43
7210 626 333 41
7211 619 339 42
7212 640 313 47
7213 603 344 53
7214 584 360 56
7215 572 365 63
7216 565 382 53
7217 553 391 56
7218 580 353 67
7219 557 377 66
7220 562 376 62
7221 568 361 71
7222 565 375 60
7223 557 395 48
7224 584 360 56
7225 591 362 47
7226 618 330 52
7227 580 374 46
7228 586 362 52
7229 606 346 48
7230 618 323 59
7231 603 349 48
7232 611 338 51
7233 590 367 43
7234 616 343 41
7235 644 317 39
7236 628 338 34
7237 612 339 49
7238 619 341 40
7239 629 319 52
7240 608 351 41
7241 623 327 50
7242 629 328 43
7243 648 304 48
7244 648 310 42
7245 658 301 41
7246 672 283 45
7247 673 294 33
7248 666 298 36
7249 644 316 40
7250 623 336 41
7251 638 318 44
7252 635 325 40
7253 621 341 38
7254 627 330 43
7255 624 324 52
7256 610 329 61
7257 618 338 44
7258 615 348 37
7259 620 334 46
7260 586 369 45
7261 576 377 47
7262 588 353 59
7263 593 370 37
7264 610 333 57
7265 615 337 48
7266 629 323 48
7267 639 318 43
7268 622 331 47
7269 605 354 41
7270 602 349 49
7271 622 330 48
7272 625 330 45
7273 605 336 59
7274 612 348 40
7275 625 332 43
7276 647 296 57
7277 642 320 38
7278 653 307 40
7279 642 320 38
7280 618 353 29
7281 637 328 35
7282 632 331 37
7283 643 325 32
7284 664 301 35
7285 668 302 30
7286 670 296 34
7287 676 285 39
7288 661 306 33
7289 651 311 38
7290 635 315 50
7291 625 328 47
7292 618 348 34
7293 608 344 48
7294 601 349 50
7295 572 372 56
7296 569 376 55
7297 557 392 51
7298 564 368 68
7299 578 359 63
7300 584 365 51
7301 591 371 38
7302 575 376 49
7303 578 362 60
7304 569 367 64
7305 507 429 64
7306 512 395 93
7307 478 434 88
7308 479 433 88
7309 475 435 90
7310 457 450 93
7311 458 426 116
7312 468 429 103
7313 471 425 104
7314 473 428 99
7315 466 440 94
7316 453 449 98
7317 477 425 98
7318 462 453 85
7319 464 441 95
7320 486 420 94
7321 456 455 89
7322 467 428 105
7323 477 422 101
7324 473 427 100
7325 449 455 96
7326 449 449 102
7327 464 418 118
7328 437 467 96
7329 445 447 108
7330 447 425 128
7331 399 480 121
7332 392 486 122
7333 391 464 145
7334 428 450 122
7335 394 475 131
7336 412 465 123
7337 433 462 105
7338 444 463 93
7339 451 450 99
7340 441 457 102
7341 474 435 91
7342 486 433 81
7343 498 412 90
7344 500 411 89
7345 510 398 92
7346 526 392 82
7347 536 399 65
7348 540 395 65
7349 550 364 86
7350 540 390 70
7351 532 404 64
7352 531 395 74
7353 552 378 70
7354 569 369 62
7355 574 363 63
7356 565 377 58
7357 565 381 54
7358 541 398 61
7359 571 364 65
7360 583 349 68
7361 560 374 66
7362 547 391 62
7363 550 373 77
7364 548 392 60
7365 554 381 65
7366 564 366 70
7367 549 385 66
7368 538 398 64
7369 557 381 62
7370 585 351 64
7371 542 389 69
7372 527 404 69
7373 541 373 86
7374 531 399 70
7375 523 413 64
7376 535 393 72
7377 554 371 75
7378 585 359 56
7379 576 360 64
7380 564 365 71
7381 548 382 70
7382 554 397 49
7383 560 369 71
7384 567 373 60
7385 563 371 66
7386 538 392 70
7387 516 414 70
7388 513 408 79
7389 516 398 86
7390 506 427 67
7391 506 421 73
7392 520 406 74
7393 535 385 80
7394 528 397 75
7395 489 435 76
7396 500 410 90
7397 510 398 92
7398 494 414 92
7399 515 407 78
7400 513 404 83
7401 511 406 83
7402 492 423 85
7403 475 417 108
7404 433 459 108
7405 451 443 106
7406 457 432 111
7407 469 422 109
7408 467 424 109
7409 487 418 95
7410 479 424 97
7411 494 413 93
7412 514 405 81
7413 496 423 81
7414 484 418 98
7415 508 410 82
7416 477 445 78
7417 494 404 102
7418 485 423 92
7419 496 409 95
7420 493 412 95
7421 494 427 79
7422 489 437 74
7423 498 417 85
7424 492 411 97
7425 506 385 109
7426 490 429 81
7427 483 427 90
7428 505 394 101
7429 503 420 77
7430 518 408 74
7431 494 416 90
7432 495 406 99
7433 493 420 87
7434 509 408 83
7435 518 395 87
7436 522 390 88
7437 524 400 76
7438 551 372 77
7439 574 359 67
7440 544 391 65
7441 546 396 58
7442 521 401 78
7443 543 379 78
7444 518 412 70
7445 537 369 94
7446 523 401 76
7447 545 388 67
7448 547 380 73
7449 531 392 77
7450 542 397 61
7451 547 385 68
7452 544 382 74
7453 515 422 63
7454 536 396 68
7455 529 396 75
7456 546 390 64
7457 531 400 69
7458 561 370 69
7459 547 395 58
7460 545 390 65
7461 545 381 74
7462 525 403 72
7463 520 395 85
7464 529 387 84
7465 540 386 74
7466 518 404 78
7467 515 409 76
7468 538 381 81
7469 544 389 67
7470 565 372 63
7471 582 369 49
7472 595 345 60
7473 592 353 55
7474 579 359 62
7475 583 359 58
7476 585 347 68
7477 589 352 59
7478 613 329 58
7479 595 344 61
7480 588 358 54
7481 594 346 60
7482 592 353 55
7483 593 343 64
7484 596 364 40
7485 621 335 44
7486 626 327 47
7487 616 335 49
7488 592 367 41
7489 594 366 40
7490 625 321 54
7491 592 368 40
7492 599 341 60
7493 596 353 51
7494 580 356 64
7495 572 381 47
7496 589 365 46
7497 613 319 68
7498 584 365 51
7499 595 358 47
7500 611 345 44
7501 633 311 56
7502 623 324 53
7503 575 354 71
7504 592 351 57
7505 559 369 72
7506 535 404 61
7507 519 407 74
7508 523 391 86
7509 492 425 83
7510 508 403 89
7511 498 409 93
7512 504 424 72
7513 525 395 80
7514 543 386 71
7515 560 360 80
7516 544 393 63
7517 560 383 57
7518 542 401 57
7519 570 364 66
7520 591 348 61
7521 570 374 56
7522 576 364 60
7523 531 409 60
7524 532 394 74
7525 522 397 81
7526 524 417 59
7527 544 393 63
7528 544 393 63
7529 525 420 55
7530 527 399 74
7531 517 410 73
7532 508 412 80
7533 522 407 71
7534 527 390 83
7535 512 406 82
7536 514 405 81
7537 529 383 88
7538 539 386 75
7539 548 391 61
7540 517 396 87
7541 507 421 72
7542 532 390 78
7543 537 399 64
7544 546 377 77
7545 518 409 73
7546 528 398 74
7547 544 377 79
7548 564 368 68
7549 575 354 71
7550 548 389 63
7551 541 390 69
7552 570 364 66
7553 588 354 58
7554 588 354 58
7555 608 345 47
7556 641 317 42
7557 625 335 40
7558 610 346 44
7559 608 347 45
7560 591 363 46
7561 574 369 57
7562 582 345 73
7563 578 368 54
7564 581 362 57
7565 560 376 64
7566 560 387 53
7567 567 378 55
7568 542 389 69
7569 536 386 78
7570 545 391 64
7571 572 360 68
7572 535 404 61
7573 538 386 76
7574 537 397 66
7575 514 406 80
7576 502 422 76
7577 495 416 89
7578 514 407 79
7579 499 425 76
7580 512 409 79
7581 501 421 78
7582 505 412 83
7583 491 426 83
7584 523 397 80
7585 529 381 90
7586 506 410 84
7587 520 397 83
7588 507 416 77
7589 465 449 86
7590 496 417 87
7591 498 421 81
7592 521 397 82
7593 496 414 90
7594 493 413 94
7595 494 415 91
7596 456 452 92
7597 470 443 87
7598 466 446 88
7599 491 409 100
7600 464 441 95
7601 459 444 97
7602 439 442 119
7603 420 454 126
7604 402 490 108
7605 411 475 114
7606 433 438 129
7607 414 477 109
7608 402 466 132
7609 413 448 139
7610 405 458 137
7611 406 463 131
7612 433 438 129
7613 428 448 124
7614 422 462 116
7615 418 474 108
7616 409 482 109
7617 436 453 111
7618 448 439 113
7619 445 465 90
7620 433 473 94
7621 455 444 101
7622 444 441 115
7623 448 446 106
7624 461 434 105
7625 436 459 105
7626 470 436 94
7627 486 402 112
7628 463 431 106
7629 455 444 101
7630 457 446 97
7631 472 421 107
7632 441 457 102
7633 445 429 126
7634 427 467 106
7635 432 471 97
7636 460 427 113
7637 452 453 95
7638 491 424 85
7639 491 426 83
7640 539 387 74
7641 529 388 83
7642 524 406 70
7643 520 411 69
7644 524 404 72
7645 513 421 66
7646 489 429 82
7647 467 434 99
7648 486 418 96
7649 484 415 101
7650 474 434 92
7651 515 419 66
7652 504 425 71
7653 528 391 81
7654 531 388 81
7655 547 371 82
7656 523 411 66
7657 544 375 81
7658 571 371 58
7659 576 373 51
7660 583 364 53
7661 604 342 54
7662 598 342 60
7663 580 365 55
7664 606 342 52
7665 609 342 49
7666 620 333 47
7667 611 351 38
7668 619 330 51
7669 580 371 49
7670 581 359 60
7671 560 395 45
7672 572 366 62
7673 568 375 57
7674 563 378 59
7675 560 383 57
7676 535 394 71
7677 516 410 74
7678 541 392 67
7679 541 377 82
7680 542 386 72
7681 527 384 89
7682 498 421 81
7683 486 439 75
7684 486 419 95
7685 480 426 94
7686 460 433 107
7687 470 452 78
7688 461 446 93
7689 494 424 82
7690 497 413 90
7691 480 430 90
7692 506 406 88
7693 477 425 98
7694 481 414 105
7695 469 412 119
7696 432 464 104
7697 448 459 93
7698 476 426 98
7699 478 429 93
7700 505 420 75
7701 518 419 63
7702 524 406 70
7703 528 400 72
7704 527 398 75
7705 565 362 73
7706 575 365 60
7707 604 335 61
7708 603 344 53
7709 594 367 39
7710 616 341 43
7711 627 340 33
7712 637 322 41
7713 637 320 43
7714 626 330 44
7715 638 321 41
7716 653 315 32
7717 640 321 39
7718 638 319 43
7719 620 329 51
7720 608 341 51
7721 610 330 60
7722 618 333 49
7723 614 341 45
7724 610 331 59
7725 627 326 47
7726 636 318 46
7727 650 310 40
7728 633 338 29
7729 662 300 38
7730 648 310 42
7731 641 316 43
7732 638 336 26
7733 634 324 42
7734 626 340 34
7735 622 323 55
7736 621 329 50
7737 602 350 48
7738 625 329 46
7739 582 366 52
7740 557 367 76
7741 535 398 67
7742 549 384 67
7743 558 380 62
7744 574 366 60
7745 571 365 64
7746 568 378 54
7747 604 354 42
7748 620 340 40
7749 617 339 44
7750 630 330 40
7751 613 338 49
7752 580 361 59
7753 573 352 75
7754 571 374 55
7755 593 349 58
7756 615 337 48
7757 607 345 48
7758 586 366 48
7759 578 351 71
7760 588 368 44
7761 586 358 56
7762 584 357 59
7763 562 367 71
7764 520 407 73
7765 524 393 83
7766 489 422 89
7767 487 424 89
7768 478 435 87
7769 486 417 97
7770 478 414 108
7771 468 448 84
7772 462 427 111
7773 479 415 106
7774 455 432 113
7775 440 450 110
7776 431 452 117
7777 431 436 133
7778 453 433 114
7779 433 459 108
7780 418 472 110
7781 458 441 101
7782 462 443 95
7783 463 451 86
7784 446 453 101
7785 432 452 116
7786 420 454 126
7787 415 464 121
7788 405 491 104
7789 470 417 113
7790 450 438 112
7791 446 439 115
7792 457 445 98
7793 443 460 97
7794 480 431 89
7795 496 411 93
7796 506 403 91
7797 475 436 89
7798 466 429 105
7799 470 429 101
7800 453 460 87
7801 489 403 108
7802 490 425 85
7803 484 418 98
7804 471 441 88
7805 485 423 92
7806 485 424 91
7807 491 406 103
7808 482 427 91
7809 484 430 86
7810 481 427 92
7811 479 438 83
7812 469 425 106
7813 468 440 92
7814 471 423 106
7815 464 434 102
7816 466 442 92
7817 458 434 108
7818 470 425 105
7819 498 390 112
7820 504 411 85
7821 494 407 99
7822 507 374 119
7823 509 398 93
7824 522 389 89
7825 509 413 78
7826 521 390 89
7827 492 423 85
7828 513 398 89
7829 539 393 68
7830 546 378 76
7831 540 392 68
7832 558 382 60
7833 535 398 67
7834 558 376 66
7835 516 413 71
7836 523 392 85
7837 540 382 78
7838 505 420 75
7839 517 400 83
7840 509 393 98
7841 525 394 81
7842 533 387 80
7843 541 380 79
7844 515 408 77
7845 532 381 87
7846 500 403 97
7847 465 449 86
7848 464 436 100
7849 456 446 98
7850 475 435 90
7851 474 430 96
7852 488 419 93
7853 461 439 100
7854 483 425 92
7855 505 416 79
7856 526 397 77
7857 545 395 60
7858 525 401 74
7859 518 398 84
7860 519 402 79
7861 531 414 55
7862 525 402 73
7863 537 408 55
7864 521 418 61
7865 526 399 75
7866 515 407 78
7867 518 398 84
7868 524 390 86
7869 521 399 80
7870 509 401 90
7871 506 412 82
7872 512 398 90
7873 507 392 101
7874 488 411 101
7875 486 420 94
7876 509 414 77
7877 543 391 66
7878 523 408 69
7879 548 378 74
7880 556 372 72
7881 547 387 66
7882 556 368 76
7883 545 379 76
7884 538 391 71
7885 544 383 73
7886 536 388 76
7887 509 406 85
7888 495 424 81
7889 524 399 77
7890 518 395 87
7891 494 421 85
7892 510 395 95
7893 491 427 82
7894 535 388 77
7895 531 387 82
7896 525 402 73
7897 497 412 91
7898 503 403 94
7899 527 387 86
7900 494 411 95
7901 499 416 85
7902 519 406 75
7903 509 406 85
7904 526 399 75
7905 528 397 75
7906 530 398 72
7907 551 390 59
7908 561 359 80
7909 561 364 75
7910 563 377 60
7911 570 362 68
7912 570 368 62
7913 574 374 52
7914 564 369 67
7915 533 398 69
7916 540 379 81
7917 533 403 64
7918 528 413 59
7919 537 412 51
7920 562 375 63
7921 565 359 76
7922 555 379 66
7923 533 391 76
7924 564 365 71
7925 581 355 64
7926 597 346 57
7927 600 357 43
7928 615 347 38
7929 615 340 45
7930 635 310 55
7931 617 339 44
7932 613 351 36
7933 611 336 53
7934 604 347 49
7935 628 330 42
7936 649 314 37
7937 650 306 44
7938 675 289 36
7939 650 308 42
7940 627 328 45
7941 587 368 45
7942 585 356 59
7943 596 354 50
7944 605 342 53
7945 611 329 60
7946 597 356 47
7947 614 328 58
7948 591 360 49
7949 584 369 47
7950 585 347 68
7951 567 359 74
7952 573 352 75
7953 543 389 68
7954 539 399 62
7955 524 395 81
7956 515 423 62
7957 522 397 81
7958 522 398 80
7959 522 400 78
7960 548 371 81
7961 514 419 67
7962 535 395 70
7963 540 383 77
7964 545 401 54
7965 538 401 61
7966 583 360 57
7967 614 336 50
7968 611 347 42
7969 616 341 43
7970 604 350 46
7971 615 343 42
7972 608 339 53
7973 611 341 48
7974 590 366 44
7975 609 341 50
7976 631 326 43
7977 624 338 38
7978 634 329 37
7979 656 304 40
7980 661 294 45
7981 662 289 49
7982 654 300 46
7983 645 314 41
7984 652 313 35
7985 657 312 31
7986 658 311 31
7987 661 309 30
7988 679 282 39
7989 675 305 20
7990 685 285 30
7991 701 266 33
7992 720 251 29
7993 692 277 31
7994 684 287 29
7995 665 309 26
7996 685 286 29
7997 644 328 28
7998 650 320 30
7999 666 303 31
8000 663 303 34
